#
# A fatal error has been detected by the Java Runtime Environment:
#
#  Internal Error (jvmciRuntime.cpp:1609), pid=28, tid=42
#  fatal error: Fatal exception in JVMCI: Error calling jdk.vm.ci.services.Services.serializeSavedProperties
#
# JRE version: OpenJDK Runtime Environment GraalVM CE 22.3.0 (17.0.5+8) (build 17.0.5+8-jvmci-22.3-b08)
# Java VM: OpenJDK 64-Bit Server VM GraalVM CE 22.3.0 (17.0.5+8-jvmci-22.3-b08, mixed mode, sharing, tiered, jvmci, jvmci compiler, compressed oops, compressed class ptrs, parallel gc, linux-amd64)
# Problematic frame:
# V  [libjvm.so+0x972714]  JVMCIRuntime::fatal_exception(JVMCIEnv*, char const*)+0x74
#
# Core dump will be written. Default location: Core dumps may be processed with "/usr/share/apport/apport -p%p -s%s -c%c -d%d -P%P -u%u -g%g -- %E" (or dumping to /home/runner/VirtualLibrary/core.28)
#
# If you would like to submit a bug report, please visit:
#   https://github.com/oracle/graal/issues
#

---------------  S U M M A R Y ------------

Command Line: -XX:ThreadPriorityPolicy=1 -XX:+UnlockExperimentalVMOptions -XX:+EnableJVMCIProduct -XX:JVMCIThreadsPerNativeLibraryRuntime=1 -XX:-UnlockExperimentalVMOptions -Declipse.application=org.eclipse.jdt.ls.core.id1 -Dosgi.bundles.defaultStartLevel=4 -Declipse.product=org.eclipse.jdt.ls.core.product -Dlog.level=ALL -Xverify:none -XX:+UseParallelGC -XX:GCTimeRatio=4 -XX:AdaptiveSizePolicyWeight=90 -Dsun.zip.disableMemoryMapping=true -Xmx512m -Xms100m /nix/store/m6gcpi1ii6rghy04cjwjddcavv7i90df-jdt-language-server-1.9.0/share/java/plugins/org.eclipse.equinox.launcher_1.6.400.v20210924-0641.jar --add-modules=ALL-SYSTEM --add-opens java.base/java.util=ALL-UNNAMED --add-opens java.base/java.lang=ALL-UNNAMED -configuration /home/runner/.cache/jdt-language-server/config -data /home/runner/.cache/jdt-language-server/data/home/runner/VirtualLibrary

Host: AMD EPYC 7B12, 8 cores, 1G, Ubuntu 20.04.2 LTS
Time: Mon May 15 18:46:55 2023 UTC elapsed time: 1314.697981 seconds (0d 0h 21m 54s)

---------------  T H R E A D  ---------------

Current thread (0x00007f9af40b2210):  JavaThread "JVMCI-native CompilerThread0" daemon [_thread_in_vm, id=42, stack(0x00007f9ad9c48000,0x00007f9ad9e48000)]


Current CompileTask:
JVMCI-native:1314698 11465 %s    4       java.util.Hashtable::putAll @ 12 (52 bytes)

Stack: [0x00007f9ad9c48000,0x00007f9ad9e48000],  sp=0x00007f9ad9e46380,  free space=2040k
Native frames: (J=compiled Java code, j=interpreted, Vv=VM code, C=native code)
V  [libjvm.so+0x972714]  JVMCIRuntime::fatal_exception(JVMCIEnv*, char const*)+0x74
V  [libjvm.so+0x93e2fe]  JVMCIEnv::copy_saved_properties()+0x14e
V  [libjvm.so+0x9732a9]  JVMCIRuntime::initialize(JVMCIEnv*)+0xb19
V  [libjvm.so+0x9738a2]  JVMCIRuntime::get_HotSpotJVMCIRuntime(JVMCIEnv*)+0x12
V  [libjvm.so+0x9749f2]  JVMCIRuntime::compile_method(JVMCIEnv*, JVMCICompiler*, methodHandle const&, int)+0xd2
V  [libjvm.so+0x5b0d20]  CompileBroker::invoke_compiler_on_method(CompileTask*)+0x1470
V  [libjvm.so+0x5b12e8]  CompileBroker::compiler_thread_loop()+0x528
V  [libjvm.so+0xd82460]  JavaThread::thread_main_inner()+0xd0
V  [libjvm.so+0xd85a40]  Thread::call_run()+0xc0
V  [libjvm.so+0xbdb1e1]  thread_native_entry(Thread*)+0xe1

Register to memory mapping:

RAX=0x00007f9af9923000 points into unknown readable memory: 0x0000000000000058 | 58 00 00 00 00 00 00 00
RBX=0x00007f9afaa1e398: <offset 0x0000000000ef5398> in /nix/store/gpxl5qgg8kicmcvivwmybwjlpf7wh20l-graalvm17-ce-22.3.0/lib/server/libjvm.so at 0x00007f9af9b29000
RCX=0x00007f9afa9d61e8: <offset 0x0000000000ead1e8> in /nix/store/gpxl5qgg8kicmcvivwmybwjlpf7wh20l-graalvm17-ce-22.3.0/lib/server/libjvm.so at 0x00007f9af9b29000
RDX=0x0000000000000649 is an unknown value
RSP=0x00007f9ad9e46380 is pointing into the stack for thread: 0x00007f9af40b2210
RBP=0x00007f9ad9e463a0 is pointing into the stack for thread: 0x00007f9af40b2210
RSI=0x00007f9afaa1ec48: <offset 0x0000000000ef5c48> in /nix/store/gpxl5qgg8kicmcvivwmybwjlpf7wh20l-graalvm17-ce-22.3.0/lib/server/libjvm.so at 0x00007f9af9b29000
RDI=0x00000000e0000000 is an oop: [Ljava.security.cert.Certificate; 
{0x00000000e0000000} - klass: 'java/security/cert/Certificate'[]
 - length: 3
R8 =0x00007f9afaa1e398: <offset 0x0000000000ef5398> in /nix/store/gpxl5qgg8kicmcvivwmybwjlpf7wh20l-graalvm17-ce-22.3.0/lib/server/libjvm.so at 0x00007f9af9b29000
R9 =0x0000000000000003 is an unknown value
R10=0x00007f9afad6fda0: <offset 0x0000000001246da0> in /nix/store/gpxl5qgg8kicmcvivwmybwjlpf7wh20l-graalvm17-ce-22.3.0/lib/server/libjvm.so at 0x00007f9af9b29000
R11=0x000000080044f048 is pointing into metadata
R12=0x0 is NULL
R13=0x00007f9af40b2210 is a thread
R14=0x00007f9af4000b80 points into unknown readable memory: 0x00007f9afac4fa38 | 38 fa c4 fa 9a 7f 00 00
R15=0x00007f9afad5de40: <offset 0x0000000001234e40> in /nix/store/gpxl5qgg8kicmcvivwmybwjlpf7wh20l-graalvm17-ce-22.3.0/lib/server/libjvm.so at 0x00007f9af9b29000


Registers:
RAX=0x00007f9af9923000, RBX=0x00007f9afaa1e398, RCX=0x00007f9afa9d61e8, RDX=0x0000000000000649
RSP=0x00007f9ad9e46380, RBP=0x00007f9ad9e463a0, RSI=0x00007f9afaa1ec48, RDI=0x00000000e0000000
R8 =0x00007f9afaa1e398, R9 =0x0000000000000003, R10=0x00007f9afad6fda0, R11=0x000000080044f048
R12=0x0000000000000000, R13=0x00007f9af40b2210, R14=0x00007f9af4000b80, R15=0x00007f9afad5de40
RIP=0x00007f9afa49b714, EFLAGS=0x0000000000010206, CSGSFS=0x002b000000000033, ERR=0x0000000000000006
  TRAPNO=0x000000000000000e

Top of Stack: (sp=0x00007f9ad9e46380)
0x00007f9ad9e46380:   00007f9ad9e46940 00007f9af40b2210
0x00007f9ad9e46390:   00007f9af82b48c8 0000000800c409d8
0x00007f9ad9e463a0:   00007f9ad9e46500 00007f9afa4672fe
0x00007f9ad9e463b0:   00007f9ad9e463e0 00007f9ad9e46440 

Instructions: (pc=0x00007f9afa49b714)
0x00007f9afa49b614:   30 e8 f6 cf e8 ff 4c 89 e7 e8 2e 48 d1 ff 84 db
0x00007f9afa49b624:   75 2a 4d 85 ed 74 04 4d 8b 6d 00 48 83 c4 08 44
0x00007f9afa49b634:   89 f9 4c 89 f2 4c 89 ee 5b 4c 89 e7 41 5c 41 5d
0x00007f9afa49b644:   41 5e 41 5f 5d e9 e2 47 d1 ff 66 90 48 83 c4 08
0x00007f9afa49b654:   5b 41 5c 41 5d 41 5e 41 5f 5d c3 90 31 d2 be 08
0x00007f9afa49b664:   00 00 00 4c 89 ff e8 b1 78 a3 ff 49 89 c5 e9 37
0x00007f9afa49b674:   ff ff ff 66 0f 1f 84 00 00 00 00 00 48 8b 7a 08
0x00007f9afa49b684:   e9 6d ff ff ff 0f 1f 80 00 00 00 00 e8 5b 48 0a
0x00007f9afa49b694:   00 84 c0 75 89 e9 6a ff ff ff 66 90 55 48 89 e5
0x00007f9afa49b6a4:   41 56 41 55 41 54 49 89 fc 53 48 89 f3 66 48 8d
0x00007f9afa49b6b4:   3d 27 5e 85 00 66 66 48 e8 df 43 8d ff 4c 8b 28
0x00007f9afa49b6c4:   8b 05 be 72 8a 00 85 c0 75 14 ba 01 00 00 00 48
0x00007f9afa49b6d4:   8d 0d ae 72 8a 00 f0 0f b1 11 85 c0 74 4e be c8
0x00007f9afa49b6e4:   00 00 00 4c 89 ef e8 01 0b 41 00 48 8d 05 12 ac
0x00007f9afa49b6f4:   85 00 49 89 d8 48 8d 0d e8 aa 53 00 ba 49 06 00
0x00007f9afa49b704:   00 48 8d 35 3c 35 58 00 bf 00 00 00 e0 48 8b 00
0x00007f9afa49b714:   c6 00 58 31 c0 e8 e2 91 c6 ff 5b 41 5c 41 5d 41
0x00007f9afa49b724:   5e 5d e9 55 34 26 00 0f 1f 44 00 00 48 8d 05 81
0x00007f9afa49b734:   a3 8b 00 48 89 df 4c 8b 30 e8 9e 43 8d ff 48 89
0x00007f9afa49b744:   de 48 89 c2 49 8b 06 4c 89 f7 ff 50 08 4c 89 f7
0x00007f9afa49b754:   e8 a7 5c 27 00 4d 85 e4 74 12 be 01 00 00 00 4c
0x00007f9afa49b764:   89 e7 e8 35 43 fc ff eb 82 0f 1f 00 be 01 00 00
0x00007f9afa49b774:   00 4c 89 ef e8 d3 fd ff ff e9 6d ff ff ff 66 66
0x00007f9afa49b784:   2e 0f 1f 84 00 00 00 00 00 0f 1f 00 55 48 89 e5
0x00007f9afa49b794:   41 57 41 56 41 55 41 54 53 48 81 ec 08 02 00 00
0x00007f9afa49b7a4:   64 48 8b 04 25 28 00 00 00 48 89 45 c8 8b 07 83
0x00007f9afa49b7b4:   f8 02 0f 84 11 04 00 00 4c 8b 6f 18 49 89 ff 49
0x00007f9afa49b7c4:   89 f4 4d 85 ed 74 14 4c 89 ef e8 5d 57 22 00 41
0x00007f9afa49b7d4:   8b 07 83 f8 02 0f 84 19 04 00 00 48 8d 1d 9a 06
0x00007f9afa49b7e4:   8a 00 4c 8d 35 0b 3c 58 00 eb 38 90 48 85 d2 7f
0x00007f9afa49b7f4:   0d 48 8d 05 b4 c0 85 00 48 83 38 00 7e 0e 41 8b
0x00007f9afa49b804:   77 2c 4c 89 f7 31 c0 e8 a0 b2 f7 ff 49 8b 7f 18 


Stack slot to memory mapping:
stack at sp + 0 slots: 0x00007f9ad9e46940 is pointing into the stack for thread: 0x00007f9af40b2210
stack at sp + 1 slots: 0x00007f9af40b2210 is a thread
stack at sp + 2 slots: 0x00007f9af82b48c8 points into unknown readable memory: 0x65730018e552ffff | ff ff 52 e5 18 00 73 65
stack at sp + 3 slots: 0x0000000800c409d8 is a pointer to class: 
jdk.vm.ci.services.Services {0x0000000800c409d8}
 - instance size:     2
 - klass size:        65
 - access:            public final synchronized 
 - state:             fully_initialized
 - name:              'jdk/vm/ci/services/Services'
 - super:             'java/lang/Object'
 - sub:               
 - arrays:            NULL
 - methods:           Array<T>(0x00007f9ada839230)
 - method ordering:   Array<T>(0x0000000800928960)
 - default_methods:   Array<T>(0x0000000000000000)
 - local interfaces:  Array<T>(0x00000008005ce810)
 - trans. interfaces: Array<T>(0x00000008005ce810)
 - constants:         constant pool [427] {0x00007f9ada838310} for 'jdk/vm/ci/services/Services' cache=0x00007f9ada83a500
 - class loader data:  loader data: 0x00007f9af40283f0 of 'bootstrap'
 - source file:       'Services.java'
 - class annotations:       Array<T>(0x0000000000000000)
 - class type annotations:  Array<T>(0x0000000000000000)
 - field annotations:       Array<T>(0x0000000000000000)
 - field type annotations:  Array<T>(0x0000000000000000)
 - inner classes:     Array<T>(0x00007f9ada83a4d0)
 - nest members:     Array<T>(0x00007f9ada83a4f0)
 - permitted subclasses:     Array<T>(0x00000008005ce7a0)
 - java mirror:       a 'java/lang/Class'{0x00000000e017bab0} = 'jdk/vm/ci/services/Services'
 - vtable length      5  (start addr: 0x0000000800c40ba8)
 - itable length      2 (start addr: 0x0000000800c40bd0)
 - ---- static fields (3 words):
 - public static final 'IS_BUILDING_NATIVE_IMAGE' 'Z' @128 
 - public static final 'IS_IN_NATIVE_IMAGE' 'Z' @129 
 - private static volatile 'savedProperties' 'Ljava/util/Map;' @112 
 - static final 'JVMCI_ENABLED' 'Z' @130 
 - private static final 'servicesCache' 'Ljava/util/Map;' @116 
 - private static final 'MAX_UNICODE_IN_UTF8_LENGTH' 'I' @120 
 - private static final 'MAX_UTF8_PROPERTY_STRING_LENGTH' 'I' @124 
 - ---- non-static fields (0 words):
 - non-static oop maps: 
stack at sp + 4 slots: 0x00007f9ad9e46500 is pointing into the stack for thread: 0x00007f9af40b2210
stack at sp + 5 slots: 0x00007f9afa4672fe: <offset 0x000000000093e2fe> in /nix/store/gpxl5qgg8kicmcvivwmybwjlpf7wh20l-graalvm17-ce-22.3.0/lib/server/libjvm.so at 0x00007f9af9b29000
stack at sp + 6 slots: 0x00007f9ad9e463e0 is pointing into the stack for thread: 0x00007f9af40b2210
stack at sp + 7 slots: 0x00007f9ad9e46440 is pointing into the stack for thread: 0x00007f9af40b2210


---------------  P R O C E S S  ---------------

Threads class SMR info:
_java_thread_list=0x00007f9a6413c800, length=34, elements={
0x00007f9af4026690, 0x00007f9af40a64d0, 0x00007f9af40a7910, 0x00007f9af40ae080,
0x00007f9af40af430, 0x00007f9af40b0820, 0x00007f9af40b2210, 0x00007f9af40b3720,
0x00007f9af40b4780, 0x00007f9af40d7950, 0x00007f9af411f5a0, 0x00007f9af4322d00,
0x00007f9af4356a10, 0x00007f9af4358ba0, 0x00007f9af433d050, 0x00007f9a88016db0,
0x00007f9a882a13d0, 0x00007f9a88482b80, 0x00007f9a885ff690, 0x00007f9af44056d0,
0x00007f9af4385d90, 0x00007f9a60001130, 0x00007f9a58442d90, 0x00007f9a58485420,
0x00007f9a641874f0, 0x00007f9a6412e6e0, 0x00007f9a641928e0, 0x00007f9a64195130,
0x00007f9a64130f10, 0x00007f9a641322d0, 0x00007f9a6412f940, 0x00007f9a6410eb20,
0x00007f9a64135ae0, 0x00007f9a6413ce10
}

Java Threads: ( => current thread )
  0x00007f9af4026690 JavaThread "main" [_thread_blocked, id=34, stack(0x00007f9af9944000,0x00007f9af9a44000)]
  0x00007f9af40a64d0 JavaThread "Reference Handler" daemon [_thread_blocked, id=37, stack(0x00007f9ada52e000,0x00007f9ada62e000)]
  0x00007f9af40a7910 JavaThread "Finalizer" daemon [_thread_blocked, id=38, stack(0x00007f9ada42e000,0x00007f9ada52e000)]
  0x00007f9af40ae080 JavaThread "Signal Dispatcher" daemon [_thread_blocked, id=39, stack(0x00007f9ada048000,0x00007f9ada148000)]
  0x00007f9af40af430 JavaThread "Service Thread" daemon [_thread_blocked, id=40, stack(0x00007f9ad9f48000,0x00007f9ada048000)]
  0x00007f9af40b0820 JavaThread "Monitor Deflation Thread" daemon [_thread_blocked, id=41, stack(0x00007f9ad9e48000,0x00007f9ad9f48000)]
=>0x00007f9af40b2210 JavaThread "JVMCI-native CompilerThread0" daemon [_thread_in_vm, id=42, stack(0x00007f9ad9c48000,0x00007f9ad9e48000)]
  0x00007f9af40b3720 JavaThread "C1 CompilerThread0" daemon [_thread_blocked, id=43, stack(0x00007f9ad9a48000,0x00007f9ad9c48000)]
  0x00007f9af40b4780 JavaThread "Sweeper thread" daemon [_thread_blocked, id=44, stack(0x00007f9ad9948000,0x00007f9ad9a48000)]
  0x00007f9af40d7950 JavaThread "Common-Cleaner" daemon [_thread_blocked, id=45, stack(0x00007f9ad9848000,0x00007f9ad9948000)]
  0x00007f9af411f5a0 JavaThread "Notification Thread" daemon [_thread_blocked, id=47, stack(0x00007f9ad9748000,0x00007f9ad9848000)]
  0x00007f9af4322d00 JavaThread "Active Thread: Equinox Container: 8eddb621-257f-43fe-9f1d-1c41ca0f1d40" [_thread_blocked, id=64, stack(0x00007f9ad8400000,0x00007f9ad8500000)]
  0x00007f9af4356a10 JavaThread "Framework Event Dispatcher: Equinox Container: 8eddb621-257f-43fe-9f1d-1c41ca0f1d40" daemon [_thread_blocked, id=65, stack(0x00007f9ad8200000,0x00007f9ad8300000)]
  0x00007f9af4358ba0 JavaThread "Start Level: Equinox Container: 8eddb621-257f-43fe-9f1d-1c41ca0f1d40" daemon [_thread_blocked, id=66, stack(0x00007f9ad8000000,0x00007f9ad8100000)]
  0x00007f9af433d050 JavaThread "Refresh Thread: Equinox Container: 8eddb621-257f-43fe-9f1d-1c41ca0f1d40" daemon [_thread_blocked, id=76, stack(0x00007f9aa1b00000,0x00007f9aa1c00000)]
  0x00007f9a88016db0 JavaThread "SCR Component Actor" daemon [_thread_blocked, id=77, stack(0x00007f9aa1900000,0x00007f9aa1a00000)]
  0x00007f9a882a13d0 JavaThread "Worker-JM" [_thread_blocked, id=87, stack(0x00007f9aa1500000,0x00007f9aa1600000)]
  0x00007f9a88482b80 JavaThread "Java indexing" daemon [_thread_blocked, id=94, stack(0x00007f9aa0f00000,0x00007f9aa1000000)]
  0x00007f9a885ff690 JavaThread "Bundle File Closer" daemon [_thread_blocked, id=99, stack(0x00007f9aa0d00000,0x00007f9aa0e00000)]
  0x00007f9af44056d0 JavaThread "pool-3-thread-1" [_thread_blocked, id=100, stack(0x00007f9aa0b00000,0x00007f9aa0c00000)]
  0x00007f9af4385d90 JavaThread "pool-2-thread-1" [_thread_blocked, id=110, stack(0x00007f9aa0700000,0x00007f9aa0800000)]
  0x00007f9a60001130 JavaThread "Worker-3" [_thread_blocked, id=111, stack(0x00007f9aa0500000,0x00007f9aa0600000)]
  0x00007f9a58442d90 JavaThread "Okio Watchdog" daemon [_thread_blocked, id=182, stack(0x00007f9aa0300000,0x00007f9aa0400000)]
  0x00007f9a58485420 JavaThread "Worker-5" [_thread_blocked, id=201, stack(0x00007f9ad8100000,0x00007f9ad8200000)]
  0x00007f9a641874f0 JavaThread "Thread-8" [_thread_blocked, id=273, stack(0x00007f9aa1000000,0x00007f9aa1100000)]
  0x00007f9a6412e6e0 JavaThread "Thread-35" [_thread_blocked, id=1120, stack(0x00007f9aa0900000,0x00007f9aa0a00000)]
  0x00007f9a641928e0 JavaThread "Thread-36" [_thread_blocked, id=2468, stack(0x00007f9aa1800000,0x00007f9aa1900000)]
  0x00007f9a64195130 JavaThread "Thread-37" [_thread_blocked, id=3683, stack(0x00007f9aa0c00000,0x00007f9aa0d00000)]
  0x00007f9a64130f10 JavaThread "Thread-38" [_thread_blocked, id=4256, stack(0x00007f9aa1700000,0x00007f9aa1800000)]
  0x00007f9a641322d0 JavaThread "Thread-39" [_thread_blocked, id=4788, stack(0x00007f9aa0100000,0x00007f9aa0200000)]
  0x00007f9a6412f940 JavaThread "Thread-40" [_thread_blocked, id=5644, stack(0x00007f9aa1100000,0x00007f9aa1200000)]
  0x00007f9a6410eb20 JavaThread "Thread-41" [_thread_blocked, id=6606, stack(0x00007f9aa0400000,0x00007f9aa0500000)]
  0x00007f9a64135ae0 JavaThread "Thread-42" [_thread_blocked, id=7469, stack(0x00007f9aa1300000,0x00007f9aa1400000)]
  0x00007f9a6413ce10 JavaThread "Thread-43" [_thread_blocked, id=7633, stack(0x00007f9a9ff00000,0x00007f9aa0000000)]

Other Threads:
  0x00007f9af40a1c10 VMThread "VM Thread" [stack: 0x00007f9ada630000,0x00007f9ada730000] [id=36] _threads_hazard_ptr=0x00007f9a6413c800
  0x00007f9af4120f40 WatcherThread [stack: 0x00007f9ad9648000,0x00007f9ad9748000] [id=48]
  0x00007f9af403df30 GCTaskThread "GC Thread#0" [stack: 0x00007f9af9507000,0x00007f9af9607000] [id=35]

Threads with active compile tasks:
JVMCI-native CompilerThread0  1314783 11465 %s    4       java.util.Hashtable::putAll @ 12 (52 bytes)

VM state: synchronizing (normal execution)

VM Mutex/Monitor currently owned by a thread:  ([mutex/lock_event])
[0x00007f9af4023840] Threads_lock - owner thread: 0x00007f9af40a1c10
[0x00007f9af4023ff0] Heap_lock - owner thread: 0x00007f9a6412e6e0

OutOfMemory and StackOverflow Exception counts:
OutOfMemoryError java_heap_errors=2
LinkageErrors=75

Heap address: 0x00000000e0000000, size: 512 MB, Compressed Oops mode: 32-bit

CDS archive(s) mapped at: [0x0000000800000000-0x0000000800bc8000-0x0000000800bc8000), size 12353536, SharedBaseAddress: 0x0000000800000000, ArchiveRelocationMode: 0.
Compressed class space mapped at: 0x0000000800c00000-0x0000000840c00000, reserved size: 1073741824
Narrow klass base: 0x0000000800000000, Narrow klass shift: 0, Narrow klass range: 0x100000000

GC Precious Log:
 CPUs: 8 total, 1 available
 Memory: 1024M
 Large Page Support: Disabled
 NUMA Support: Disabled
 Compressed Oops: Enabled (32-bit)
 Alignments: Space 512K, Generation 512K, Heap 2M
 Heap Min Capacity: 100M
 Heap Initial Capacity: 100M
 Heap Max Capacity: 512M
 Pre-touch: Disabled
 Parallel Workers: 1

Heap:
 PSYoungGen      total 89088K, used 36864K [0x00000000f5580000, 0x00000000fe080000, 0x0000000100000000)
  eden space 36864K, 100% used [0x00000000f5580000,0x00000000f7980000,0x00000000f7980000)
  from space 52224K, 0% used [0x00000000f7980000,0x00000000f7980000,0x00000000fac80000)
  to   space 25600K, 0% used [0x00000000fac80000,0x00000000fac80000,0x00000000fc580000)
 ParOldGen       total 349696K, used 349696K [0x00000000e0000000, 0x00000000f5580000, 0x00000000f5580000)
  object space 349696K, 100% used [0x00000000e0000000,0x00000000f5580000,0x00000000f5580000)
 Metaspace       used 63988K, committed 65216K, reserved 1114112K
  class space    used 6163K, committed 6592K, reserved 1048576K

Card table byte_map: [0x00007f9af9607000,0x00007f9af9708000] _byte_map_base: 0x00007f9af8f07000

Marking Bits: (ParMarkBitMap*) 0x00007f9afad574c0
 Begin Bits: [0x00007f9af845a000, 0x00007f9af8c5a000)
 End Bits:   [0x00007f9af8c5a000, 0x00007f9af945a000)

Polling page: 0x00007f9af9921000

Metaspace:

Usage:
  Non-class:     56.47 MB used.
      Class:      6.02 MB used.
       Both:     62.49 MB used.

Virtual space:
  Non-class space:       64.00 MB reserved,      57.25 MB ( 89%) committed,  8 nodes.
      Class space:        1.00 GB reserved,       6.44 MB ( <1%) committed,  1 nodes.
             Both:        1.06 GB reserved,      63.69 MB (  6%) committed. 

Chunk freelists:
   Non-Class:  2.97 MB
       Class:  1.65 MB
        Both:  4.62 MB

MaxMetaspaceSize: unlimited
CompressedClassSpaceSize: 1.00 GB
Initial GC threshold: 21.00 MB
Current GC threshold: 105.94 MB
CDS: on
MetaspaceReclaimPolicy: balanced
 - commit_granule_bytes: 65536.
 - commit_granule_words: 8192.
 - virtual_space_node_default_size: 1048576.
 - enlarge_chunks_in_place: 1.
 - new_chunks_are_fully_committed: 0.
 - uncommit_free_chunks: 1.
 - use_allocation_guard: 0.
 - handle_deallocations: 1.


Internal statistics:

num_allocs_failed_limit: 6.
num_arena_births: 534.
num_arena_deaths: 160.
num_vsnodes_births: 9.
num_vsnodes_deaths: 0.
num_space_committed: 1015.
num_space_uncommitted: 0.
num_chunks_returned_to_freelist: 223.
num_chunks_taken_from_freelist: 3063.
num_chunk_merges: 84.
num_chunk_splits: 1976.
num_chunks_enlarged: 1223.
num_purges: 4.
num_inconsistent_stats: 0.

CodeHeap 'non-profiled nmethods': size=120036Kb used=2845Kb max_used=2845Kb free=117190Kb
 bounds [0x00007f9ae2f7a000, 0x00007f9ae324a000, 0x00007f9aea4b3000]
CodeHeap 'profiled nmethods': size=120032Kb used=19649Kb max_used=19649Kb free=100382Kb
 bounds [0x00007f9adba42000, 0x00007f9adcd82000, 0x00007f9ae2f7a000]
CodeHeap 'non-nmethods': size=5692Kb used=1420Kb max_used=1425Kb free=4271Kb
 bounds [0x00007f9adb4b3000, 0x00007f9adb723000, 0x00007f9adba42000]
 total_blobs=9503 nmethods=8744 adapters=638
 compilation: enabled
              stopped_count=0, restarted_count=0
 full_count=0

JVMCI Events (20 events):
Event: 1071.129 Thread 0x00007f9af40b2210 created JavaVM[9]@0x00007f9a37a9e340 for JVMCI runtime 0
Event: 1071.129 Thread 0x00007f9af40b2210 initializing JVMCI runtime 0
Event: 1071.129 Thread 0x00007f9af40b2210 done waiting for JavaVM references initialization in JVMCI runtime 0
Event: 1113.287 Thread 0x00007f9af40b2210 initialized JVMCI runtime 0
Event: 1168.182 Thread 0x00007f9af40b2210 compacted oop handles in JVMCI runtime 0 from 110 to 86
Event: 1233.797 Thread 0x00007f9af40b2210 compacted oop handles in JVMCI runtime 0 from 131 to 90
Event: 1233.806 Thread 0x00007f9af40b2210 compacted oop handles in JVMCI runtime 0 from 126 to 122
Event: 1247.546 Thread 0x00007f9af40b2210 compacted oop handles in JVMCI runtime 0 from 132 to 124
Event: 1252.482 Thread 0x00007f9af40b2210 compacted oop handles in JVMCI runtime 0 from 136 to 135
Event: 1259.288 Thread 0x00007f9af40b2210 detaching from JVMCI runtime 0: releasing idle compiler thread (0 other threads still attached)
Event: 1259.288 Thread 0x00007f9af40b2210 shutting down HotSpotJVMCIRuntime for JVMCI runtime 0
Event: 1259.288 Thread 0x00007f9af40b2210 shut down JVMCI runtime 0
Event: 1259.291 Thread 0x00007f9af40b2210 destroyed JavaVM[9]@0x00007f9a37a9e340 for JVMCI runtime 0
Event: 1259.291 Thread 0x00007f9af40b2210 compacted oop handles in JVMCI runtime 0 from 135 to 135
Event: 1259.291 Thread 0x00007f9af40b2210 releasing handles for JVMCI runtime 0: oop handles=135, metadata handles={total=336, live=331, blocks=36}
Event: 1259.291 Thread 0x00007f9af40b2210 detached from JVMCI runtime 0
Event: 1280.307 Thread 0x00007f9af40b2210 attached to JVMCI runtime 0
Event: 1280.308 Thread 0x00007f9af40b2210 created JavaVM[10]@0x00007f9a37a9e340 for JVMCI runtime 0
Event: 1281.583 Thread 0x00007f9af40b2210 initializing JVMCI runtime 0
Event: 1281.583 Thread 0x00007f9af40b2210 done waiting for JavaVM references initialization in JVMCI runtime 0

Compilation events (20 events):
Event: 1249.031 Thread 0x00007f9af40b3720 11457       3       org.eclipse.jdt.internal.core.JavaModel::getWorkspaceTarget (38 bytes)
Event: 1249.031 Thread 0x00007f9af40b3720 nmethod 11457 0x00007f9adcd6e210 code [0x00007f9adcd6e400, 0x00007f9adcd6ec50]
Event: 1249.032 Thread 0x00007f9af40b3720 11455       3       java.util.HashMap$Values::iterator (12 bytes)
Event: 1249.032 Thread 0x00007f9af40b3720 nmethod 11455 0x00007f9adcd6ee90 code [0x00007f9adcd6f040, 0x00007f9adcd6f260]
Event: 1249.032 Thread 0x00007f9af40b3720 11456       3       java.util.HashMap$ValueIterator::<init> (11 bytes)
Event: 1249.032 Thread 0x00007f9af40b3720 nmethod 11456 0x00007f9adcd6f390 code [0x00007f9adcd6f540, 0x00007f9adcd6f680]
Event: 1252.482 Thread 0x00007f9af40b2210 nmethod 11438 0x00007f9ae3240790 code [0x00007f9ae3240920, 0x00007f9ae3240ea8]
Event: 1252.485 Thread 0x00007f9af40b3720 11458       3       java.io.File::length (33 bytes)
Event: 1252.485 Thread 0x00007f9af40b3720 nmethod 11458 0x00007f9adcd6f710 code [0x00007f9adcd6f900, 0x00007f9adcd6fe60]
Event: 1259.289 Thread 0x00007f9af40b3720 11460       3       java.util.concurrent.ThreadPoolExecutor::workerCountOf (5 bytes)
Event: 1259.289 Thread 0x00007f9af40b3720 nmethod 11460 0x00007f9adcd70010 code [0x00007f9adcd701a0, 0x00007f9adcd70290]
Event: 1274.886 Thread 0x00007f9af40b3720 11461       3       org.eclipse.jdt.internal.codeassist.impl.AssistParser::popElement (170 bytes)
Event: 1274.887 Thread 0x00007f9af40b3720 nmethod 11461 0x00007f9adcd70310 code [0x00007f9adcd70540, 0x00007f9adcd70f20]
Event: 1280.307 Thread 0x00007f9af40b3720 11462       3       java.io.File::equals (28 bytes)
Event: 1280.307 Thread 0x00007f9af40b2210 11465 %s    4       java.util.Hashtable::putAll @ 12 (52 bytes)
Event: 1285.328 Thread 0x00007f9af40b3720 nmethod 11462 0x00007f9adcd71210 code [0x00007f9adcd71400, 0x00007f9adcd71ba0]
Event: 1285.328 Thread 0x00007f9af40b3720 11463       3       java.io.File::compareTo (9 bytes)
Event: 1288.108 Thread 0x00007f9af40b3720 nmethod 11463 0x00007f9adcd71d10 code [0x00007f9adcd71ec0, 0x00007f9adcd720a0]
Event: 1288.109 Thread 0x00007f9af40b3720 11464       3       java.io.UnixFileSystem::compare (12 bytes)
Event: 1288.109 Thread 0x00007f9af40b3720 nmethod 11464 0x00007f9adcd72210 code [0x00007f9adcd723c0, 0x00007f9adcd72540]

GC Heap History (20 events):
Event: 1302.096 GC heap before
{Heap before GC invocations=820 (full 720):
 PSYoungGen      total 89088K, used 36863K [0x00000000f5580000, 0x00000000fe080000, 0x0000000100000000)
  eden space 36864K, 99% used [0x00000000f5580000,0x00000000f797fff8,0x00000000f7980000)
  from space 52224K, 0% used [0x00000000f7980000,0x00000000f7980000,0x00000000fac80000)
  to   space 25600K, 0% used [0x00000000fac80000,0x00000000fac80000,0x00000000fc580000)
 ParOldGen       total 349696K, used 349695K [0x00000000e0000000, 0x00000000f5580000, 0x00000000f5580000)
  object space 349696K, 99% used [0x00000000e0000000,0x00000000f557ff38,0x00000000f5580000)
 Metaspace       used 63987K, committed 65216K, reserved 1114112K
  class space    used 6162K, committed 6592K, reserved 1048576K
}
Event: 1303.294 GC heap after
{Heap after GC invocations=820 (full 720):
 PSYoungGen      total 62464K, used 36863K [0x00000000f5580000, 0x00000000fe080000, 0x0000000100000000)
  eden space 36864K, 99% used [0x00000000f5580000,0x00000000f797ff80,0x00000000f7980000)
  from space 25600K, 0% used [0x00000000fac80000,0x00000000fac80000,0x00000000fc580000)
  to   space 52224K, 0% used [0x00000000f7980000,0x00000000f7980000,0x00000000fac80000)
 ParOldGen       total 349696K, used 349694K [0x00000000e0000000, 0x00000000f5580000, 0x00000000f5580000)
  object space 349696K, 99% used [0x00000000e0000000,0x00000000f557fb20,0x00000000f5580000)
 Metaspace       used 63987K, committed 65216K, reserved 1114112K
  class space    used 6162K, committed 6592K, reserved 1048576K
}
Event: 1303.294 GC heap before
{Heap before GC invocations=821 (full 721):
 PSYoungGen      total 62464K, used 36863K [0x00000000f5580000, 0x00000000fe080000, 0x0000000100000000)
  eden space 36864K, 99% used [0x00000000f5580000,0x00000000f797ffa0,0x00000000f7980000)
  from space 25600K, 0% used [0x00000000fac80000,0x00000000fac80000,0x00000000fc580000)
  to   space 52224K, 0% used [0x00000000f7980000,0x00000000f7980000,0x00000000fac80000)
 ParOldGen       total 349696K, used 349694K [0x00000000e0000000, 0x00000000f5580000, 0x00000000f5580000)
  object space 349696K, 99% used [0x00000000e0000000,0x00000000f557fb20,0x00000000f5580000)
 Metaspace       used 63988K, committed 65216K, reserved 1114112K
  class space    used 6163K, committed 6592K, reserved 1048576K
}
Event: 1304.491 GC heap after
{Heap after GC invocations=821 (full 721):
 PSYoungGen      total 89088K, used 36863K [0x00000000f5580000, 0x00000000fe080000, 0x0000000100000000)
  eden space 36864K, 99% used [0x00000000f5580000,0x00000000f797ffa0,0x00000000f7980000)
  from space 52224K, 0% used [0x00000000f7980000,0x00000000f7980000,0x00000000fac80000)
  to   space 25600K, 0% used [0x00000000fac80000,0x00000000fac80000,0x00000000fc580000)
 ParOldGen       total 349696K, used 349693K [0x00000000e0000000, 0x00000000f5580000, 0x00000000f5580000)
  object space 349696K, 99% used [0x00000000e0000000,0x00000000f557f4f0,0x00000000f5580000)
 Metaspace       used 63988K, committed 65216K, reserved 1114112K
  class space    used 6163K, committed 6592K, reserved 1048576K
}
Event: 1304.491 GC heap before
{Heap before GC invocations=822 (full 722):
 PSYoungGen      total 89088K, used 36864K [0x00000000f5580000, 0x00000000fe080000, 0x0000000100000000)
  eden space 36864K, 100% used [0x00000000f5580000,0x00000000f7980000,0x00000000f7980000)
  from space 52224K, 0% used [0x00000000f7980000,0x00000000f7980000,0x00000000fac80000)
  to   space 25600K, 0% used [0x00000000fac80000,0x00000000fac80000,0x00000000fc580000)
 ParOldGen       total 349696K, used 349695K [0x00000000e0000000, 0x00000000f5580000, 0x00000000f5580000)
  object space 349696K, 99% used [0x00000000e0000000,0x00000000f557fe30,0x00000000f5580000)
 Metaspace       used 63988K, committed 65216K, reserved 1114112K
  class space    used 6163K, committed 6592K, reserved 1048576K
}
Event: 1305.779 GC heap after
{Heap after GC invocations=822 (full 722):
 PSYoungGen      total 62464K, used 36863K [0x00000000f5580000, 0x00000000fe080000, 0x0000000100000000)
  eden space 36864K, 99% used [0x00000000f5580000,0x00000000f797ffe0,0x00000000f7980000)
  from space 25600K, 0% used [0x00000000fac80000,0x00000000fac80000,0x00000000fc580000)
  to   space 52224K, 0% used [0x00000000f7980000,0x00000000f7980000,0x00000000fac80000)
 ParOldGen       total 349696K, used 349694K [0x00000000e0000000, 0x00000000f5580000, 0x00000000f5580000)
  object space 349696K, 99% used [0x00000000e0000000,0x00000000f557f880,0x00000000f5580000)
 Metaspace       used 63988K, committed 65216K, reserved 1114112K
  class space    used 6163K, committed 6592K, reserved 1048576K
}
Event: 1305.780 GC heap before
{Heap before GC invocations=823 (full 723):
 PSYoungGen      total 62464K, used 36864K [0x00000000f5580000, 0x00000000fe080000, 0x0000000100000000)
  eden space 36864K, 100% used [0x00000000f5580000,0x00000000f7980000,0x00000000f7980000)
  from space 25600K, 0% used [0x00000000fac80000,0x00000000fac80000,0x00000000fc580000)
  to   space 52224K, 0% used [0x00000000f7980000,0x00000000f7980000,0x00000000fac80000)
 ParOldGen       total 349696K, used 349695K [0x00000000e0000000, 0x00000000f5580000, 0x00000000f5580000)
  object space 349696K, 99% used [0x00000000e0000000,0x00000000f557ffe8,0x00000000f5580000)
 Metaspace       used 63988K, committed 65216K, reserved 1114112K
  class space    used 6163K, committed 6592K, reserved 1048576K
}
Event: 1307.009 GC heap after
{Heap after GC invocations=823 (full 723):
 PSYoungGen      total 89088K, used 36863K [0x00000000f5580000, 0x00000000fe080000, 0x0000000100000000)
  eden space 36864K, 99% used [0x00000000f5580000,0x00000000f797ffe0,0x00000000f7980000)
  from space 52224K, 0% used [0x00000000f7980000,0x00000000f7980000,0x00000000fac80000)
  to   space 25600K, 0% used [0x00000000fac80000,0x00000000fac80000,0x00000000fc580000)
 ParOldGen       total 349696K, used 349694K [0x00000000e0000000, 0x00000000f5580000, 0x00000000f5580000)
  object space 349696K, 99% used [0x00000000e0000000,0x00000000f557fbe8,0x00000000f5580000)
 Metaspace       used 63988K, committed 65216K, reserved 1114112K
  class space    used 6163K, committed 6592K, reserved 1048576K
}
Event: 1307.009 GC heap before
{Heap before GC invocations=824 (full 724):
 PSYoungGen      total 89088K, used 36864K [0x00000000f5580000, 0x00000000fe080000, 0x0000000100000000)
  eden space 36864K, 100% used [0x00000000f5580000,0x00000000f7980000,0x00000000f7980000)
  from space 52224K, 0% used [0x00000000f7980000,0x00000000f7980000,0x00000000fac80000)
  to   space 25600K, 0% used [0x00000000fac80000,0x00000000fac80000,0x00000000fc580000)
 ParOldGen       total 349696K, used 349694K [0x00000000e0000000, 0x00000000f5580000, 0x00000000f5580000)
  object space 349696K, 99% used [0x00000000e0000000,0x00000000f557fbe8,0x00000000f5580000)
 Metaspace       used 63988K, committed 65216K, reserved 1114112K
  class space    used 6163K, committed 6592K, reserved 1048576K
}
Event: 1308.373 GC heap after
{Heap after GC invocations=824 (full 724):
 PSYoungGen      total 62464K, used 36864K [0x00000000f5580000, 0x00000000fe080000, 0x0000000100000000)
  eden space 36864K, 100% used [0x00000000f5580000,0x00000000f7980000,0x00000000f7980000)
  from space 25600K, 0% used [0x00000000fac80000,0x00000000fac80000,0x00000000fc580000)
  to   space 52224K, 0% used [0x00000000f7980000,0x00000000f7980000,0x00000000fac80000)
 ParOldGen       total 349696K, used 349694K [0x00000000e0000000, 0x00000000f5580000, 0x00000000f5580000)
  object space 349696K, 99% used [0x00000000e0000000,0x00000000f557fbd0,0x00000000f5580000)
 Metaspace       used 63988K, committed 65216K, reserved 1114112K
  class space    used 6163K, committed 6592K, reserved 1048576K
}
Event: 1308.373 GC heap before
{Heap before GC invocations=825 (full 725):
 PSYoungGen      total 62464K, used 36864K [0x00000000f5580000, 0x00000000fe080000, 0x0000000100000000)
  eden space 36864K, 100% used [0x00000000f5580000,0x00000000f7980000,0x00000000f7980000)
  from space 25600K, 0% used [0x00000000fac80000,0x00000000fac80000,0x00000000fc580000)
  to   space 52224K, 0% used [0x00000000f7980000,0x00000000f7980000,0x00000000fac80000)
 ParOldGen       total 349696K, used 349696K [0x00000000e0000000, 0x00000000f5580000, 0x00000000f5580000)
  object space 349696K, 100% used [0x00000000e0000000,0x00000000f5580000,0x00000000f5580000)
 Metaspace       used 63988K, committed 65216K, reserved 1114112K
  class space    used 6163K, committed 6592K, reserved 1048576K
}
Event: 1309.698 GC heap after
{Heap after GC invocations=825 (full 725):
 PSYoungGen      total 89088K, used 36864K [0x00000000f5580000, 0x00000000fe080000, 0x0000000100000000)
  eden space 36864K, 100% used [0x00000000f5580000,0x00000000f7980000,0x00000000f7980000)
  from space 52224K, 0% used [0x00000000f7980000,0x00000000f7980000,0x00000000fac80000)
  to   space 25600K, 0% used [0x00000000fac80000,0x00000000fac80000,0x00000000fc580000)
 ParOldGen       total 349696K, used 349695K [0x00000000e0000000, 0x00000000f5580000, 0x00000000f5580000)
  object space 349696K, 99% used [0x00000000e0000000,0x00000000f557fdd8,0x00000000f5580000)
 Metaspace       used 63988K, committed 65216K, reserved 1114112K
  class space    used 6163K, committed 6592K, reserved 1048576K
}
Event: 1309.699 GC heap before
{Heap before GC invocations=826 (full 726):
 PSYoungGen      total 89088K, used 36864K [0x00000000f5580000, 0x00000000fe080000, 0x0000000100000000)
  eden space 36864K, 100% used [0x00000000f5580000,0x00000000f7980000,0x00000000f7980000)
  from space 52224K, 0% used [0x00000000f7980000,0x00000000f7980000,0x00000000fac80000)
  to   space 25600K, 0% used [0x00000000fac80000,0x00000000fac80000,0x00000000fc580000)
 ParOldGen       total 349696K, used 349695K [0x00000000e0000000, 0x00000000f5580000, 0x00000000f5580000)
  object space 349696K, 99% used [0x00000000e0000000,0x00000000f557fff8,0x00000000f5580000)
 Metaspace       used 63988K, committed 65216K, reserved 1114112K
  class space    used 6163K, committed 6592K, reserved 1048576K
}
Event: 1311.022 GC heap after
{Heap after GC invocations=826 (full 726):
 PSYoungGen      total 62464K, used 36864K [0x00000000f5580000, 0x00000000fe080000, 0x0000000100000000)
  eden space 36864K, 100% used [0x00000000f5580000,0x00000000f7980000,0x00000000f7980000)
  from space 25600K, 0% used [0x00000000fac80000,0x00000000fac80000,0x00000000fc580000)
  to   space 52224K, 0% used [0x00000000f7980000,0x00000000f7980000,0x00000000fac80000)
 ParOldGen       total 349696K, used 349695K [0x00000000e0000000, 0x00000000f5580000, 0x00000000f5580000)
  object space 349696K, 99% used [0x00000000e0000000,0x00000000f557fdb8,0x00000000f5580000)
 Metaspace       used 63988K, committed 65216K, reserved 1114112K
  class space    used 6163K, committed 6592K, reserved 1048576K
}
Event: 1311.022 GC heap before
{Heap before GC invocations=827 (full 727):
 PSYoungGen      total 62464K, used 36864K [0x00000000f5580000, 0x00000000fe080000, 0x0000000100000000)
  eden space 36864K, 100% used [0x00000000f5580000,0x00000000f7980000,0x00000000f7980000)
  from space 25600K, 0% used [0x00000000fac80000,0x00000000fac80000,0x00000000fc580000)
  to   space 52224K, 0% used [0x00000000f7980000,0x00000000f7980000,0x00000000fac80000)
 ParOldGen       total 349696K, used 349695K [0x00000000e0000000, 0x00000000f5580000, 0x00000000f5580000)
  object space 349696K, 99% used [0x00000000e0000000,0x00000000f557fdc8,0x00000000f5580000)
 Metaspace       used 63988K, committed 65216K, reserved 1114112K
  class space    used 6163K, committed 6592K, reserved 1048576K
}
Event: 1312.386 GC heap after
{Heap after GC invocations=827 (full 727):
 PSYoungGen      total 89088K, used 36864K [0x00000000f5580000, 0x00000000fe080000, 0x0000000100000000)
  eden space 36864K, 100% used [0x00000000f5580000,0x00000000f7980000,0x00000000f7980000)
  from space 52224K, 0% used [0x00000000f7980000,0x00000000f7980000,0x00000000fac80000)
  to   space 25600K, 0% used [0x00000000fac80000,0x00000000fac80000,0x00000000fc580000)
 ParOldGen       total 349696K, used 349695K [0x00000000e0000000, 0x00000000f5580000, 0x00000000f5580000)
  object space 349696K, 99% used [0x00000000e0000000,0x00000000f557fdb8,0x00000000f5580000)
 Metaspace       used 63988K, committed 65216K, reserved 1114112K
  class space    used 6163K, committed 6592K, reserved 1048576K
}
Event: 1312.386 GC heap before
{Heap before GC invocations=828 (full 728):
 PSYoungGen      total 89088K, used 36864K [0x00000000f5580000, 0x00000000fe080000, 0x0000000100000000)
  eden space 36864K, 100% used [0x00000000f5580000,0x00000000f7980000,0x00000000f7980000)
  from space 52224K, 0% used [0x00000000f7980000,0x00000000f7980000,0x00000000fac80000)
  to   space 25600K, 0% used [0x00000000fac80000,0x00000000fac80000,0x00000000fc580000)
 ParOldGen       total 349696K, used 349695K [0x00000000e0000000, 0x00000000f5580000, 0x00000000f5580000)
  object space 349696K, 99% used [0x00000000e0000000,0x00000000f557fe08,0x00000000f5580000)
 Metaspace       used 63988K, committed 65216K, reserved 1114112K
  class space    used 6163K, committed 6592K, reserved 1048576K
}
Event: 1313.574 GC heap after
{Heap after GC invocations=828 (full 728):
 PSYoungGen      total 62464K, used 36864K [0x00000000f5580000, 0x00000000fe080000, 0x0000000100000000)
  eden space 36864K, 100% used [0x00000000f5580000,0x00000000f7980000,0x00000000f7980000)
  from space 25600K, 0% used [0x00000000fac80000,0x00000000fac80000,0x00000000fc580000)
  to   space 52224K, 0% used [0x00000000f7980000,0x00000000f7980000,0x00000000fac80000)
 ParOldGen       total 349696K, used 349695K [0x00000000e0000000, 0x00000000f5580000, 0x00000000f5580000)
  object space 349696K, 99% used [0x00000000e0000000,0x00000000f557fd98,0x00000000f5580000)
 Metaspace       used 63988K, committed 65216K, reserved 1114112K
  class space    used 6163K, committed 6592K, reserved 1048576K
}
Event: 1313.574 GC heap before
{Heap before GC invocations=829 (full 729):
 PSYoungGen      total 62464K, used 36864K [0x00000000f5580000, 0x00000000fe080000, 0x0000000100000000)
  eden space 36864K, 100% used [0x00000000f5580000,0x00000000f7980000,0x00000000f7980000)
  from space 25600K, 0% used [0x00000000fac80000,0x00000000fac80000,0x00000000fc580000)
  to   space 52224K, 0% used [0x00000000f7980000,0x00000000f7980000,0x00000000fac80000)
 ParOldGen       total 349696K, used 349695K [0x00000000e0000000, 0x00000000f5580000, 0x00000000f5580000)
  object space 349696K, 99% used [0x00000000e0000000,0x00000000f557fd98,0x00000000f5580000)
 Metaspace       used 63988K, committed 65216K, reserved 1114112K
  class space    used 6163K, committed 6592K, reserved 1048576K
}
Event: 1314.692 GC heap after
{Heap after GC invocations=829 (full 729):
 PSYoungGen      total 89088K, used 36864K [0x00000000f5580000, 0x00000000fe080000, 0x0000000100000000)
  eden space 36864K, 100% used [0x00000000f5580000,0x00000000f7980000,0x00000000f7980000)
  from space 52224K, 0% used [0x00000000f7980000,0x00000000f7980000,0x00000000fac80000)
  to   space 25600K, 0% used [0x00000000fac80000,0x00000000fac80000,0x00000000fc580000)
 ParOldGen       total 349696K, used 349695K [0x00000000e0000000, 0x00000000f5580000, 0x00000000f5580000)
  object space 349696K, 99% used [0x00000000e0000000,0x00000000f557fd98,0x00000000f5580000)
 Metaspace       used 63988K, committed 65216K, reserved 1114112K
  class space    used 6163K, committed 6592K, reserved 1048576K
}

Dll operation events (9 events):
Event: 0.002 Loaded shared library /nix/store/gpxl5qgg8kicmcvivwmybwjlpf7wh20l-graalvm17-ce-22.3.0/lib/libjava.so
Event: 0.008 Loaded shared library /nix/store/gpxl5qgg8kicmcvivwmybwjlpf7wh20l-graalvm17-ce-22.3.0/lib/libjsvml.so
Event: 0.389 Loaded shared library /nix/store/gpxl5qgg8kicmcvivwmybwjlpf7wh20l-graalvm17-ce-22.3.0/lib/libjvmcicompiler.so
Event: 0.397 Loaded shared library /nix/store/gpxl5qgg8kicmcvivwmybwjlpf7wh20l-graalvm17-ce-22.3.0/lib/libnio.so
Event: 0.477 Loaded shared library /nix/store/gpxl5qgg8kicmcvivwmybwjlpf7wh20l-graalvm17-ce-22.3.0/lib/libzip.so
Event: 1.076 Loaded shared library /nix/store/gpxl5qgg8kicmcvivwmybwjlpf7wh20l-graalvm17-ce-22.3.0/lib/libjimage.so
Event: 1.788 Loaded shared library /nix/store/gpxl5qgg8kicmcvivwmybwjlpf7wh20l-graalvm17-ce-22.3.0/lib/libnet.so
Event: 6.090 Loaded shared library /home/runner/.cache/jdt-language-server/config/org.eclipse.equinox.launcher/org.eclipse.equinox.launcher.gtk.linux.x86_64_1.2.400.v20211117-0650/eclipse_11600.so
Event: 15.299 Loaded shared library /nix/store/gpxl5qgg8kicmcvivwmybwjlpf7wh20l-graalvm17-ce-22.3.0/lib/libextnet.so

Deoptimization events (20 events):
Event: 76.671 Thread 0x00007f9a88482b80 DEOPT PACKING pc=0x00007f9adcd3dd5d sp=0x00007f9aa0ffe530
Event: 76.671 Thread 0x00007f9a88482b80 DEOPT UNPACKING pc=0x00007f9adb505325 sp=0x00007f9aa0ffda20 mode 0
Event: 76.674 Thread 0x00007f9a88482b80 DEOPT PACKING pc=0x00007f9adcd3dd5d sp=0x00007f9aa0ffe530
Event: 76.674 Thread 0x00007f9a88482b80 DEOPT UNPACKING pc=0x00007f9adb505325 sp=0x00007f9aa0ffda20 mode 0
Event: 76.676 Thread 0x00007f9a88482b80 DEOPT PACKING pc=0x00007f9adcd3dd5d sp=0x00007f9aa0ffe530
Event: 76.676 Thread 0x00007f9a88482b80 DEOPT UNPACKING pc=0x00007f9adb505325 sp=0x00007f9aa0ffda20 mode 0
Event: 76.678 Thread 0x00007f9a88482b80 DEOPT PACKING pc=0x00007f9adcd3dd5d sp=0x00007f9aa0ffe530
Event: 76.678 Thread 0x00007f9a88482b80 DEOPT UNPACKING pc=0x00007f9adb505325 sp=0x00007f9aa0ffda20 mode 0
Event: 76.680 Thread 0x00007f9a88482b80 DEOPT PACKING pc=0x00007f9adcd3dcec sp=0x00007f9aa0ffe530
Event: 76.680 Thread 0x00007f9a88482b80 DEOPT UNPACKING pc=0x00007f9adb505325 sp=0x00007f9aa0ffda20 mode 0
Event: 76.682 Thread 0x00007f9a88482b80 DEOPT PACKING pc=0x00007f9adcd3dcec sp=0x00007f9aa0ffe530
Event: 76.682 Thread 0x00007f9a88482b80 DEOPT UNPACKING pc=0x00007f9adb505325 sp=0x00007f9aa0ffda20 mode 0
Event: 94.671 Thread 0x00007f9af4385d90 Uncommon trap: trap_request=0xffffffcd fr.pc=0x00007f9ae32019db relative=0x00000000000000db
Event: 94.671 Thread 0x00007f9af4385d90 Uncommon trap: reason=intrinsic_or_type_checked_inlining action=reinterpret pc=0x00007f9ae32019db method=org.eclipse.jdt.internal.core.Openable.<init>(Lorg/eclipse/jdt/internal/core/JavaElement;)V @ 0 jvmci
Event: 94.671 Thread 0x00007f9af4385d90 DEOPT PACKING pc=0x00007f9ae32019db sp=0x00007f9aa07fdaf0
Event: 94.671 Thread 0x00007f9af4385d90 DEOPT UNPACKING pc=0x00007f9adb505325 sp=0x00007f9aa07fcf98 mode 3
Event: 94.672 Thread 0x00007f9af4385d90 Uncommon trap: trap_request=0xffffffcd fr.pc=0x00007f9ae32033ee relative=0x000000000000006e
Event: 94.672 Thread 0x00007f9af4385d90 Uncommon trap: reason=intrinsic_or_type_checked_inlining action=reinterpret pc=0x00007f9ae32033ee method=org.eclipse.jdt.internal.core.JavaElement.getJavaProject()Lorg/eclipse/jdt/core/IJavaProject; @ 0 jvmci
Event: 94.672 Thread 0x00007f9af4385d90 DEOPT PACKING pc=0x00007f9ae32033ee sp=0x00007f9aa07fdd70
Event: 94.672 Thread 0x00007f9af4385d90 DEOPT UNPACKING pc=0x00007f9adb505325 sp=0x00007f9aa07fd218 mode 3

Classes unloaded (20 events):
Event: 87.088 Thread 0x00007f9af40a1c10 Unloading class 0x0000000800ef4000 'jdk/internal/reflect/GeneratedConstructorAccessor8'
Event: 87.088 Thread 0x00007f9af40a1c10 Unloading class 0x0000000800da5000 'java/lang/invoke/LambdaForm$MH+0x0000000800da5000'
Event: 87.088 Thread 0x00007f9af40a1c10 Unloading class 0x0000000800da4c00 'java/lang/invoke/LambdaForm$MH+0x0000000800da4c00'
Event: 87.088 Thread 0x00007f9af40a1c10 Unloading class 0x0000000800da4800 'java/lang/invoke/LambdaForm$MH+0x0000000800da4800'
Event: 87.088 Thread 0x00007f9af40a1c10 Unloading class 0x0000000800da4400 'java/lang/invoke/LambdaForm$MH+0x0000000800da4400'
Event: 87.088 Thread 0x00007f9af40a1c10 Unloading class 0x0000000800da4000 'jdk/internal/reflect/GeneratedConstructorAccessor3'
Event: 87.088 Thread 0x00007f9af40a1c10 Unloading class 0x0000000800d06800 'java/lang/invoke/LambdaForm$MH+0x0000000800d06800'
Event: 87.088 Thread 0x00007f9af40a1c10 Unloading class 0x0000000800d06000 'java/lang/invoke/LambdaForm$MH+0x0000000800d06000'
Event: 87.088 Thread 0x00007f9af40a1c10 Unloading class 0x0000000800d05c00 'java/lang/invoke/LambdaForm$MH+0x0000000800d05c00'
Event: 87.088 Thread 0x00007f9af40a1c10 Unloading class 0x0000000800d05800 'java/lang/invoke/LambdaForm$MH+0x0000000800d05800'
Event: 87.088 Thread 0x00007f9af40a1c10 Unloading class 0x0000000800d05000 'java/lang/invoke/LambdaForm$MH+0x0000000800d05000'
Event: 87.088 Thread 0x00007f9af40a1c10 Unloading class 0x0000000800d04c00 'java/lang/invoke/LambdaForm$MH+0x0000000800d04c00'
Event: 87.088 Thread 0x00007f9af40a1c10 Unloading class 0x0000000800d04800 'java/lang/invoke/LambdaForm$MH+0x0000000800d04800'
Event: 87.088 Thread 0x00007f9af40a1c10 Unloading class 0x0000000800d04000 'java/lang/invoke/LambdaForm$MH+0x0000000800d04000'
Event: 87.088 Thread 0x00007f9af40a1c10 Unloading class 0x0000000800c1d000 'jdk/internal/reflect/GeneratedMethodAccessor5'
Event: 87.088 Thread 0x00007f9af40a1c10 Unloading class 0x0000000800c1cc00 'jdk/internal/reflect/GeneratedMethodAccessor4'
Event: 87.088 Thread 0x00007f9af40a1c10 Unloading class 0x0000000800c1c800 'jdk/internal/reflect/GeneratedMethodAccessor3'
Event: 87.088 Thread 0x00007f9af40a1c10 Unloading class 0x0000000800c1c400 'jdk/internal/reflect/GeneratedMethodAccessor2'
Event: 87.088 Thread 0x00007f9af40a1c10 Unloading class 0x0000000800c1c000 'jdk/internal/reflect/GeneratedMethodAccessor1'
Event: 87.088 Thread 0x00007f9af40a1c10 Unloading class 0x0000000800c01c00 'java/lang/invoke/LambdaForm$DMH+0x0000000800c01c00'

Classes redefined (0 events):
No events

Internal exceptions (20 events):
Event: 45.004 Thread 0x00007f9a58000ff0 Exception <a 'java/lang/NoSuchMethodError'{0x00000000f5773888}: 'java.lang.Object java.lang.invoke.DirectMethodHandle$Holder.newInvokeSpecial(java.lang.Object, java.lang.Object, java.lang.Object, int, java.lang.Object)'> (0x00000000f5773888) 
thrown [src/hotspot/share/interpreter/linkResolver.cpp, line 758]
Event: 45.004 Thread 0x00007f9a58000ff0 Exception <a 'java/lang/NoSuchMethodError'{0x00000000f5777c90}: 'java.lang.Object java.lang.invoke.DirectMethodHandle$Holder.invokeSpecial(java.lang.Object, java.lang.Object, java.lang.Object, java.lang.Object, int, java.lang.Object)'> (0x00000000f5777c90) 
thrown [src/hotspot/share/interpreter/linkResolver.cpp, line 758]
Event: 45.004 Thread 0x00007f9a58000ff0 Exception <a 'java/lang/NoSuchMethodError'{0x00000000f577b778}: 'java.lang.Object java.lang.invoke.Invokers$Holder.linkToTargetMethod(java.lang.Object, java.lang.Object, int, java.lang.Object, java.lang.Object)'> (0x00000000f577b778) 
thrown [src/hotspot/share/interpreter/linkResolver.cpp, line 758]
Event: 46.171 Thread 0x00007f9a58485420 Implicit null exception at 0x00007f9ae318a522 to 0x00007f9ae318a8b2
Event: 46.680 Thread 0x00007f9a58485420 Implicit null exception at 0x00007f9ae30d00e9 to 0x00007f9ae30d029b
Event: 51.676 Thread 0x00007f9a88482b80 Implicit null exception at 0x00007f9ae31a7635 to 0x00007f9ae31a7b61
Event: 51.791 Thread 0x00007f9af4385d90 Exception <a 'java/lang/reflect/InvocationTargetException'{0x00000000f735a8f8}> (0x00000000f735a8f8) 
thrown [src/hotspot/share/runtime/reflection.cpp, line 1119]
Event: 52.171 Thread 0x00007f9af4385d90 Exception <a 'java/lang/ClassNotFoundException'{0x00000000f5c06568}: sun/util/logging/resources/spi/loggingProvider> (0x00000000f5c06568) 
thrown [src/hotspot/share/classfile/systemDictionary.cpp, line 256]
Event: 57.818 Thread 0x00007f9af4385d90 Implicit null exception at 0x00007f9ae30c9cc3 to 0x00007f9ae30c9e1f
Event: 60.778 Thread 0x00007f9a6413a8e0 Exception <a 'java/lang/NoSuchMethodError'{0x00000000f6888328}: 'java.lang.Object java.lang.invoke.DirectMethodHandle$Holder.invokeStatic(java.lang.Object, int, java.lang.Object, java.lang.Object, java.lang.Object, java.lang.Object)'> (0x00000000f6888328) 
thrown [src/hotspot/share/interpreter/linkResolver.cpp, line 758]
Event: 60.872 Thread 0x00007f9a6413a8e0 Exception <a 'java/lang/NoSuchMethodError'{0x00000000f71ec650}: 'java.lang.Object java.lang.invoke.DirectMethodHandle$Holder.newInvokeSpecial(java.lang.Object, int, java.lang.Object, java.lang.Object, java.lang.Object)'> (0x00000000f71ec650) 
thrown [src/hotspot/share/interpreter/linkResolver.cpp, line 758]
Event: 60.879 Thread 0x00007f9a64185da0 Exception <a 'java/lang/NoSuchMethodError'{0x00000000f77cece0}: 'java.lang.Object java.lang.invoke.DirectMethodHandle$Holder.newInvokeSpecial(java.lang.Object, java.lang.Object, int, java.lang.Object, java.lang.Object, java.lang.Object, java.lang.Object)'> (0x00000000f77cece0) 
thrown [src/hotspot/share/interpreter/linkResolver.cpp, line 758]
Event: 60.880 Thread 0x00007f9a6413bda0 Exception <a 'java/lang/NoSuchMethodError'{0x00000000f775c058}: 'java.lang.Object java.lang.invoke.DirectMethodHandle$Holder.newInvokeSpecial(java.lang.Object, java.lang.Object, int, java.lang.Object, java.lang.Object, java.lang.Object, java.lang.Object)'> (0x00000000f775c058) 
thrown [src/hotspot/share/interpreter/linkResolver.cpp, line 758]
Event: 60.984 Thread 0x00007f9a64185da0 Exception <a 'java/lang/NoSuchMethodError'{0x00000000f56dd510}: 'java.lang.Object java.lang.invoke.DirectMethodHandle$Holder.invokeSpecial(java.lang.Object, java.lang.Object, java.lang.Object, int, java.lang.Object, java.lang.Object, java.lang.Object, java.lang.Object)'> (0x00000000f56dd510) 
thrown [src/hotspot/share/interpreter/linkResolver.cpp, line 758]
Event: 60.984 Thread 0x00007f9a64185da0 Exception <a 'java/lang/NoSuchMethodError'{0x00000000f56e1408}: 'java.lang.Object java.lang.invoke.Invokers$Holder.linkToTargetMethod(java.lang.Object, int, java.lang.Object, java.lang.Object, java.lang.Object, java.lang.Object, java.lang.Object)'> (0x00000000f56e1408) 
thrown [src/hotspot/share/interpreter/linkResolver.cpp, line 758]
Event: 61.973 Thread 0x00007f9a6413ce30 Exception <a 'java/lang/NoSuchMethodError'{0x00000000f6df7fa8}: 'void java.lang.invoke.DirectMethodHandle$Holder.invokeSpecial(java.lang.Object, java.lang.Object, int)'> (0x00000000f6df7fa8) 
thrown [src/hotspot/share/interpreter/linkResolver.cpp, line 758]
Event: 61.974 Thread 0x00007f9a6413bda0 Exception <a 'java/lang/NoSuchMethodError'{0x00000000f6deae48}: 'void java.lang.invoke.DirectMethodHandle$Holder.invokeSpecial(java.lang.Object, java.lang.Object, int)'> (0x00000000f6deae48) 
thrown [src/hotspot/share/interpreter/linkResolver.cpp, line 758]
Event: 63.672 Thread 0x00007f9a6413ce30 Exception <a 'java/lang/NoSuchMethodError'{0x00000000f7d50488}: 'int java.lang.invoke.DirectMethodHandle$Holder.invokeSpecialIFC(java.lang.Object, java.lang.Object, java.lang.Object, java.lang.Object)'> (0x00000000f7d50488) 
thrown [src/hotspot/share/interpreter/linkResolver.cpp, line 758]
Event: 1303.294 Thread 0x00007f9a6412f940 Exception <a 'java/lang/OutOfMemoryError'{0x00000000e0011748}> (0x00000000e0011748) 
thrown [src/hotspot/share/gc/shared/memAllocator.cpp, line 136]
Event: 1314.692 Thread 0x00007f9af40b2210 Exception <a 'java/lang/OutOfMemoryError'{0x00000000e0011a18}> (0x00000000e0011a18) 
thrown [src/hotspot/share/gc/shared/memAllocator.cpp, line 136]

VM Operations (20 events):
Event: 1299.472 Executing VM operation: ParallelGCFailedAllocation
Event: 1300.870 Executing VM operation: ParallelGCFailedAllocation done
Event: 1300.870 Executing VM operation: ParallelGCFailedAllocation
Event: 1303.294 Executing VM operation: ParallelGCFailedAllocation done
Event: 1303.294 Executing VM operation: ParallelGCFailedAllocation
Event: 1304.491 Executing VM operation: ParallelGCFailedAllocation done
Event: 1304.491 Executing VM operation: ParallelGCFailedAllocation
Event: 1305.779 Executing VM operation: ParallelGCFailedAllocation done
Event: 1305.779 Executing VM operation: ParallelGCFailedAllocation
Event: 1307.009 Executing VM operation: ParallelGCFailedAllocation done
Event: 1307.009 Executing VM operation: ParallelGCFailedAllocation
Event: 1308.373 Executing VM operation: ParallelGCFailedAllocation done
Event: 1308.373 Executing VM operation: ParallelGCFailedAllocation
Event: 1309.698 Executing VM operation: ParallelGCFailedAllocation done
Event: 1309.699 Executing VM operation: ParallelGCFailedAllocation
Event: 1311.022 Executing VM operation: ParallelGCFailedAllocation done
Event: 1311.022 Executing VM operation: ParallelGCFailedAllocation
Event: 1312.386 Executing VM operation: ParallelGCFailedAllocation done
Event: 1312.386 Executing VM operation: ParallelGCFailedAllocation
Event: 1314.692 Executing VM operation: ParallelGCFailedAllocation done

Events (20 events):
Event: 376.100 Thread 0x00007f9a641928e0 Thread added: 0x00007f9a641928e0
Event: 376.100 Protecting memory [0x00007f9aa1800000,0x00007f9aa1804000] with protection modes 0
Event: 441.213 Thread 0x00007f9a58431f20 Thread exited: 0x00007f9a58431f20
Event: 441.214 Thread 0x00007f9a84004200 Thread exited: 0x00007f9a84004200
Event: 508.170 Thread 0x00007f9a58432980 Thread exited: 0x00007f9a58432980
Event: 555.807 Thread 0x00007f9a64195130 Thread added: 0x00007f9a64195130
Event: 555.807 Protecting memory [0x00007f9aa0c00000,0x00007f9aa0c04000] with protection modes 0
Event: 663.102 Thread 0x00007f9a64130f10 Thread added: 0x00007f9a64130f10
Event: 663.102 Protecting memory [0x00007f9aa1700000,0x00007f9aa1704000] with protection modes 0
Event: 759.976 Thread 0x00007f9a641322d0 Thread added: 0x00007f9a641322d0
Event: 759.976 Protecting memory [0x00007f9aa0100000,0x00007f9aa0104000] with protection modes 0
Event: 876.276 Thread 0x00007f9a6412f940 Thread added: 0x00007f9a6412f940
Event: 876.276 Protecting memory [0x00007f9aa1100000,0x00007f9aa1104000] with protection modes 0
Event: 1002.387 Thread 0x00007f9a6410eb20 Thread added: 0x00007f9a6410eb20
Event: 1002.387 Protecting memory [0x00007f9aa0400000,0x00007f9aa0404000] with protection modes 0
Event: 1113.291 Thread 0x00007f9a64135ae0 Thread added: 0x00007f9a64135ae0
Event: 1113.291 Protecting memory [0x00007f9aa1300000,0x00007f9aa1304000] with protection modes 0
Event: 1133.876 Thread 0x00007f9a6413ce10 Thread added: 0x00007f9a6413ce10
Event: 1133.876 Protecting memory [0x00007f9a9ff00000,0x00007f9a9ff04000] with protection modes 0
Event: 1303.294 loading class java/nio/charset/IllegalCharsetNameException


Dynamic libraries:
e0000000-f5580000 rw-p 00000000 00:00 0 
f5580000-fe080000 rw-p 00000000 00:00 0 
fe080000-100000000 ---p 00000000 00:00 0 
800000000-800449000 rw-p 00001000 00:1494 4611686019135357769            /nix/store/gpxl5qgg8kicmcvivwmybwjlpf7wh20l-graalvm17-ce-22.3.0/lib/server/classes.jsa
800449000-800bc8000 r--p 0044a000 00:1494 4611686019135357769            /nix/store/gpxl5qgg8kicmcvivwmybwjlpf7wh20l-graalvm17-ce-22.3.0/lib/server/classes.jsa
800bc8000-800c00000 ---p 00000000 00:00 0 
800c00000-800c20000 rw-p 00000000 00:00 0 
800c20000-800c40000 rw-p 00000000 00:00 0 
800c40000-800cc0000 rw-p 00000000 00:00 0 
800cc0000-800d00000 rw-p 00000000 00:00 0 
800d00000-800dc0000 rw-p 00000000 00:00 0 
800dc0000-800e00000 rw-p 00000000 00:00 0 
800e00000-800f40000 rw-p 00000000 00:00 0 
800f40000-800fc0000 rw-p 00000000 00:00 0 
800fc0000-801000000 rw-p 00000000 00:00 0 
801000000-801270000 rw-p 00000000 00:00 0 
801270000-840c00000 ---p 00000000 00:00 0 
5566dd7fb000-5566dd7fc000 r-xp 00000000 00:1494 4611686019099417844      /nix/store/gpxl5qgg8kicmcvivwmybwjlpf7wh20l-graalvm17-ce-22.3.0/bin/.java-wrapped
5566dd7fd000-5566dd7fe000 r--p 00001000 00:1494 4611686019099417844      /nix/store/gpxl5qgg8kicmcvivwmybwjlpf7wh20l-graalvm17-ce-22.3.0/bin/.java-wrapped
5566dd7fe000-5566dd7ff000 rw-p 00002000 00:1494 4611686019099417844      /nix/store/gpxl5qgg8kicmcvivwmybwjlpf7wh20l-graalvm17-ce-22.3.0/bin/.java-wrapped
5566dd7ff000-5566dd800000 rw-p 00004000 00:1494 4611686019099417844      /nix/store/gpxl5qgg8kicmcvivwmybwjlpf7wh20l-graalvm17-ce-22.3.0/bin/.java-wrapped
5566dd800000-5566dd801000 rw-p 00005000 00:1494 4611686019099417844      /nix/store/gpxl5qgg8kicmcvivwmybwjlpf7wh20l-graalvm17-ce-22.3.0/bin/.java-wrapped
5566de11e000-5566de166000 rw-p 00000000 00:00 0                          [heap]
7f9a00000000-7f9a00031000 rw-p 00000000 00:00 0 
7f9a00031000-7f9a04000000 ---p 00000000 00:00 0 
7f9a08000000-7f9a08030000 rw-p 00000000 00:00 0 
7f9a08030000-7f9a0c000000 ---p 00000000 00:00 0 
7f9a0c000000-7f9a0c021000 rw-p 00000000 00:00 0 
7f9a0c021000-7f9a10000000 ---p 00000000 00:00 0 
7f9a10000000-7f9a10022000 rw-p 00000000 00:00 0 
7f9a10022000-7f9a14000000 ---p 00000000 00:00 0 
7f9a14000000-7f9a1406e000 rw-p 00000000 00:00 0 
7f9a1406e000-7f9a18000000 ---p 00000000 00:00 0 
7f9a18000000-7f9a18060000 rw-p 00000000 00:00 0 
7f9a18060000-7f9a1c000000 ---p 00000000 00:00 0 
7f9a1c000000-7f9a1c066000 rw-p 00000000 00:00 0 
7f9a1c066000-7f9a20000000 ---p 00000000 00:00 0 
7f9a20000000-7f9a200c7000 rw-p 00000000 00:00 0 
7f9a200c7000-7f9a24000000 ---p 00000000 00:00 0 
7f9a24000000-7f9a2406a000 rw-p 00000000 00:00 0 
7f9a2406a000-7f9a28000000 ---p 00000000 00:00 0 
7f9a28000000-7f9a28021000 rw-p 00000000 00:00 0 
7f9a28021000-7f9a2c000000 ---p 00000000 00:00 0 
7f9a2ec00000-7f9a2ec80000 rw-p 00000000 00:00 0 
7f9a2ec80000-7f9a2ece0000 rw-p 00000000 00:00 0 
7f9a2ece0000-7f9a2ed40000 rw-p 00000000 00:00 0 
7f9a2ed40000-7f9a2f400000 ---p 00000000 00:00 0 
7f9a2f800000-7f9a30000000 rw-p 00000000 00:00 0 
7f9a30000000-7f9a30021000 rw-p 00000000 00:00 0 
7f9a30021000-7f9a34000000 ---p 00000000 00:00 0 
7f9a36e00000-7f9a36f00000 ---p 00000000 00:00 0 
7f9a36f00000-7f9a374af000 r--p 01122000 00:1494 4611686019135190040      /nix/store/gpxl5qgg8kicmcvivwmybwjlpf7wh20l-graalvm17-ce-22.3.0/lib/libjvmcicompiler.so
7f9a374af000-7f9a37600000 r--p 00000000 00:00 0 
7f9a37600000-7f9a3763d000 rw-p 00000000 00:00 0 
7f9a3763d000-7f9a37b5d000 rw-p 0185f000 00:1494 4611686019135190040      /nix/store/gpxl5qgg8kicmcvivwmybwjlpf7wh20l-graalvm17-ce-22.3.0/lib/libjvmcicompiler.so
7f9a37b5d000-7f9a37f44000 r--p 01d7f000 00:1494 4611686019135190040      /nix/store/gpxl5qgg8kicmcvivwmybwjlpf7wh20l-graalvm17-ce-22.3.0/lib/libjvmcicompiler.so
7f9a38000000-7f9a38021000 rw-p 00000000 00:00 0 
7f9a38021000-7f9a3c000000 ---p 00000000 00:00 0 
7f9a3c000000-7f9a3c13c000 rw-p 00000000 00:00 0 
7f9a3c13c000-7f9a40000000 ---p 00000000 00:00 0 
7f9a40000000-7f9a40021000 rw-p 00000000 00:00 0 
7f9a40021000-7f9a44000000 ---p 00000000 00:00 0 
7f9a44000000-7f9a44021000 rw-p 00000000 00:00 0 
7f9a44021000-7f9a48000000 ---p 00000000 00:00 0 
7f9a48000000-7f9a48021000 rw-p 00000000 00:00 0 
7f9a48021000-7f9a4c000000 ---p 00000000 00:00 0 
7f9a4c400000-7f9a4c700000 rw-p 00000000 00:00 0 
7f9a4c700000-7f9a4c800000 rw-p 00000000 00:00 0 
7f9a4c800000-7f9a4c900000 rw-p 00000000 00:00 0 
7f9a4c900000-7f9a4cc00000 rw-p 00000000 00:00 0 
7f9a4dcb3000-7f9a57800000 r--s 00000000 00:1494 4611686019135192581      /nix/store/gpxl5qgg8kicmcvivwmybwjlpf7wh20l-graalvm17-ce-22.3.0/lib/modules
7f9a57800000-7f9a57900000 rw-p 00000000 00:00 0 
7f9a57900000-7f9a57a00000 rw-p 00000000 00:00 0 
7f9a57a00000-7f9a58000000 rw-p 00000000 00:00 0 
7f9a58000000-7f9a58558000 rw-p 00000000 00:00 0 
7f9a58558000-7f9a5c000000 ---p 00000000 00:00 0 
7f9a5c000000-7f9a5c05f000 rw-p 00000000 00:00 0 
7f9a5c05f000-7f9a60000000 ---p 00000000 00:00 0 
7f9a60000000-7f9a6011c000 rw-p 00000000 00:00 0 
7f9a6011c000-7f9a64000000 ---p 00000000 00:00 0 
7f9a64000000-7f9a641c4000 rw-p 00000000 00:00 0 
7f9a641c4000-7f9a68000000 ---p 00000000 00:00 0 
7f9a68000000-7f9a68021000 rw-p 00000000 00:00 0 
7f9a68021000-7f9a6c000000 ---p 00000000 00:00 0 
7f9a6c000000-7f9a6c021000 rw-p 00000000 00:00 0 
7f9a6c021000-7f9a70000000 ---p 00000000 00:00 0 
7f9a70000000-7f9a7004d000 rw-p 00000000 00:00 0 
7f9a7004d000-7f9a74000000 ---p 00000000 00:00 0 
7f9a74000000-7f9a7406e000 rw-p 00000000 00:00 0 
7f9a7406e000-7f9a78000000 ---p 00000000 00:00 0 
7f9a78000000-7f9a78021000 rw-p 00000000 00:00 0 
7f9a78021000-7f9a7c000000 ---p 00000000 00:00 0 
7f9a7c000000-7f9a7c32f000 rw-p 00000000 00:00 0 
7f9a7c32f000-7f9a80000000 ---p 00000000 00:00 0 
7f9a80000000-7f9a80021000 rw-p 00000000 00:00 0 
7f9a80021000-7f9a84000000 ---p 00000000 00:00 0 
7f9a84000000-7f9a84021000 rw-p 00000000 00:00 0 
7f9a84021000-7f9a88000000 ---p 00000000 00:00 0 
7f9a88000000-7f9a888fa000 rw-p 00000000 00:00 0 
7f9a888fa000-7f9a8c000000 ---p 00000000 00:00 0 
7f9a8c000000-7f9a8c025000 rw-p 00000000 00:00 0 
7f9a8c025000-7f9a90000000 ---p 00000000 00:00 0 
7f9a90000000-7f9a90021000 rw-p 00000000 00:00 0 
7f9a90021000-7f9a94000000 ---p 00000000 00:00 0 
7f9a94000000-7f9a94021000 rw-p 00000000 00:00 0 
7f9a94021000-7f9a98000000 ---p 00000000 00:00 0 
7f9a98000000-7f9a98021000 rw-p 00000000 00:00 0 
7f9a98021000-7f9a9c000000 ---p 00000000 00:00 0 
7f9a9c000000-7f9a9c0c0000 rw-p 00000000 00:00 0 
7f9a9c0c0000-7f9a9c100000 rw-p 00000000 00:00 0 
7f9a9c100000-7f9a9c2e0000 rw-p 00000000 00:00 0 
7f9a9c2e0000-7f9a9c300000 rw-p 00000000 00:00 0 
7f9a9c300000-7f9a9c500000 rw-p 00000000 00:00 0 
7f9a9c500000-7f9a9c600000 rw-p 00000000 00:00 0 
7f9a9c600000-7f9a9c800000 rw-p 00000000 00:00 0 
7f9a9c800000-7f9a9c900000 rw-p 00000000 00:00 0 
7f9a9c900000-7f9a9ca00000 rw-p 00000000 00:00 0 
7f9a9ca00000-7f9a9cf80000 rw-p 00000000 00:00 0 
7f9a9cf80000-7f9a9d000000 rw-p 00000000 00:00 0 
7f9a9d000000-7f9a9d100000 rw-p 00000000 00:00 0 
7f9a9d100000-7f9a9d200000 rw-p 00000000 00:00 0 
7f9a9d200000-7f9a9d700000 rw-p 00000000 00:00 0 
7f9a9d700000-7f9a9d800000 rw-p 00000000 00:00 0 
7f9a9d800000-7f9a9d810000 r-xp 00000000 00:13fc 356                      /home/runner/.cache/jdt-language-server/config/org.eclipse.equinox.launcher/org.eclipse.equinox.launcher.gtk.linux.x86_64_1.2.400.v20211117-0650/eclipse_11600.so
7f9a9d810000-7f9a9da0f000 ---p 00010000 00:13fc 356                      /home/runner/.cache/jdt-language-server/config/org.eclipse.equinox.launcher/org.eclipse.equinox.launcher.gtk.linux.x86_64_1.2.400.v20211117-0650/eclipse_11600.so
7f9a9da0f000-7f9a9da10000 r--p 0000f000 00:13fc 356                      /home/runner/.cache/jdt-language-server/config/org.eclipse.equinox.launcher/org.eclipse.equinox.launcher.gtk.linux.x86_64_1.2.400.v20211117-0650/eclipse_11600.so
7f9a9da10000-7f9a9da11000 rw-p 00010000 00:13fc 356                      /home/runner/.cache/jdt-language-server/config/org.eclipse.equinox.launcher/org.eclipse.equinox.launcher.gtk.linux.x86_64_1.2.400.v20211117-0650/eclipse_11600.so
7f9a9e300000-7f9a9e304000 ---p 00000000 00:00 0 
7f9a9e304000-7f9a9e400000 rw-p 00000000 00:00 0 
7f9a9e500000-7f9a9e504000 ---p 00000000 00:00 0 
7f9a9e504000-7f9a9e600000 rw-p 00000000 00:00 0 
7f9a9e700000-7f9a9e704000 ---p 00000000 00:00 0 
7f9a9e704000-7f9a9e800000 rw-p 00000000 00:00 0 
7f9a9e800000-7f9a9e804000 ---p 00000000 00:00 0 
7f9a9e804000-7f9a9e900000 rw-p 00000000 00:00 0 
7f9a9e900000-7f9a9e904000 ---p 00000000 00:00 0 
7f9a9e904000-7f9a9ea00000 rw-p 00000000 00:00 0 
7f9a9eb00000-7f9a9eb04000 ---p 00000000 00:00 0 
7f9a9eb04000-7f9a9ec00000 rw-p 00000000 00:00 0 
7f9a9ed00000-7f9a9ed04000 ---p 00000000 00:00 0 
7f9a9ed04000-7f9a9ee00000 rw-p 00000000 00:00 0 
7f9a9ef00000-7f9a9ef04000 ---p 00000000 00:00 0 
7f9a9ef04000-7f9a9f000000 rw-p 00000000 00:00 0 
7f9a9f100000-7f9a9f104000 ---p 00000000 00:00 0 
7f9a9f104000-7f9a9f200000 rw-p 00000000 00:00 0 
7f9a9f300000-7f9a9f304000 ---p 00000000 00:00 0 
7f9a9f304000-7f9a9f400000 rw-p 00000000 00:00 0 
7f9a9f500000-7f9a9f504000 ---p 00000000 00:00 0 
7f9a9f504000-7f9a9f600000 rw-p 00000000 00:00 0 
7f9a9f800000-7f9a9f804000 ---p 00000000 00:00 0 
7f9a9f804000-7f9a9f900000 rw-p 00000000 00:00 0 
7f9a9fa00000-7f9a9fa04000 ---p 00000000 00:00 0 
7f9a9fa04000-7f9a9fb00000 rw-p 00000000 00:00 0 
7f9a9fc00000-7f9a9fc04000 ---p 00000000 00:00 0 
7f9a9fc04000-7f9a9fd00000 rw-p 00000000 00:00 0 
7f9a9fe00000-7f9a9fe04000 ---p 00000000 00:00 0 
7f9a9fe04000-7f9a9ff00000 rw-p 00000000 00:00 0 
7f9a9ff00000-7f9a9ff04000 ---p 00000000 00:00 0 
7f9a9ff04000-7f9aa0000000 rw-p 00000000 00:00 0 
7f9aa0000000-7f9aa0004000 ---p 00000000 00:00 0 
7f9aa0004000-7f9aa0100000 rw-p 00000000 00:00 0 
7f9aa0100000-7f9aa0104000 ---p 00000000 00:00 0 
7f9aa0104000-7f9aa0200000 rw-p 00000000 00:00 0 
7f9aa0200000-7f9aa0204000 ---p 00000000 00:00 0 
7f9aa0204000-7f9aa0300000 rw-p 00000000 00:00 0 
7f9aa0300000-7f9aa0304000 ---p 00000000 00:00 0 
7f9aa0304000-7f9aa0400000 rw-p 00000000 00:00 0 
7f9aa0400000-7f9aa0404000 ---p 00000000 00:00 0 
7f9aa0404000-7f9aa0500000 rw-p 00000000 00:00 0 
7f9aa0500000-7f9aa0504000 ---p 00000000 00:00 0 
7f9aa0504000-7f9aa0600000 rw-p 00000000 00:00 0 
7f9aa0600000-7f9aa0604000 ---p 00000000 00:00 0 
7f9aa0604000-7f9aa0700000 rw-p 00000000 00:00 0 
7f9aa0700000-7f9aa0704000 ---p 00000000 00:00 0 
7f9aa0704000-7f9aa0800000 rw-p 00000000 00:00 0 
7f9aa0800000-7f9aa0804000 ---p 00000000 00:00 0 
7f9aa0804000-7f9aa0900000 rw-p 00000000 00:00 0 
7f9aa0900000-7f9aa0904000 ---p 00000000 00:00 0 
7f9aa0904000-7f9aa0a00000 rw-p 00000000 00:00 0 
7f9aa0a00000-7f9aa0a04000 ---p 00000000 00:00 0 
7f9aa0a04000-7f9aa0b00000 rw-p 00000000 00:00 0 
7f9aa0b00000-7f9aa0b04000 ---p 00000000 00:00 0 
7f9aa0b04000-7f9aa0c00000 rw-p 00000000 00:00 0 
7f9aa0c00000-7f9aa0c04000 ---p 00000000 00:00 0 
7f9aa0c04000-7f9aa0d00000 rw-p 00000000 00:00 0 
7f9aa0d00000-7f9aa0d04000 ---p 00000000 00:00 0 
7f9aa0d04000-7f9aa0e00000 rw-p 00000000 00:00 0 
7f9aa0e00000-7f9aa0e04000 ---p 00000000 00:00 0 
7f9aa0e04000-7f9aa0f00000 rw-p 00000000 00:00 0 
7f9aa0f00000-7f9aa0f04000 ---p 00000000 00:00 0 
7f9aa0f04000-7f9aa1000000 rw-p 00000000 00:00 0 
7f9aa1000000-7f9aa1004000 ---p 00000000 00:00 0 
7f9aa1004000-7f9aa1100000 rw-p 00000000 00:00 0 
7f9aa1100000-7f9aa1104000 ---p 00000000 00:00 0 
7f9aa1104000-7f9aa1200000 rw-p 00000000 00:00 0 
7f9aa1200000-7f9aa1204000 ---p 00000000 00:00 0 
7f9aa1204000-7f9aa1300000 rw-p 00000000 00:00 0 
7f9aa1300000-7f9aa1304000 ---p 00000000 00:00 0 
7f9aa1304000-7f9aa1400000 rw-p 00000000 00:00 0 
7f9aa1400000-7f9aa1404000 ---p 00000000 00:00 0 
7f9aa1404000-7f9aa1500000 rw-p 00000000 00:00 0 
7f9aa1500000-7f9aa1504000 ---p 00000000 00:00 0 
7f9aa1504000-7f9aa1600000 rw-p 00000000 00:00 0 
7f9aa1600000-7f9aa1604000 ---p 00000000 00:00 0 
7f9aa1604000-7f9aa1700000 rw-p 00000000 00:00 0 
7f9aa1700000-7f9aa1704000 ---p 00000000 00:00 0 
7f9aa1704000-7f9aa1800000 rw-p 00000000 00:00 0 
7f9aa1800000-7f9aa1804000 ---p 00000000 00:00 0 
7f9aa1804000-7f9aa1900000 rw-p 00000000 00:00 0 
7f9aa1900000-7f9aa1904000 ---p 00000000 00:00 0 
7f9aa1904000-7f9aa1a00000 rw-p 00000000 00:00 0 
7f9aa1a00000-7f9aa1a04000 ---p 00000000 00:00 0 
7f9aa1a04000-7f9aa1b00000 rw-p 00000000 00:00 0 
7f9aa1b00000-7f9aa1b04000 ---p 00000000 00:00 0 
7f9aa1b04000-7f9aa1c00000 rw-p 00000000 00:00 0 
7f9aa1c00000-7f9aa3d6a000 r-xp 00000000 00:1494 4611686019135190040      /nix/store/gpxl5qgg8kicmcvivwmybwjlpf7wh20l-graalvm17-ce-22.3.0/lib/libjvmcicompiler.so
7f9aa3d6a000-7f9aa3f69000 ---p 0216a000 00:1494 4611686019135190040      /nix/store/gpxl5qgg8kicmcvivwmybwjlpf7wh20l-graalvm17-ce-22.3.0/lib/libjvmcicompiler.so
7f9aa3f69000-7f9aa3f6a000 r--p 02169000 00:1494 4611686019135190040      /nix/store/gpxl5qgg8kicmcvivwmybwjlpf7wh20l-graalvm17-ce-22.3.0/lib/libjvmcicompiler.so
7f9aa3f6a000-7f9aa3f6c000 rw-p 0216a000 00:1494 4611686019135190040      /nix/store/gpxl5qgg8kicmcvivwmybwjlpf7wh20l-graalvm17-ce-22.3.0/lib/libjvmcicompiler.so
7f9aa3f6c000-7f9aa3f6d000 rw-p 00000000 00:00 0 
7f9aa3f6d000-7f9aa3f72000 rw-p 023c3000 00:1494 4611686019135190040      /nix/store/gpxl5qgg8kicmcvivwmybwjlpf7wh20l-graalvm17-ce-22.3.0/lib/libjvmcicompiler.so
7f9aa4000000-7f9aa4021000 rw-p 00000000 00:00 0 
7f9aa4021000-7f9aa8000000 ---p 00000000 00:00 0 
7f9aa8000000-7f9aa8021000 rw-p 00000000 00:00 0 
7f9aa8021000-7f9aac000000 ---p 00000000 00:00 0 
7f9aac000000-7f9aac021000 rw-p 00000000 00:00 0 
7f9aac021000-7f9ab0000000 ---p 00000000 00:00 0 
7f9ab0000000-7f9ab0021000 rw-p 00000000 00:00 0 
7f9ab0021000-7f9ab4000000 ---p 00000000 00:00 0 
7f9ab4000000-7f9ab40dd000 rw-p 00000000 00:00 0 
7f9ab40dd000-7f9ab8000000 ---p 00000000 00:00 0 
7f9ab8000000-7f9ab8b35000 rw-p 00000000 00:00 0 
7f9ab8b35000-7f9abc000000 ---p 00000000 00:00 0 
7f9abc000000-7f9abc021000 rw-p 00000000 00:00 0 
7f9abc021000-7f9ac0000000 ---p 00000000 00:00 0 
7f9ac0000000-7f9ac0021000 rw-p 00000000 00:00 0 
7f9ac0021000-7f9ac4000000 ---p 00000000 00:00 0 
7f9ac4000000-7f9ac4021000 rw-p 00000000 00:00 0 
7f9ac4021000-7f9ac8000000 ---p 00000000 00:00 0 
7f9ac8000000-7f9ac8021000 rw-p 00000000 00:00 0 
7f9ac8021000-7f9acc000000 ---p 00000000 00:00 0 
7f9acc000000-7f9acc021000 rw-p 00000000 00:00 0 
7f9acc021000-7f9ad0000000 ---p 00000000 00:00 0 
7f9ad0000000-7f9ad0021000 rw-p 00000000 00:00 0 
7f9ad0021000-7f9ad4000000 ---p 00000000 00:00 0 
7f9ad4000000-7f9ad412a000 rw-p 00000000 00:00 0 
7f9ad412a000-7f9ad8000000 ---p 00000000 00:00 0 
7f9ad8000000-7f9ad8004000 ---p 00000000 00:00 0 
7f9ad8004000-7f9ad8100000 rw-p 00000000 00:00 0 
7f9ad8100000-7f9ad8104000 ---p 00000000 00:00 0 
7f9ad8104000-7f9ad8200000 rw-p 00000000 00:00 0 
7f9ad8200000-7f9ad8204000 ---p 00000000 00:00 0 
7f9ad8204000-7f9ad8300000 rw-p 00000000 00:00 0 
7f9ad8300000-7f9ad8304000 ---p 00000000 00:00 0 
7f9ad8304000-7f9ad8400000 rw-p 00000000 00:00 0 
7f9ad8400000-7f9ad8404000 ---p 00000000 00:00 0 
7f9ad8404000-7f9ad8500000 rw-p 00000000 00:00 0 
7f9ad9168000-7f9ad9600000 rw-p 00000000 00:00 0 
7f9ad9646000-7f9ad9647000 ---p 00000000 00:00 0 
7f9ad9647000-7f9ad9748000 rw-p 00000000 00:00 0 
7f9ad9748000-7f9ad974c000 ---p 00000000 00:00 0 
7f9ad974c000-7f9ad9848000 rw-p 00000000 00:00 0 
7f9ad9848000-7f9ad984c000 ---p 00000000 00:00 0 
7f9ad984c000-7f9ad9948000 rw-p 00000000 00:00 0 
7f9ad9948000-7f9ad994c000 ---p 00000000 00:00 0 
7f9ad994c000-7f9ad9a48000 rw-p 00000000 00:00 0 
7f9ad9a48000-7f9ad9a4c000 ---p 00000000 00:00 0 
7f9ad9a4c000-7f9ad9c48000 rw-p 00000000 00:00 0 
7f9ad9c48000-7f9ad9c4c000 ---p 00000000 00:00 0 
7f9ad9c4c000-7f9ad9e48000 rw-p 00000000 00:00 0 
7f9ad9e48000-7f9ad9e4c000 ---p 00000000 00:00 0 
7f9ad9e4c000-7f9ad9f48000 rw-p 00000000 00:00 0 
7f9ad9f48000-7f9ad9f4c000 ---p 00000000 00:00 0 
7f9ad9f4c000-7f9ada048000 rw-p 00000000 00:00 0 
7f9ada048000-7f9ada04c000 ---p 00000000 00:00 0 
7f9ada04c000-7f9ada148000 rw-p 00000000 00:00 0 
7f9ada148000-7f9ada42e000 r--p 00000000 00:d16 28444448                  /usr/lib/locale/locale-archive
7f9ada42e000-7f9ada432000 ---p 00000000 00:00 0 
7f9ada432000-7f9ada52e000 rw-p 00000000 00:00 0 
7f9ada52e000-7f9ada532000 ---p 00000000 00:00 0 
7f9ada532000-7f9ada62e000 rw-p 00000000 00:00 0 
7f9ada62e000-7f9ada62f000 ---p 00000000 00:00 0 
7f9ada62f000-7f9ada730000 rw-p 00000000 00:00 0 
7f9ada730000-7f9ada7fe000 r-xp 00000000 00:1494 4611686019135190036      /nix/store/gpxl5qgg8kicmcvivwmybwjlpf7wh20l-graalvm17-ce-22.3.0/lib/libjsvml.so
7f9ada7fe000-7f9ada7ff000 r--p 000cd000 00:1494 4611686019135190036      /nix/store/gpxl5qgg8kicmcvivwmybwjlpf7wh20l-graalvm17-ce-22.3.0/lib/libjsvml.so
7f9ada7ff000-7f9ada800000 rw-p 000ce000 00:1494 4611686019135190036      /nix/store/gpxl5qgg8kicmcvivwmybwjlpf7wh20l-graalvm17-ce-22.3.0/lib/libjsvml.so
7f9ada800000-7f9adac00000 rw-p 00000000 00:00 0 
7f9adac00000-7f9adaf00000 rw-p 00000000 00:00 0 
7f9adaf00000-7f9adb000000 rw-p 00000000 00:00 0 
7f9adb072000-7f9adb076000 ---p 00000000 00:00 0 
7f9adb076000-7f9adb094000 rw-p 00000000 00:00 0 
7f9adb094000-7f9adb0a9000 r-xp 00000000 00:1494 4611686019135192570      /nix/store/gpxl5qgg8kicmcvivwmybwjlpf7wh20l-graalvm17-ce-22.3.0/lib/libnet.so
7f9adb0a9000-7f9adb0aa000 ---p 00015000 00:1494 4611686019135192570      /nix/store/gpxl5qgg8kicmcvivwmybwjlpf7wh20l-graalvm17-ce-22.3.0/lib/libnet.so
7f9adb0aa000-7f9adb0ab000 r--p 00015000 00:1494 4611686019135192570      /nix/store/gpxl5qgg8kicmcvivwmybwjlpf7wh20l-graalvm17-ce-22.3.0/lib/libnet.so
7f9adb0ab000-7f9adb0ac000 rw-p 00016000 00:1494 4611686019135192570      /nix/store/gpxl5qgg8kicmcvivwmybwjlpf7wh20l-graalvm17-ce-22.3.0/lib/libnet.so
7f9adb0ac000-7f9adb0af000 rw-p 0001b000 00:1494 4611686019135192570      /nix/store/gpxl5qgg8kicmcvivwmybwjlpf7wh20l-graalvm17-ce-22.3.0/lib/libnet.so
7f9adb0af000-7f9adb4b3000 rw-p 00000000 00:00 0 
7f9adb4b3000-7f9adb723000 rwxp 00000000 00:00 0 
7f9adb723000-7f9adba42000 ---p 00000000 00:00 0 
7f9adba42000-7f9adcd82000 rwxp 00000000 00:00 0 
7f9adcd82000-7f9ae2f7a000 ---p 00000000 00:00 0 
7f9ae2f7a000-7f9ae324a000 rwxp 00000000 00:00 0 
7f9ae324a000-7f9aea4b3000 ---p 00000000 00:00 0 
7f9aea4b3000-7f9af4000000 r--s 00000000 00:1494 4611686019135192581      /nix/store/gpxl5qgg8kicmcvivwmybwjlpf7wh20l-graalvm17-ce-22.3.0/lib/modules
7f9af4000000-7f9af4602000 rw-p 00000000 00:00 0 
7f9af4602000-7f9af8000000 ---p 00000000 00:00 0 
7f9af8006000-7f9af8008000 r-xp 00000000 00:1494 4611686019135190017      /nix/store/gpxl5qgg8kicmcvivwmybwjlpf7wh20l-graalvm17-ce-22.3.0/lib/libextnet.so
7f9af8008000-7f9af8009000 r--p 00001000 00:1494 4611686019135190017      /nix/store/gpxl5qgg8kicmcvivwmybwjlpf7wh20l-graalvm17-ce-22.3.0/lib/libextnet.so
7f9af8009000-7f9af800a000 rw-p 00002000 00:1494 4611686019135190017      /nix/store/gpxl5qgg8kicmcvivwmybwjlpf7wh20l-graalvm17-ce-22.3.0/lib/libextnet.so
7f9af800a000-7f9af800b000 rw-p 00004000 00:1494 4611686019135190017      /nix/store/gpxl5qgg8kicmcvivwmybwjlpf7wh20l-graalvm17-ce-22.3.0/lib/libextnet.so
7f9af800b000-7f9af8012000 r-xp 00000000 00:1494 4611686019135192580      /nix/store/gpxl5qgg8kicmcvivwmybwjlpf7wh20l-graalvm17-ce-22.3.0/lib/libzip.so
7f9af8012000-7f9af8013000 ---p 00007000 00:1494 4611686019135192580      /nix/store/gpxl5qgg8kicmcvivwmybwjlpf7wh20l-graalvm17-ce-22.3.0/lib/libzip.so
7f9af8013000-7f9af8014000 r--p 00007000 00:1494 4611686019135192580      /nix/store/gpxl5qgg8kicmcvivwmybwjlpf7wh20l-graalvm17-ce-22.3.0/lib/libzip.so
7f9af8014000-7f9af8015000 rw-p 00008000 00:1494 4611686019135192580      /nix/store/gpxl5qgg8kicmcvivwmybwjlpf7wh20l-graalvm17-ce-22.3.0/lib/libzip.so
7f9af8015000-7f9af8017000 rw-p 0000b000 00:1494 4611686019135192580      /nix/store/gpxl5qgg8kicmcvivwmybwjlpf7wh20l-graalvm17-ce-22.3.0/lib/libzip.so
7f9af8017000-7f9af802a000 r-xp 00000000 00:1494 4611686019135192571      /nix/store/gpxl5qgg8kicmcvivwmybwjlpf7wh20l-graalvm17-ce-22.3.0/lib/libnio.so
7f9af802a000-7f9af802b000 r--p 00012000 00:1494 4611686019135192571      /nix/store/gpxl5qgg8kicmcvivwmybwjlpf7wh20l-graalvm17-ce-22.3.0/lib/libnio.so
7f9af802b000-7f9af802c000 rw-p 00013000 00:1494 4611686019135192571      /nix/store/gpxl5qgg8kicmcvivwmybwjlpf7wh20l-graalvm17-ce-22.3.0/lib/libnio.so
7f9af802c000-7f9af8031000 rw-p 00019000 00:1494 4611686019135192571      /nix/store/gpxl5qgg8kicmcvivwmybwjlpf7wh20l-graalvm17-ce-22.3.0/lib/libnio.so
7f9af8031000-7f9af9505000 rw-p 00000000 00:00 0 
7f9af9505000-7f9af9506000 ---p 00000000 00:00 0 
7f9af9506000-7f9af96b1000 rw-p 00000000 00:00 0 
7f9af96b1000-7f9af96f8000 rw-p 00000000 00:00 0 
7f9af96f8000-7f9af9707000 ---p 00000000 00:00 0 
7f9af9707000-7f9af970e000 rw-p 00000000 00:00 0 
7f9af970e000-7f9af97f3000 ---p 00000000 00:00 0 
7f9af97f3000-7f9af981a000 rw-p 00000000 00:00 0 
7f9af981a000-7f9af98de000 ---p 00000000 00:00 0 
7f9af98de000-7f9af98e3000 rw-p 00000000 00:00 0 
7f9af98e3000-7f9af98ea000 ---p 00000000 00:00 0 
7f9af98ea000-7f9af990e000 r-xp 00000000 00:1494 4611686019135190028      /nix/store/gpxl5qgg8kicmcvivwmybwjlpf7wh20l-graalvm17-ce-22.3.0/lib/libjava.so
7f9af990e000-7f9af990f000 ---p 00024000 00:1494 4611686019135190028      /nix/store/gpxl5qgg8kicmcvivwmybwjlpf7wh20l-graalvm17-ce-22.3.0/lib/libjava.so
7f9af990f000-7f9af9910000 r--p 00024000 00:1494 4611686019135190028      /nix/store/gpxl5qgg8kicmcvivwmybwjlpf7wh20l-graalvm17-ce-22.3.0/lib/libjava.so
7f9af9910000-7f9af9911000 rw-p 00025000 00:1494 4611686019135190028      /nix/store/gpxl5qgg8kicmcvivwmybwjlpf7wh20l-graalvm17-ce-22.3.0/lib/libjava.so
7f9af9911000-7f9af9912000 rw-p 00000000 00:00 0 
7f9af9912000-7f9af9919000 rw-p 0002f000 00:1494 4611686019135190028      /nix/store/gpxl5qgg8kicmcvivwmybwjlpf7wh20l-graalvm17-ce-22.3.0/lib/libjava.so
7f9af9919000-7f9af9921000 rw-s 00000000 00:d3f 351                       /tmp/hsperfdata_runner/28
7f9af9921000-7f9af9922000 ---p 00000000 00:00 0 
7f9af9922000-7f9af9923000 r--p 00000000 00:00 0 
7f9af9923000-7f9af9924000 rwxp 00000000 00:00 0 
7f9af9924000-7f9af993f000 r-xp 00000000 00:1494 4611686019135190032      /nix/store/gpxl5qgg8kicmcvivwmybwjlpf7wh20l-graalvm17-ce-22.3.0/lib/libjimage.so
7f9af993f000-7f9af9940000 ---p 0001b000 00:1494 4611686019135190032      /nix/store/gpxl5qgg8kicmcvivwmybwjlpf7wh20l-graalvm17-ce-22.3.0/lib/libjimage.so
7f9af9940000-7f9af9942000 r--p 0001b000 00:1494 4611686019135190032      /nix/store/gpxl5qgg8kicmcvivwmybwjlpf7wh20l-graalvm17-ce-22.3.0/lib/libjimage.so
7f9af9942000-7f9af9943000 rw-p 0001d000 00:1494 4611686019135190032      /nix/store/gpxl5qgg8kicmcvivwmybwjlpf7wh20l-graalvm17-ce-22.3.0/lib/libjimage.so
7f9af9943000-7f9af9944000 rw-p 00024000 00:1494 4611686019135190032      /nix/store/gpxl5qgg8kicmcvivwmybwjlpf7wh20l-graalvm17-ce-22.3.0/lib/libjimage.so
7f9af9944000-7f9af9948000 ---p 00000000 00:00 0 
7f9af9948000-7f9af9a44000 rw-p 00000000 00:00 0 
7f9af9a44000-7f9af9a52000 r--p 00000000 00:1494 4611686019027979927      /nix/store/4nlgxhb09sdr51nc9hdm8az5b08vzkgx-glibc-2.35-163/lib/libm.so.6
7f9af9a52000-7f9af9ac5000 r-xp 0000e000 00:1494 4611686019027979927      /nix/store/4nlgxhb09sdr51nc9hdm8az5b08vzkgx-glibc-2.35-163/lib/libm.so.6
7f9af9ac5000-7f9af9b22000 r--p 00081000 00:1494 4611686019027979927      /nix/store/4nlgxhb09sdr51nc9hdm8az5b08vzkgx-glibc-2.35-163/lib/libm.so.6
7f9af9b22000-7f9af9b23000 r--p 000dd000 00:1494 4611686019027979927      /nix/store/4nlgxhb09sdr51nc9hdm8az5b08vzkgx-glibc-2.35-163/lib/libm.so.6
7f9af9b23000-7f9af9b24000 rw-p 000de000 00:1494 4611686019027979927      /nix/store/4nlgxhb09sdr51nc9hdm8az5b08vzkgx-glibc-2.35-163/lib/libm.so.6
7f9af9b24000-7f9af9b25000 r--p 00000000 00:1494 4611686019027979946      /nix/store/4nlgxhb09sdr51nc9hdm8az5b08vzkgx-glibc-2.35-163/lib/librt.so.1
7f9af9b25000-7f9af9b26000 r-xp 00001000 00:1494 4611686019027979946      /nix/store/4nlgxhb09sdr51nc9hdm8az5b08vzkgx-glibc-2.35-163/lib/librt.so.1
7f9af9b26000-7f9af9b27000 r--p 00002000 00:1494 4611686019027979946      /nix/store/4nlgxhb09sdr51nc9hdm8az5b08vzkgx-glibc-2.35-163/lib/librt.so.1
7f9af9b27000-7f9af9b28000 r--p 00002000 00:1494 4611686019027979946      /nix/store/4nlgxhb09sdr51nc9hdm8az5b08vzkgx-glibc-2.35-163/lib/librt.so.1
7f9af9b28000-7f9af9b29000 rw-p 00003000 00:1494 4611686019027979946      /nix/store/4nlgxhb09sdr51nc9hdm8az5b08vzkgx-glibc-2.35-163/lib/librt.so.1
7f9af9b29000-7f9afac3c000 r-xp 00000000 00:1494 4611686019135360866      /nix/store/gpxl5qgg8kicmcvivwmybwjlpf7wh20l-graalvm17-ce-22.3.0/lib/server/libjvm.so
7f9afac3c000-7f9afac3d000 ---p 01113000 00:1494 4611686019135360866      /nix/store/gpxl5qgg8kicmcvivwmybwjlpf7wh20l-graalvm17-ce-22.3.0/lib/server/libjvm.so
7f9afac3d000-7f9afacf2000 r--p 01113000 00:1494 4611686019135360866      /nix/store/gpxl5qgg8kicmcvivwmybwjlpf7wh20l-graalvm17-ce-22.3.0/lib/server/libjvm.so
7f9afacf2000-7f9afad26000 rw-p 011c8000 00:1494 4611686019135360866      /nix/store/gpxl5qgg8kicmcvivwmybwjlpf7wh20l-graalvm17-ce-22.3.0/lib/server/libjvm.so
7f9afad26000-7f9afad82000 rw-p 00000000 00:00 0 
7f9afad82000-7f9afadaa000 r--p 00000000 00:1494 4611686019027979918      /nix/store/4nlgxhb09sdr51nc9hdm8az5b08vzkgx-glibc-2.35-163/lib/libc.so.6
7f9afadaa000-7f9afaf20000 r-xp 00028000 00:1494 4611686019027979918      /nix/store/4nlgxhb09sdr51nc9hdm8az5b08vzkgx-glibc-2.35-163/lib/libc.so.6
7f9afaf20000-7f9afaf78000 r--p 0019e000 00:1494 4611686019027979918      /nix/store/4nlgxhb09sdr51nc9hdm8az5b08vzkgx-glibc-2.35-163/lib/libc.so.6
7f9afaf78000-7f9afaf7c000 r--p 001f6000 00:1494 4611686019027979918      /nix/store/4nlgxhb09sdr51nc9hdm8az5b08vzkgx-glibc-2.35-163/lib/libc.so.6
7f9afaf7c000-7f9afaf7e000 rw-p 001fa000 00:1494 4611686019027979918      /nix/store/4nlgxhb09sdr51nc9hdm8az5b08vzkgx-glibc-2.35-163/lib/libc.so.6
7f9afaf7e000-7f9afaf8d000 rw-p 00000000 00:00 0 
7f9afaf8d000-7f9afaf8e000 r--p 00000000 00:1494 4611686019027979923      /nix/store/4nlgxhb09sdr51nc9hdm8az5b08vzkgx-glibc-2.35-163/lib/libdl.so.2
7f9afaf8e000-7f9afaf8f000 r-xp 00001000 00:1494 4611686019027979923      /nix/store/4nlgxhb09sdr51nc9hdm8az5b08vzkgx-glibc-2.35-163/lib/libdl.so.2
7f9afaf8f000-7f9afaf90000 r--p 00002000 00:1494 4611686019027979923      /nix/store/4nlgxhb09sdr51nc9hdm8az5b08vzkgx-glibc-2.35-163/lib/libdl.so.2
7f9afaf90000-7f9afaf91000 r--p 00002000 00:1494 4611686019027979923      /nix/store/4nlgxhb09sdr51nc9hdm8az5b08vzkgx-glibc-2.35-163/lib/libdl.so.2
7f9afaf91000-7f9afaf92000 rw-p 00003000 00:1494 4611686019027979923      /nix/store/4nlgxhb09sdr51nc9hdm8az5b08vzkgx-glibc-2.35-163/lib/libdl.so.2
7f9afaf92000-7f9afaf93000 r--p 00000000 00:1494 4611686019027979942      /nix/store/4nlgxhb09sdr51nc9hdm8az5b08vzkgx-glibc-2.35-163/lib/libpthread.so.0
7f9afaf93000-7f9afaf94000 r-xp 00001000 00:1494 4611686019027979942      /nix/store/4nlgxhb09sdr51nc9hdm8az5b08vzkgx-glibc-2.35-163/lib/libpthread.so.0
7f9afaf94000-7f9afaf95000 r--p 00002000 00:1494 4611686019027979942      /nix/store/4nlgxhb09sdr51nc9hdm8az5b08vzkgx-glibc-2.35-163/lib/libpthread.so.0
7f9afaf95000-7f9afaf96000 r--p 00002000 00:1494 4611686019027979942      /nix/store/4nlgxhb09sdr51nc9hdm8az5b08vzkgx-glibc-2.35-163/lib/libpthread.so.0
7f9afaf96000-7f9afaf97000 rw-p 00003000 00:1494 4611686019027979942      /nix/store/4nlgxhb09sdr51nc9hdm8az5b08vzkgx-glibc-2.35-163/lib/libpthread.so.0
7f9afaf97000-7f9afafa5000 r-xp 00000000 00:1494 4611686019135190033      /nix/store/gpxl5qgg8kicmcvivwmybwjlpf7wh20l-graalvm17-ce-22.3.0/lib/libjli.so
7f9afafa5000-7f9afafa6000 ---p 0000e000 00:1494 4611686019135190033      /nix/store/gpxl5qgg8kicmcvivwmybwjlpf7wh20l-graalvm17-ce-22.3.0/lib/libjli.so
7f9afafa6000-7f9afafa7000 r--p 0000e000 00:1494 4611686019135190033      /nix/store/gpxl5qgg8kicmcvivwmybwjlpf7wh20l-graalvm17-ce-22.3.0/lib/libjli.so
7f9afafa7000-7f9afafa8000 rw-p 0000f000 00:1494 4611686019135190033      /nix/store/gpxl5qgg8kicmcvivwmybwjlpf7wh20l-graalvm17-ce-22.3.0/lib/libjli.so
7f9afafa8000-7f9afafa9000 rw-p 00012000 00:1494 4611686019135190033      /nix/store/gpxl5qgg8kicmcvivwmybwjlpf7wh20l-graalvm17-ce-22.3.0/lib/libjli.so
7f9afafa9000-7f9afafac000 r--p 00000000 00:1494 4611686019106210071      /nix/store/026hln0aq1hyshaxsdvhg0kmcm6yf45r-zlib-1.2.13/lib/libz.so.1.2.13
7f9afafac000-7f9afafbe000 r-xp 00003000 00:1494 4611686019106210071      /nix/store/026hln0aq1hyshaxsdvhg0kmcm6yf45r-zlib-1.2.13/lib/libz.so.1.2.13
7f9afafbe000-7f9afafc5000 r--p 00015000 00:1494 4611686019106210071      /nix/store/026hln0aq1hyshaxsdvhg0kmcm6yf45r-zlib-1.2.13/lib/libz.so.1.2.13
7f9afafc5000-7f9afafc6000 r--p 0001b000 00:1494 4611686019106210071      /nix/store/026hln0aq1hyshaxsdvhg0kmcm6yf45r-zlib-1.2.13/lib/libz.so.1.2.13
7f9afafc6000-7f9afafc7000 rw-p 0001c000 00:1494 4611686019106210071      /nix/store/026hln0aq1hyshaxsdvhg0kmcm6yf45r-zlib-1.2.13/lib/libz.so.1.2.13
7f9afafc7000-7f9afafc9000 rw-p 00000000 00:00 0 
7f9afafc9000-7f9afafcd000 r--p 00000000 00:00 0                          [vvar]
7f9afafcd000-7f9afafcf000 r-xp 00000000 00:00 0                          [vdso]
7f9afafcf000-7f9afafd1000 r--p 00000000 00:1494 4611686019027979912      /nix/store/4nlgxhb09sdr51nc9hdm8az5b08vzkgx-glibc-2.35-163/lib/ld-linux-x86-64.so.2
7f9afafd1000-7f9afaff8000 r-xp 00002000 00:1494 4611686019027979912      /nix/store/4nlgxhb09sdr51nc9hdm8az5b08vzkgx-glibc-2.35-163/lib/ld-linux-x86-64.so.2
7f9afaff8000-7f9afb004000 r--p 00029000 00:1494 4611686019027979912      /nix/store/4nlgxhb09sdr51nc9hdm8az5b08vzkgx-glibc-2.35-163/lib/ld-linux-x86-64.so.2
7f9afb004000-7f9afb006000 r--p 00034000 00:1494 4611686019027979912      /nix/store/4nlgxhb09sdr51nc9hdm8az5b08vzkgx-glibc-2.35-163/lib/ld-linux-x86-64.so.2
7f9afb006000-7f9afb008000 rw-p 00036000 00:1494 4611686019027979912      /nix/store/4nlgxhb09sdr51nc9hdm8az5b08vzkgx-glibc-2.35-163/lib/ld-linux-x86-64.so.2
7ffde66b9000-7ffde66de000 rw-p 00000000 00:00 0                          [stack]
ffffffffff600000-ffffffffff601000 --xp 00000000 00:00 0                  [vsyscall]


VM Arguments:
jvm_args: -XX:ThreadPriorityPolicy=1 -XX:+UnlockExperimentalVMOptions -XX:+EnableJVMCIProduct -XX:JVMCIThreadsPerNativeLibraryRuntime=1 -XX:-UnlockExperimentalVMOptions -Declipse.application=org.eclipse.jdt.ls.core.id1 -Dosgi.bundles.defaultStartLevel=4 -Declipse.product=org.eclipse.jdt.ls.core.product -Dlog.level=ALL -Xverify:none -XX:+UseParallelGC -XX:GCTimeRatio=4 -XX:AdaptiveSizePolicyWeight=90 -Dsun.zip.disableMemoryMapping=true -Xmx512m -Xms100m 
java_command: /nix/store/m6gcpi1ii6rghy04cjwjddcavv7i90df-jdt-language-server-1.9.0/share/java/plugins/org.eclipse.equinox.launcher_1.6.400.v20210924-0641.jar --add-modules=ALL-SYSTEM --add-opens java.base/java.util=ALL-UNNAMED --add-opens java.base/java.lang=ALL-UNNAMED -configuration /home/runner/.cache/jdt-language-server/config -data /home/runner/.cache/jdt-language-server/data/home/runner/VirtualLibrary
java_class_path (initial): /nix/store/m6gcpi1ii6rghy04cjwjddcavv7i90df-jdt-language-server-1.9.0/share/java/plugins/org.eclipse.equinox.launcher_1.6.400.v20210924-0641.jar
Launcher Type: SUN_STANDARD

[Global flags]
    uintx AdaptiveSizePolicyWeight                 = 90                                        {product} {command line}
     intx CICompilerCount                          = 2                                         {product} {ergonomic}
     bool EnableJVMCIProduct                       = true                                {JVMCI product} {jimage}
    uintx GCTimeRatio                              = 4                                         {product} {command line}
   size_t InitialHeapSize                          = 104857600                                 {product} {command line}
     uint JVMCIThreadsPerNativeLibraryRuntime      = 1                                   {JVMCI product} {jimage}
   size_t MaxHeapSize                              = 536870912                                 {product} {command line}
   size_t MaxNewSize                               = 178782208                                 {product} {ergonomic}
   size_t MinHeapDeltaBytes                        = 524288                                    {product} {ergonomic}
   size_t MinHeapSize                              = 104857600                                 {product} {command line}
   size_t NewSize                                  = 34603008                                  {product} {ergonomic}
    uintx NonNMethodCodeHeapSize                   = 5826188                                {pd product} {ergonomic}
    uintx NonProfiledCodeHeapSize                  = 122916026                              {pd product} {ergonomic}
   size_t OldSize                                  = 70254592                                  {product} {ergonomic}
    uintx ProfiledCodeHeapSize                     = 122916026                              {pd product} {ergonomic}
    uintx ReservedCodeCacheSize                    = 251658240                              {pd product} {ergonomic}
     bool SegmentedCodeCache                       = true                                      {product} {ergonomic}
   size_t SoftMaxHeapSize                          = 536870912                              {manageable} {ergonomic}
     intx ThreadPriorityPolicy                     = 1                                         {product} {jimage}
     bool UseCompressedClassPointers               = true                           {product lp64_product} {ergonomic}
     bool UseCompressedOops                        = true                           {product lp64_product} {ergonomic}
     bool UseParallelGC                            = true                                      {product} {command line}

Logging:
Log output configuration:
 #0: stdout all=warning uptime,level,tags
 #1: stderr all=off uptime,level,tags

Environment Variables:
JAVA_HOME=/nix/store/gpxl5qgg8kicmcvivwmybwjlpf7wh20l-graalvm17-ce-22.3.0
PATH=/nix/store/1d6ian3r8kdzspw8hacjhl3xkp40g1lj-binutils-wrapper-2.39/bin:/nix/store/dq0xwmsk1g0i2ayg6pb7y87na2knzylh-gcc-wrapper-11.3.0/bin:/nix/store/bap4d0lpcrhpwmpb8ayjcgkmvfj62lnq-bash-interactive-5.1-p16/bin:/nix/store/pr5n59mb4jzmfx6kanwxly0l07p861fg-patchelf-0.15.0/bin:/nix/store/1gf2flfqnpqbr1b4p4qz2f72y42bs56r-gcc-11.3.0/bin:/nix/store/57xv61c5zi8pphjbcwxxjlgc34p61ic9-glibc-2.35-163-bin/bin:/nix/store/a7gvj343m05j2s32xcnwr35v31ynlypr-coreutils-9.1/bin:/nix/store/039g378vc3pc3dvi9dzdlrd0i4q93qwf-binutils-2.39/bin:/nix/store/gpxl5qgg8kicmcvivwmybwjlpf7wh20l-graalvm17-ce-22.3.0/bin:/nix/store/6z9ag3ihc8mq2hzsw48lhbznvzny65nz-apache-maven-3.8.6/bin:/nix/store/m6gcpi1ii6rghy04cjwjddcavv7i90df-jdt-language-server-1.9.0/bin:/nix/store/84xs5alhs01zrbr4ywm05kxbjbp5590l-java-debug/bin:/nix/store/mydc6f4k2z73xlcz7ilif3v2lcaiqvza-findutils-4.9.0/bin:/nix/store/j9p3g8472iijd50vhdprx0nmk2fqn5gv-diffutils-3.8/bin:/nix/store/89zs7rms6x00xfq4dq6m7mjnhkr8a6r4-gnused-4.8/bin:/nix/store/86bp03jkmsl6f92w0yzg4s59g5mhxwmy-gnugrep-3.7/bin:/nix/store/hwcdqw4jrjnd37wxqgsd47hd0j8bnj09-gawk-5.1.1/bin:/nix/store/cfbhw8r8ags41vwqaz47r583d0p4h4a1-gnutar-1.34/bin:/nix/store/p3m1ndl1lapwrlh698bnb5lvvxh67378-gzip-1.12/bin:/nix/store/a8mhcagrsly7c7mpjrpsnaahk4aax056-bzip2-1.0.8-bin/bin:/nix/store/mblgz65m3zv9x548a3d5m96fj2pbwr09-gnumake-4.3/bin:/nix/store/dsd5gz46hdbdk2rfdimqddhq6m8m8fqs-bash-5.1-p16/bin:/nix/store/v7ljksji50mg3w61dykaa3n3y79n6nil-patch-2.7.6/bin:/nix/store/zlcnmqq14jz5x9439jf937mvayyl63da-xz-5.2.7-bin/bin:/nix/store/y6aj732zm9m87c82fpvf103a1xb22blp-file-5.43/bin:/nix/store/i4kzir3m7mrisxmf5xvlnkw01x4qaqr4-prybar-elisp-0.0.0-e0d9a52/bin:/nix/store/lwwivxf6h7x3cvxp9zv8sj0mv7dak99r-prybar-lua-0.0.0-e0d9a52/bin:/nix/store/gxj28g1cg4hq3qanmjv07156h800qr58-prybar-python3-0.0.0-e0d9a52/bin:/nix/store/hshkjnxrgidigf8x75vg6lqng2xlx9i3-prybar-sqlite-0.0.0-e0d9a52/bin:/nix/store/c4w01bpjgyy5ixmwdk8m1pw87zq4sl26-prybar-tcl-0.0.0-e0d9a52/bin:/nix/store/hpbvrlwd5viqmvcaisb3x0118i913a9n-st
LD_LIBRARY_PATH=/nix/store/a4pff549sk2idnkpzk5nsfps3mdkdnvm-cups-2.4.2-lib/lib:/nix/store/72mqxxhh3cy5yifh92wh2yb8cl2hikyy-cairo-1.16.0/lib:/nix/store/2k366jrbsra97gjfxwvrhvixjfxdach5-glib-2.74.1/lib:/nix/store/2j2znigd8ak37rlwh9khz0ry3clqlw1l-gtk+3-3.24.34/lib:/nix/store/hisqvx32cd57apbpcsnkpx6k3549wql1-libglvnd-1.4.0/lib:/nix/store/p36pgcv991mq5srvg765b78yqpxvk3qs-mesa-21.3.3-drivers/lib:/nix/store/mav4251if1ahjq5vkpwycyyvnmy459c4-pulseaudio-14.2/lib
DISPLAY=:0
LANG=en_US.UTF-8

Signal Handlers:
   SIGSEGV: crash_handler in libjvm.so, mask=11100100010111111101111111111110, flags=SA_RESTART|SA_SIGINFO
    SIGBUS: crash_handler in libjvm.so, mask=11100100010111111101111111111110, flags=SA_RESTART|SA_SIGINFO
    SIGFPE: crash_handler in libjvm.so, mask=11100100010111111101111111111110, flags=SA_RESTART|SA_SIGINFO
   SIGPIPE: IsolateEnterStub_IgnoreSIGPIPEStartupHook_noopSignalHandler_8f19bff2f35b5f630d83b364d6b2339320d4ec70_216e8361c6bc87a8f89f58cc10d3b2fd4415bf87 in libjvmcicompiler.so, mask=00000000000000000000000000000000, flags=SA_RESTART
  *** Handler was modified!
  *** Expected: javaSignalHandler in libjvm.so, mask=11100100110111111111111111111110, flags=SA_RESTART|SA_SIGINFO
   SIGXFSZ: javaSignalHandler in libjvm.so, mask=11100100010111111101111111111110, flags=SA_RESTART|SA_SIGINFO
    SIGILL: crash_handler in libjvm.so, mask=11100100010111111101111111111110, flags=SA_RESTART|SA_SIGINFO
   SIGUSR2: SR_handler in libjvm.so, mask=00000000000000000000000000000000, flags=SA_RESTART|SA_SIGINFO
    SIGHUP: UserHandler in libjvm.so, mask=11100100010111111101111111111110, flags=SA_RESTART|SA_SIGINFO
    SIGINT: UserHandler in libjvm.so, mask=11100100010111111101111111111110, flags=SA_RESTART|SA_SIGINFO
   SIGTERM: UserHandler in libjvm.so, mask=11100100010111111101111111111110, flags=SA_RESTART|SA_SIGINFO
   SIGQUIT: UserHandler in libjvm.so, mask=11100100010111111101111111111110, flags=SA_RESTART|SA_SIGINFO
  *** Handler was modified!
  *** Expected: javaSignalHandler in libjvm.so, mask=11100100110111111111111111111110, flags=SA_RESTART|SA_SIGINFO
   SIGTRAP: crash_handler in libjvm.so, mask=11100100010111111101111111111110, flags=SA_RESTART|SA_SIGINFO


---------------  S Y S T E M  ---------------

OS:
DISTRIB_ID=Ubuntu
DISTRIB_RELEASE=20.04
DISTRIB_CODENAME=focal
DISTRIB_DESCRIPTION="Ubuntu 20.04.2 LTS"
uname: Linux 5.19.0-1022-gcp #24~22.04.1-Ubuntu SMP Sun Apr 23 09:51:08 UTC 2023 x86_64
OS uptime: 0 days 4:05 hours
libc: glibc 2.35 NPTL 2.35 
rlimit (soft/hard): STACK 8192k/infinity , CORE infinity/infinity , NPROC infinity/infinity , NOFILE 5242/5242 , AS infinity/infinity , CPU infinity/infinity , DATA infinity/infinity , FSIZE infinity/infinity , MEMLOCK 8192k/8192k
load average: 9.45 10.30 11.67

/proc/meminfo:
MemTotal:       65852256 kB
MemFree:        26549788 kB
MemAvailable:   47960964 kB
Buffers:         2104120 kB
Cached:         18369332 kB
SwapCached:            0 kB
Active:          8719808 kB
Inactive:       27034704 kB
Active(anon):      15180 kB
Inactive(anon): 15101960 kB
Active(file):    8704628 kB
Inactive(file): 11932744 kB
Unevictable:       55828 kB
Mlocked:           55828 kB
SwapTotal:             0 kB
SwapFree:              0 kB
Zswap:                 0 kB
Zswapped:              0 kB
Dirty:              6804 kB
Writeback:             0 kB
AnonPages:      14517864 kB
Mapped:          1616116 kB
Shmem:             26424 kB
KReclaimable:    1500404 kB
Slab:            2506780 kB
SReclaimable:    1500404 kB
SUnreclaim:      1006376 kB
KernelStack:      421184 kB
PageTables:       157000 kB
NFS_Unstable:          0 kB
Bounce:                0 kB
WritebackTmp:          0 kB
CommitLimit:    32926128 kB
Committed_AS:   60282784 kB
VmallocTotal:   34359738367 kB
VmallocUsed:      458996 kB
VmallocChunk:          0 kB
Percpu:            50944 kB
HardwareCorrupted:     0 kB
AnonHugePages:   1722368 kB
ShmemHugePages:        0 kB
ShmemPmdMapped:        0 kB
FileHugePages:         0 kB
FilePmdMapped:         0 kB
HugePages_Total:       0
HugePages_Free:        0
HugePages_Rsvd:        0
HugePages_Surp:        0
Hugepagesize:       2048 kB
Hugetlb:               0 kB
DirectMap4k:     4008760 kB
DirectMap2M:    42125312 kB
DirectMap1G:    23068672 kB

/sys/kernel/mm/transparent_hugepage/enabled: always [madvise] never
/sys/kernel/mm/transparent_hugepage/defrag (defrag/compaction efforts parameter): always defer defer+madvise [madvise] never

Process Memory:
Virtual Size: 5479516K (peak: 5553984K)
Resident Set Size: 822104K (peak: 856216K) (anon: 628220K, file: 193884K, shmem: 0K)
Swapped out: 0K
C-Heap outstanding allocations: 45143K, retained: 16000K
glibc malloc tunables: (default)

/proc/sys/kernel/threads-max (system-wide limit on the number of threads): 514406
/proc/sys/vm/max_map_count (maximum number of memory map areas a process may have): 65530
/proc/sys/kernel/pid_max (system-wide limit on number of process identifiers): 4194304

container (cgroup) information:
container_type: cgroupv1
cpu_cpuset_cpus: 2-7
cpu_memory_nodes: 0
active_processor_count: 1
cpu_quota: 50000
cpu_period: 100000
cpu_shares: 512
memory_limit_in_bytes: 1048576 k
memory_and_swap_limit_in_bytes: 1048576 k
memory_soft_limit_in_bytes: 524288 k
memory_usage_in_bytes: 949340 k
memory_max_usage_in_bytes: 1031632 k
maximum number of tasks: 1000
current number of tasks: 83

KVM virtualization detected
Steal ticks since vm start: 0
Steal ticks percentage since vm start:  0.000

CPU: total 8 (initial active 1) (8 cores per cpu, 2 threads per core) family 23 model 49 stepping 0 microcode 0xffffffff, cx8, cmov, fxsr, ht, mmx, 3dnowpref, sse, sse2, sse3, ssse3, sse4a, sse4.1, sse4.2, popcnt, lzcnt, tsc, tscinvbit, avx, avx2, aes, clmul, bmi1, bmi2, adx, sha, fma, vzeroupper, clflush, clflushopt, hv
CPU Model and flags from /proc/cpuinfo:
model name	: AMD EPYC 7B12
flags		: fpu vme de pse tsc msr pae mce cx8 apic sep mtrr pge mca cmov pat pse36 clflush mmx fxsr sse sse2 ht syscall nx mmxext fxsr_opt pdpe1gb rdtscp lm constant_tsc rep_good nopl nonstop_tsc cpuid extd_apicid tsc_known_freq pni pclmulqdq ssse3 fma cx16 sse4_1 sse4_2 movbe popcnt aes xsave avx f16c rdrand hypervisor lahf_lm cmp_legacy cr8_legacy abm sse4a misalignsse 3dnowprefetch osvw topoext ssbd ibrs ibpb stibp vmmcall fsgsbase tsc_adjust bmi1 avx2 smep bmi2 rdseed adx smap clflushopt clwb sha_ni xsaveopt xsavec xgetbv1 clzero xsaveerptr arat npt nrip_save umip rdpid

Online cpus: 0-7
Offline cpus: 
BIOS frequency limitation: <Not Available>
Frequency switch latency (ns): <Not Available>
Available cpu frequencies: <Not Available>
Current governor: <Not Available>
Core performance/turbo boost: <Not Available>

Memory: 4k page, physical 1048576k(99100k free), swap 0k(0k free)
Page Sizes: 4k

vm_info: OpenJDK 64-Bit Server VM (17.0.5+8-jvmci-22.3-b08) for linux-amd64 JRE (17.0.5+8-jvmci-22.3-b08), built on Oct 19 2022 09:01:27 by "buildslave" with gcc 10.3.0

END.
