#
# A fatal error has been detected by the Java Runtime Environment:
#
#  Internal Error (jvmciRuntime.cpp:1609), pid=29, tid=44
#  fatal error: Fatal exception in JVMCI: Error calling jdk.vm.ci.services.Services.serializeSavedProperties
#
# JRE version: OpenJDK Runtime Environment GraalVM CE 22.3.0 (17.0.5+8) (build 17.0.5+8-jvmci-22.3-b08)
# Java VM: OpenJDK 64-Bit Server VM GraalVM CE 22.3.0 (17.0.5+8-jvmci-22.3-b08, mixed mode, sharing, tiered, jvmci, jvmci compiler, compressed oops, compressed class ptrs, parallel gc, linux-amd64)
# Problematic frame:
# V  [libjvm.so+0x972714]  JVMCIRuntime::fatal_exception(JVMCIEnv*, char const*)+0x74
#
# Core dump will be written. Default location: Core dumps may be processed with "/usr/share/apport/apport -p%p -s%s -c%c -d%d -P%P -u%u -g%g -- %E" (or dumping to /home/runner/VirtualLibrary/core.29)
#
# If you would like to submit a bug report, please visit:
#   https://github.com/oracle/graal/issues
#

---------------  S U M M A R Y ------------

Command Line: -XX:ThreadPriorityPolicy=1 -XX:+UnlockExperimentalVMOptions -XX:+EnableJVMCIProduct -XX:JVMCIThreadsPerNativeLibraryRuntime=1 -XX:-UnlockExperimentalVMOptions -Declipse.application=org.eclipse.jdt.ls.core.id1 -Dosgi.bundles.defaultStartLevel=4 -Declipse.product=org.eclipse.jdt.ls.core.product -Dlog.level=ALL -Xverify:none -XX:+UseParallelGC -XX:GCTimeRatio=4 -XX:AdaptiveSizePolicyWeight=90 -Dsun.zip.disableMemoryMapping=true -Xmx512m -Xms100m /nix/store/m6gcpi1ii6rghy04cjwjddcavv7i90df-jdt-language-server-1.9.0/share/java/plugins/org.eclipse.equinox.launcher_1.6.400.v20210924-0641.jar --add-modules=ALL-SYSTEM --add-opens java.base/java.util=ALL-UNNAMED --add-opens java.base/java.lang=ALL-UNNAMED -configuration /home/runner/.cache/jdt-language-server/config -data /home/runner/.cache/jdt-language-server/data/home/runner/VirtualLibrary

Host: AMD EPYC 7B12, 8 cores, 1G, Ubuntu 20.04.2 LTS
Time: Fri May 12 18:54:52 2023 UTC elapsed time: 2094.769207 seconds (0d 0h 34m 54s)

---------------  T H R E A D  ---------------

Current thread (0x00007f73dc0b21e0):  JavaThread "JVMCI-native CompilerThread0" daemon [_thread_in_vm, id=44, stack(0x00007f73c2ccd000,0x00007f73c2ecd000)]


Current CompileTask:
JVMCI-native:2094769 13504       4       org.eclipse.jdt.internal.compiler.parser.Scanner::resetTo (11 bytes)

Stack: [0x00007f73c2ccd000,0x00007f73c2ecd000],  sp=0x00007f73c2ecb380,  free space=2040k
Native frames: (J=compiled Java code, j=interpreted, Vv=VM code, C=native code)
V  [libjvm.so+0x972714]  JVMCIRuntime::fatal_exception(JVMCIEnv*, char const*)+0x74
V  [libjvm.so+0x93e2fe]  JVMCIEnv::copy_saved_properties()+0x14e
V  [libjvm.so+0x9732a9]  JVMCIRuntime::initialize(JVMCIEnv*)+0xb19
V  [libjvm.so+0x9738a2]  JVMCIRuntime::get_HotSpotJVMCIRuntime(JVMCIEnv*)+0x12
V  [libjvm.so+0x9749f2]  JVMCIRuntime::compile_method(JVMCIEnv*, JVMCICompiler*, methodHandle const&, int)+0xd2
V  [libjvm.so+0x5b0d20]  CompileBroker::invoke_compiler_on_method(CompileTask*)+0x1470
V  [libjvm.so+0x5b12e8]  CompileBroker::compiler_thread_loop()+0x528
V  [libjvm.so+0xd82460]  JavaThread::thread_main_inner()+0xd0
V  [libjvm.so+0xd85a40]  Thread::call_run()+0xc0
V  [libjvm.so+0xbdb1e1]  thread_native_entry(Thread*)+0xe1

Register to memory mapping:

RAX=0x00007f73e29fa000 points into unknown readable memory: 0x0000000000000058 | 58 00 00 00 00 00 00 00
RBX=0x00007f73e3af5398: <offset 0x0000000000ef5398> in /nix/store/gpxl5qgg8kicmcvivwmybwjlpf7wh20l-graalvm17-ce-22.3.0/lib/server/libjvm.so at 0x00007f73e2c00000
RCX=0x00007f73e3aad1e8: <offset 0x0000000000ead1e8> in /nix/store/gpxl5qgg8kicmcvivwmybwjlpf7wh20l-graalvm17-ce-22.3.0/lib/server/libjvm.so at 0x00007f73e2c00000
RDX=0x0000000000000649 is an unknown value
RSP=0x00007f73c2ecb380 is pointing into the stack for thread: 0x00007f73dc0b21e0
RBP=0x00007f73c2ecb3a0 is pointing into the stack for thread: 0x00007f73dc0b21e0
RSI=0x00007f73e3af5c48: <offset 0x0000000000ef5c48> in /nix/store/gpxl5qgg8kicmcvivwmybwjlpf7wh20l-graalvm17-ce-22.3.0/lib/server/libjvm.so at 0x00007f73e2c00000
RDI=0x00000000e0000000 is an oop: java.lang.String 
{0x00000000e0000000} - klass: 'java/lang/String'
 - string: "resolution"
R8 =0x00007f73e3af5398: <offset 0x0000000000ef5398> in /nix/store/gpxl5qgg8kicmcvivwmybwjlpf7wh20l-graalvm17-ce-22.3.0/lib/server/libjvm.so at 0x00007f73e2c00000
R9 =0x00007f73c2ecb330 is pointing into the stack for thread: 0x00007f73dc0b21e0
R10=0x00007f73c2ecc948 is pointing into the stack for thread: 0x00007f73dc0b21e0
R11=0x0000000000000293 is an unknown value
R12=0x0 is NULL
R13=0x00007f73dc0b21e0 is a thread
R14=0x00007f73dc000b80 points into unknown readable memory: 0x00007f73e3d26a38 | 38 6a d2 e3 73 7f 00 00
R15=0x00007f73e3e34e40: <offset 0x0000000001234e40> in /nix/store/gpxl5qgg8kicmcvivwmybwjlpf7wh20l-graalvm17-ce-22.3.0/lib/server/libjvm.so at 0x00007f73e2c00000


Registers:
RAX=0x00007f73e29fa000, RBX=0x00007f73e3af5398, RCX=0x00007f73e3aad1e8, RDX=0x0000000000000649
RSP=0x00007f73c2ecb380, RBP=0x00007f73c2ecb3a0, RSI=0x00007f73e3af5c48, RDI=0x00000000e0000000
R8 =0x00007f73e3af5398, R9 =0x00007f73c2ecb330, R10=0x00007f73c2ecc948, R11=0x0000000000000293
R12=0x0000000000000000, R13=0x00007f73dc0b21e0, R14=0x00007f73dc000b80, R15=0x00007f73e3e34e40
RIP=0x00007f73e3572714, EFLAGS=0x0000000000010206, CSGSFS=0x002b000000000033, ERR=0x0000000000000006
  TRAPNO=0x000000000000000e

Top of Stack: (sp=0x00007f73c2ecb380)
0x00007f73c2ecb380:   00007f73c2ecb940 00007f73dc0b21e0
0x00007f73c2ecb390:   00007f73e138b8c8 0000000800c417a0
0x00007f73c2ecb3a0:   00007f73c2ecb500 00007f73e353e2fe
0x00007f73c2ecb3b0:   00007f73c2ecb3e0 00007f73c2ecb440 

Instructions: (pc=0x00007f73e3572714)
0x00007f73e3572614:   30 e8 f6 cf e8 ff 4c 89 e7 e8 2e 48 d1 ff 84 db
0x00007f73e3572624:   75 2a 4d 85 ed 74 04 4d 8b 6d 00 48 83 c4 08 44
0x00007f73e3572634:   89 f9 4c 89 f2 4c 89 ee 5b 4c 89 e7 41 5c 41 5d
0x00007f73e3572644:   41 5e 41 5f 5d e9 e2 47 d1 ff 66 90 48 83 c4 08
0x00007f73e3572654:   5b 41 5c 41 5d 41 5e 41 5f 5d c3 90 31 d2 be 08
0x00007f73e3572664:   00 00 00 4c 89 ff e8 b1 78 a3 ff 49 89 c5 e9 37
0x00007f73e3572674:   ff ff ff 66 0f 1f 84 00 00 00 00 00 48 8b 7a 08
0x00007f73e3572684:   e9 6d ff ff ff 0f 1f 80 00 00 00 00 e8 5b 48 0a
0x00007f73e3572694:   00 84 c0 75 89 e9 6a ff ff ff 66 90 55 48 89 e5
0x00007f73e35726a4:   41 56 41 55 41 54 49 89 fc 53 48 89 f3 66 48 8d
0x00007f73e35726b4:   3d 27 5e 85 00 66 66 48 e8 df 43 8d ff 4c 8b 28
0x00007f73e35726c4:   8b 05 be 72 8a 00 85 c0 75 14 ba 01 00 00 00 48
0x00007f73e35726d4:   8d 0d ae 72 8a 00 f0 0f b1 11 85 c0 74 4e be c8
0x00007f73e35726e4:   00 00 00 4c 89 ef e8 01 0b 41 00 48 8d 05 12 ac
0x00007f73e35726f4:   85 00 49 89 d8 48 8d 0d e8 aa 53 00 ba 49 06 00
0x00007f73e3572704:   00 48 8d 35 3c 35 58 00 bf 00 00 00 e0 48 8b 00
0x00007f73e3572714:   c6 00 58 31 c0 e8 e2 91 c6 ff 5b 41 5c 41 5d 41
0x00007f73e3572724:   5e 5d e9 55 34 26 00 0f 1f 44 00 00 48 8d 05 81
0x00007f73e3572734:   a3 8b 00 48 89 df 4c 8b 30 e8 9e 43 8d ff 48 89
0x00007f73e3572744:   de 48 89 c2 49 8b 06 4c 89 f7 ff 50 08 4c 89 f7
0x00007f73e3572754:   e8 a7 5c 27 00 4d 85 e4 74 12 be 01 00 00 00 4c
0x00007f73e3572764:   89 e7 e8 35 43 fc ff eb 82 0f 1f 00 be 01 00 00
0x00007f73e3572774:   00 4c 89 ef e8 d3 fd ff ff e9 6d ff ff ff 66 66
0x00007f73e3572784:   2e 0f 1f 84 00 00 00 00 00 0f 1f 00 55 48 89 e5
0x00007f73e3572794:   41 57 41 56 41 55 41 54 53 48 81 ec 08 02 00 00
0x00007f73e35727a4:   64 48 8b 04 25 28 00 00 00 48 89 45 c8 8b 07 83
0x00007f73e35727b4:   f8 02 0f 84 11 04 00 00 4c 8b 6f 18 49 89 ff 49
0x00007f73e35727c4:   89 f4 4d 85 ed 74 14 4c 89 ef e8 5d 57 22 00 41
0x00007f73e35727d4:   8b 07 83 f8 02 0f 84 19 04 00 00 48 8d 1d 9a 06
0x00007f73e35727e4:   8a 00 4c 8d 35 0b 3c 58 00 eb 38 90 48 85 d2 7f
0x00007f73e35727f4:   0d 48 8d 05 b4 c0 85 00 48 83 38 00 7e 0e 41 8b
0x00007f73e3572804:   77 2c 4c 89 f7 31 c0 e8 a0 b2 f7 ff 49 8b 7f 18 


Stack slot to memory mapping:
stack at sp + 0 slots: 0x00007f73c2ecb940 is pointing into the stack for thread: 0x00007f73dc0b21e0
stack at sp + 1 slots: 0x00007f73dc0b21e0 is a thread
stack at sp + 2 slots: 0x00007f73e138b8c8 points into unknown readable memory: 0x65730018052dffff | ff ff 2d 05 18 00 73 65
stack at sp + 3 slots: 0x0000000800c417a0 is a pointer to class: 
jdk.vm.ci.services.Services {0x0000000800c417a0}
 - instance size:     2
 - klass size:        65
 - access:            public final synchronized 
 - state:             fully_initialized
 - name:              'jdk/vm/ci/services/Services'
 - super:             'java/lang/Object'
 - sub:               
 - arrays:            NULL
 - methods:           Array<T>(0x00007f73e0443028)
 - method ordering:   Array<T>(0x0000000800928960)
 - default_methods:   Array<T>(0x0000000000000000)
 - local interfaces:  Array<T>(0x00000008005ce810)
 - trans. interfaces: Array<T>(0x00000008005ce810)
 - constants:         constant pool [427] {0x00007f73e0442108} for 'jdk/vm/ci/services/Services' cache=0x00007f73e0444330
 - class loader data:  loader data: 0x00007f73dc0283f0 of 'bootstrap'
 - source file:       'Services.java'
 - class annotations:       Array<T>(0x0000000000000000)
 - class type annotations:  Array<T>(0x0000000000000000)
 - field annotations:       Array<T>(0x0000000000000000)
 - field type annotations:  Array<T>(0x0000000000000000)
 - inner classes:     Array<T>(0x00007f73e04442c8)
 - nest members:     Array<T>(0x00007f73e04442e8)
 - permitted subclasses:     Array<T>(0x00000008005ce7a0)
 - java mirror:       a 'java/lang/Class'{0x00000000e0149b60} = 'jdk/vm/ci/services/Services'
 - vtable length      5  (start addr: 0x0000000800c41970)
 - itable length      2 (start addr: 0x0000000800c41998)
 - ---- static fields (3 words):
 - public static final 'IS_BUILDING_NATIVE_IMAGE' 'Z' @128 
 - public static final 'IS_IN_NATIVE_IMAGE' 'Z' @129 
 - private static volatile 'savedProperties' 'Ljava/util/Map;' @112 
 - static final 'JVMCI_ENABLED' 'Z' @130 
 - private static final 'servicesCache' 'Ljava/util/Map;' @116 
 - private static final 'MAX_UNICODE_IN_UTF8_LENGTH' 'I' @120 
 - private static final 'MAX_UTF8_PROPERTY_STRING_LENGTH' 'I' @124 
 - ---- non-static fields (0 words):
 - non-static oop maps: 
stack at sp + 4 slots: 0x00007f73c2ecb500 is pointing into the stack for thread: 0x00007f73dc0b21e0
stack at sp + 5 slots: 0x00007f73e353e2fe: <offset 0x000000000093e2fe> in /nix/store/gpxl5qgg8kicmcvivwmybwjlpf7wh20l-graalvm17-ce-22.3.0/lib/server/libjvm.so at 0x00007f73e2c00000
stack at sp + 6 slots: 0x00007f73c2ecb3e0 is pointing into the stack for thread: 0x00007f73dc0b21e0
stack at sp + 7 slots: 0x00007f73c2ecb440 is pointing into the stack for thread: 0x00007f73dc0b21e0


---------------  P R O C E S S  ---------------

Threads class SMR info:
_java_thread_list=0x00007f7318000b70, length=27, elements={
0x00007f73dc026690, 0x00007f73dc0a64d0, 0x00007f73dc0a7910, 0x00007f73dc0ae050,
0x00007f73dc0af400, 0x00007f73dc0b07f0, 0x00007f73dc0b21e0, 0x00007f73dc0b36f0,
0x00007f73dc0b4b40, 0x00007f73dc0e0800, 0x00007f73dc129020, 0x00007f73dc353d80,
0x00007f73dc3876a0, 0x00007f73dc389580, 0x00007f73dc64eb20, 0x00007f7370016d30,
0x00007f73702aa7f0, 0x00007f737030cc80, 0x00007f737066c8a0, 0x00007f73dc3bf470,
0x00007f73dc4e1280, 0x00007f73480c2bd0, 0x00007f73640010d0, 0x00007f736403ddb0,
0x00007f7308004e10, 0x00007f734c1a5b40, 0x00007f734c1abf80
}

Java Threads: ( => current thread )
  0x00007f73dc026690 JavaThread "main" [_thread_blocked, id=36, stack(0x00007f73e2a1b000,0x00007f73e2b1b000)]
  0x00007f73dc0a64d0 JavaThread "Reference Handler" daemon [_thread_blocked, id=39, stack(0x00007f73e01fe000,0x00007f73e02fe000)]
  0x00007f73dc0a7910 JavaThread "Finalizer" daemon [_thread_blocked, id=40, stack(0x00007f73e00fe000,0x00007f73e01fe000)]
  0x00007f73dc0ae050 JavaThread "Signal Dispatcher" daemon [_thread_blocked, id=41, stack(0x00007f73c30cd000,0x00007f73c31cd000)]
  0x00007f73dc0af400 JavaThread "Service Thread" daemon [_thread_blocked, id=42, stack(0x00007f73c2fcd000,0x00007f73c30cd000)]
  0x00007f73dc0b07f0 JavaThread "Monitor Deflation Thread" daemon [_thread_blocked, id=43, stack(0x00007f73c2ecd000,0x00007f73c2fcd000)]
=>0x00007f73dc0b21e0 JavaThread "JVMCI-native CompilerThread0" daemon [_thread_in_vm, id=44, stack(0x00007f73c2ccd000,0x00007f73c2ecd000)]
  0x00007f73dc0b36f0 JavaThread "C1 CompilerThread0" daemon [_thread_blocked, id=45, stack(0x00007f73c2acd000,0x00007f73c2ccd000)]
  0x00007f73dc0b4b40 JavaThread "Sweeper thread" daemon [_thread_blocked, id=46, stack(0x00007f73c29cd000,0x00007f73c2acd000)]
  0x00007f73dc0e0800 JavaThread "Common-Cleaner" daemon [_thread_blocked, id=47, stack(0x00007f73c28cd000,0x00007f73c29cd000)]
  0x00007f73dc129020 JavaThread "Notification Thread" daemon [_thread_blocked, id=48, stack(0x00007f73c27cd000,0x00007f73c28cd000)]
  0x00007f73dc353d80 JavaThread "Active Thread: Equinox Container: f7777955-6230-43d6-a117-37d5a02853ba" [_thread_blocked, id=63, stack(0x00007f73c25cb000,0x00007f73c26cb000)]
  0x00007f73dc3876a0 JavaThread "Framework Event Dispatcher: Equinox Container: f7777955-6230-43d6-a117-37d5a02853ba" daemon [_thread_blocked, id=64, stack(0x00007f73c0100000,0x00007f73c0200000)]
  0x00007f73dc389580 JavaThread "Start Level: Equinox Container: f7777955-6230-43d6-a117-37d5a02853ba" daemon [_thread_blocked, id=65, stack(0x00007f738ad00000,0x00007f738ae00000)]
  0x00007f73dc64eb20 JavaThread "Refresh Thread: Equinox Container: f7777955-6230-43d6-a117-37d5a02853ba" daemon [_thread_blocked, id=66, stack(0x00007f738ab00000,0x00007f738ac00000)]
  0x00007f7370016d30 JavaThread "SCR Component Actor" daemon [_thread_blocked, id=75, stack(0x00007f738a900000,0x00007f738aa00000)]
  0x00007f73702aa7f0 JavaThread "Worker-JM" [_thread_blocked, id=82, stack(0x00007f738a700000,0x00007f738a800000)]
  0x00007f737030cc80 JavaThread "Worker-0" [_thread_blocked, id=86, stack(0x00007f738a500000,0x00007f738a600000)]
  0x00007f737066c8a0 JavaThread "Bundle File Closer" daemon [_thread_blocked, id=89, stack(0x00007f7389f00000,0x00007f738a000000)]
  0x00007f73dc3bf470 JavaThread "pool-3-thread-1" [_thread_blocked, id=93, stack(0x00007f7389d00000,0x00007f7389e00000)]
  0x00007f73dc4e1280 JavaThread "pool-2-thread-1" [_thread_blocked, id=100, stack(0x00007f7389900000,0x00007f7389a00000)]
  0x00007f73480c2bd0 JavaThread "Worker-5: Java indexing... " [_thread_blocked, id=122, stack(0x00007f7389300000,0x00007f7389400000)]
  0x00007f73640010d0 JavaThread "Worker-6: Publish Diagnostics" [_thread_blocked, id=751, stack(0x00007f738bf00000,0x00007f738c000000)]
  0x00007f736403ddb0 JavaThread "Worker-7: Compacting resource model" [_thread_blocked, id=759, stack(0x00007f738b700000,0x00007f738b800000)]
  0x00007f7308004e10 JavaThread "Java indexing" daemon [_thread_blocked, id=881, stack(0x00007f738bb00000,0x00007f738bc00000)]
  0x00007f734c1a5b40 JavaThread "Thread-23" [_thread_blocked, id=895, stack(0x00007f7388b00000,0x00007f7388c00000)]
  0x00007f734c1abf80 JavaThread "Thread-26" [_thread_blocked, id=965, stack(0x00007f73c0000000,0x00007f73c0100000)]

Other Threads:
  0x00007f73dc0a1c10 VMThread "VM Thread" [stack: 0x00007f73e0300000,0x00007f73e0400000] [id=38] _threads_hazard_ptr=0x00007f7318000b70
  0x00007f73dc12a9c0 WatcherThread [stack: 0x00007f73c26cd000,0x00007f73c27cd000] [id=49]
  0x00007f73dc03df30 GCTaskThread "GC Thread#0" [stack: 0x00007f73e25de000,0x00007f73e26de000] [id=37]

Threads with active compile tasks:
JVMCI-native CompilerThread0  2094840 13504       4       org.eclipse.jdt.internal.compiler.parser.Scanner::resetTo (11 bytes)

VM state: synchronizing (normal execution)

VM Mutex/Monitor currently owned by a thread:  ([mutex/lock_event])
[0x00007f73dc023840] Threads_lock - owner thread: 0x00007f73dc0a1c10
[0x00007f73dc023ff0] Heap_lock - owner thread: 0x00007f7308004e10

OutOfMemory and StackOverflow Exception counts:
OutOfMemoryError java_heap_errors=7
LinkageErrors=72

Heap address: 0x00000000e0000000, size: 512 MB, Compressed Oops mode: 32-bit

CDS archive(s) mapped at: [0x0000000800000000-0x0000000800bc8000-0x0000000800bc8000), size 12353536, SharedBaseAddress: 0x0000000800000000, ArchiveRelocationMode: 0.
Compressed class space mapped at: 0x0000000800c00000-0x0000000840c00000, reserved size: 1073741824
Narrow klass base: 0x0000000800000000, Narrow klass shift: 0, Narrow klass range: 0x100000000

GC Precious Log:
 CPUs: 8 total, 1 available
 Memory: 1024M
 Large Page Support: Disabled
 NUMA Support: Disabled
 Compressed Oops: Enabled (32-bit)
 Alignments: Space 512K, Generation 512K, Heap 2M
 Heap Min Capacity: 100M
 Heap Initial Capacity: 100M
 Heap Max Capacity: 512M
 Pre-touch: Disabled
 Parallel Workers: 1

Heap:
 PSYoungGen      total 52224K, used 30207K [0x00000000f5580000, 0x00000000f9f80000, 0x0000000100000000)
  eden space 30208K, 99% used [0x00000000f5580000,0x00000000f72ffff8,0x00000000f7300000)
  from space 22016K, 0% used [0x00000000f7500000,0x00000000f7500000,0x00000000f8a80000)
  to   space 19968K, 0% used [0x00000000f8a80000,0x00000000f8a80000,0x00000000f9e00000)
 ParOldGen       total 349696K, used 349695K [0x00000000e0000000, 0x00000000f5580000, 0x00000000f5580000)
  object space 349696K, 99% used [0x00000000e0000000,0x00000000f557fff0,0x00000000f5580000)
 Metaspace       used 69520K, committed 70400K, reserved 1114112K
  class space    used 6537K, committed 6912K, reserved 1048576K

Card table byte_map: [0x00007f73e26de000,0x00007f73e27df000] _byte_map_base: 0x00007f73e1fde000

Marking Bits: (ParMarkBitMap*) 0x00007f73e3e2e4c0
 Begin Bits: [0x00007f73e1531000, 0x00007f73e1d31000)
 End Bits:   [0x00007f73e1d31000, 0x00007f73e2531000)

Polling page: 0x00007f73e29f8000

Metaspace:

Usage:
  Non-class:     61.51 MB used.
      Class:      6.38 MB used.
       Both:     67.89 MB used.

Virtual space:
  Non-class space:       64.00 MB reserved,      62.00 MB ( 97%) committed,  8 nodes.
      Class space:        1.00 GB reserved,       6.75 MB ( <1%) committed,  1 nodes.
             Both:        1.06 GB reserved,      68.75 MB (  6%) committed. 

Chunk freelists:
   Non-Class:  1.38 MB
       Class:  1.26 MB
        Both:  2.64 MB

MaxMetaspaceSize: unlimited
CompressedClassSpaceSize: 1.00 GB
Initial GC threshold: 21.00 MB
Current GC threshold: 114.38 MB
CDS: on
MetaspaceReclaimPolicy: balanced
 - commit_granule_bytes: 65536.
 - commit_granule_words: 8192.
 - virtual_space_node_default_size: 1048576.
 - enlarge_chunks_in_place: 1.
 - new_chunks_are_fully_committed: 0.
 - uncommit_free_chunks: 1.
 - use_allocation_guard: 0.
 - handle_deallocations: 1.


Internal statistics:

num_allocs_failed_limit: 6.
num_arena_births: 540.
num_arena_deaths: 162.
num_vsnodes_births: 9.
num_vsnodes_deaths: 0.
num_space_committed: 1096.
num_space_uncommitted: 0.
num_chunks_returned_to_freelist: 230.
num_chunks_taken_from_freelist: 3349.
num_chunk_merges: 87.
num_chunk_splits: 2154.
num_chunks_enlarged: 1367.
num_purges: 18.
num_inconsistent_stats: 0.

CodeHeap 'non-profiled nmethods': size=120036Kb used=3627Kb max_used=3677Kb free=116408Kb
 bounds [0x00007f73caf7a000, 0x00007f73cb31a000, 0x00007f73d24b3000]
CodeHeap 'profiled nmethods': size=120032Kb used=21230Kb max_used=22428Kb free=98801Kb
 bounds [0x00007f73c3a42000, 0x00007f73c5092000, 0x00007f73caf7a000]
CodeHeap 'non-nmethods': size=5692Kb used=1449Kb max_used=1451Kb free=4242Kb
 bounds [0x00007f73c34b3000, 0x00007f73c3723000, 0x00007f73c3a42000]
 total_blobs=10233 nmethods=9434 adapters=647
 compilation: enabled
              stopped_count=0, restarted_count=0
 full_count=0

JVMCI Events (20 events):
Event: 1563.781 Thread 0x00007f73dc0b21e0 destroyed JavaVM[14]@0x00007f738839e340 for JVMCI runtime 0
Event: 1563.781 Thread 0x00007f73dc0b21e0 compacted oop handles in JVMCI runtime 0 from 42 to 42
Event: 1563.781 Thread 0x00007f73dc0b21e0 releasing handles for JVMCI runtime 0: oop handles=42, metadata handles={total=160, live=150, blocks=70}
Event: 1563.781 Thread 0x00007f73dc0b21e0 detached from JVMCI runtime 0
Event: 1875.276 Thread 0x00007f73dc0b21e0 attached to JVMCI runtime 0
Event: 1875.279 Thread 0x00007f73dc0b21e0 created JavaVM[15]@0x00007f738839e340 for JVMCI runtime 0
Event: 1877.660 Thread 0x00007f73dc0b21e0 initializing JVMCI runtime 0
Event: 1877.660 Thread 0x00007f73dc0b21e0 done waiting for JavaVM references initialization in JVMCI runtime 0
Event: 1911.058 Thread 0x00007f73dc0b21e0 initialized JVMCI runtime 0
Event: 1927.186 Thread 0x00007f73dc0b21e0 detaching from JVMCI runtime 0: releasing idle compiler thread (0 other threads still attached)
Event: 1927.186 Thread 0x00007f73dc0b21e0 shutting down HotSpotJVMCIRuntime for JVMCI runtime 0
Event: 1927.186 Thread 0x00007f73dc0b21e0 shut down JVMCI runtime 0
Event: 1927.189 Thread 0x00007f73dc0b21e0 destroyed JavaVM[15]@0x00007f738839e340 for JVMCI runtime 0
Event: 1927.189 Thread 0x00007f73dc0b21e0 compacted oop handles in JVMCI runtime 0 from 48 to 48
Event: 1927.189 Thread 0x00007f73dc0b21e0 releasing handles for JVMCI runtime 0: oop handles=48, metadata handles={total=96, live=93, blocks=70}
Event: 1927.189 Thread 0x00007f73dc0b21e0 detached from JVMCI runtime 0
Event: 2064.365 Thread 0x00007f73dc0b21e0 attached to JVMCI runtime 0
Event: 2064.366 Thread 0x00007f73dc0b21e0 created JavaVM[16]@0x00007f738839e340 for JVMCI runtime 0
Event: 2066.054 Thread 0x00007f73dc0b21e0 initializing JVMCI runtime 0
Event: 2066.054 Thread 0x00007f73dc0b21e0 done waiting for JavaVM references initialization in JVMCI runtime 0

Compilation events (20 events):
Event: 1711.042 Thread 0x00007f73dc0b36f0 nmethod 13495 0x00007f73c4291590 code [0x00007f73c4291720, 0x00007f73c4291830]
Event: 1847.144 Thread 0x00007f73dc0b36f0 13496       3       org.eclipse.jdt.core.dom.StringLiteral::internalSetEscapedValue (20 bytes)
Event: 1847.145 Thread 0x00007f73dc0b36f0 nmethod 13496 0x00007f73c434c210 code [0x00007f73c434c3e0, 0x00007f73c434c5f0]
Event: 1875.276 Thread 0x00007f73dc0b21e0 13497       4       org.eclipse.jdt.core.dom.ASTNode::preReplaceChild (120 bytes)
Event: 1922.941 Thread 0x00007f73dc0b36f0 13499       3       org.eclipse.jdt.core.dom.ASTConverter::convertToVariableDeclarationStatement (144 bytes)
Event: 1922.944 Thread 0x00007f73dc0b36f0 nmethod 13499 0x00007f73c457b010 code [0x00007f73c457b300, 0x00007f73c457cb90]
Event: 1922.944 Thread 0x00007f73dc0b36f0 13500   !   3       org.eclipse.jdt.core.dom.ASTConverter::retrieveEndOfElementTypeNamePosition (192 bytes)
Event: 1922.945 Thread 0x00007f73dc0b36f0 nmethod 13500 0x00007f73c48e6a10 code [0x00007f73c48e6c00, 0x00007f73c48e7a40]
Event: 1925.034 Thread 0x00007f73dc0b21e0 nmethod 13497 0x00007f73cb103590 code [0x00007f73cb103740, 0x00007f73cb103ed8]
Event: 1925.035 Thread 0x00007f73dc0b21e0 13498       4       org.eclipse.jdt.core.dom.ASTNode::postReplaceChild (46 bytes)
Event: 1925.039 Thread 0x00007f73dc0b21e0 nmethod 13498 0x00007f73cb103210 code [0x00007f73cb1033a0, 0x00007f73cb103480]
Event: 1991.270 Thread 0x00007f73dc0b36f0 13501       3       java.util.LinkedList::get (14 bytes)
Event: 1994.674 Thread 0x00007f73dc0b36f0 nmethod 13501 0x00007f73c3ae8010 code [0x00007f73c3ae8200, 0x00007f73c3ae87c0]
Event: 2003.760 Thread 0x00007f73dc0b36f0 13502       1       org.eclipse.jdt.ls.core.internal.LanguageServer::getParentProcessId (5 bytes)
Event: 2004.976 Thread 0x00007f73dc0b36f0 nmethod 13502 0x00007f73cb102d10 code [0x00007f73cb102ea0, 0x00007f73cb102f70]
Event: 2012.043 Thread 0x00007f73dc0b36f0 13503       3       org.eclipse.jdt.internal.core.util.Messages::bind (17 bytes)
Event: 2016.766 Thread 0x00007f73dc0b36f0 nmethod 13503 0x00007f73c4965710 code [0x00007f73c4965900, 0x00007f73c4966170]
Event: 2064.365 Thread 0x00007f73dc0b21e0 13504       4       org.eclipse.jdt.internal.compiler.parser.Scanner::resetTo (11 bytes)
Event: 2071.247 Thread 0x00007f73dc0b36f0 13505       3       org.eclipse.jdt.core.dom.ClassInstanceCreation::setType (45 bytes)
Event: 2071.248 Thread 0x00007f73dc0b36f0 nmethod 13505 0x00007f73c3ed2b90 code [0x00007f73c3ed2d80, 0x00007f73c3ed3170]

GC Heap History (20 events):
Event: 2076.558 GC heap before
{Heap before GC invocations=1398 (full 1169):
 PSYoungGen      total 52224K, used 30207K [0x00000000f5580000, 0x00000000f9f80000, 0x0000000100000000)
  eden space 30208K, 99% used [0x00000000f5580000,0x00000000f72ffff8,0x00000000f7300000)
  from space 22016K, 0% used [0x00000000f7500000,0x00000000f7500000,0x00000000f8a80000)
  to   space 19968K, 0% used [0x00000000f8a80000,0x00000000f8a80000,0x00000000f9e00000)
 ParOldGen       total 349696K, used 349694K [0x00000000e0000000, 0x00000000f5580000, 0x00000000f5580000)
  object space 349696K, 99% used [0x00000000e0000000,0x00000000f557f9c0,0x00000000f5580000)
 Metaspace       used 69519K, committed 70400K, reserved 1114112K
  class space    used 6537K, committed 6912K, reserved 1048576K
}
Event: 2078.438 GC heap after
{Heap after GC invocations=1398 (full 1169):
 PSYoungGen      total 50176K, used 30207K [0x00000000f5580000, 0x00000000f9f80000, 0x0000000100000000)
  eden space 30208K, 99% used [0x00000000f5580000,0x00000000f72fffd8,0x00000000f7300000)
  from space 19968K, 0% used [0x00000000f8a80000,0x00000000f8a80000,0x00000000f9e00000)
  to   space 22016K, 0% used [0x00000000f7500000,0x00000000f7500000,0x00000000f8a80000)
 ParOldGen       total 349696K, used 349694K [0x00000000e0000000, 0x00000000f5580000, 0x00000000f5580000)
  object space 349696K, 99% used [0x00000000e0000000,0x00000000f557f9c0,0x00000000f5580000)
 Metaspace       used 69519K, committed 70400K, reserved 1114112K
  class space    used 6537K, committed 6912K, reserved 1048576K
}
Event: 2078.438 GC heap before
{Heap before GC invocations=1399 (full 1170):
 PSYoungGen      total 50176K, used 30207K [0x00000000f5580000, 0x00000000f9f80000, 0x0000000100000000)
  eden space 30208K, 99% used [0x00000000f5580000,0x00000000f72ffff8,0x00000000f7300000)
  from space 19968K, 0% used [0x00000000f8a80000,0x00000000f8a80000,0x00000000f9e00000)
  to   space 22016K, 0% used [0x00000000f7500000,0x00000000f7500000,0x00000000f8a80000)
 ParOldGen       total 349696K, used 349695K [0x00000000e0000000, 0x00000000f5580000, 0x00000000f5580000)
  object space 349696K, 99% used [0x00000000e0000000,0x00000000f557fff8,0x00000000f5580000)
 Metaspace       used 69519K, committed 70400K, reserved 1114112K
  class space    used 6537K, committed 6912K, reserved 1048576K
}
Event: 2080.177 GC heap after
{Heap after GC invocations=1399 (full 1170):
 PSYoungGen      total 52224K, used 30207K [0x00000000f5580000, 0x00000000f9f80000, 0x0000000100000000)
  eden space 30208K, 99% used [0x00000000f5580000,0x00000000f72fff80,0x00000000f7300000)
  from space 22016K, 0% used [0x00000000f7500000,0x00000000f7500000,0x00000000f8a80000)
  to   space 19968K, 0% used [0x00000000f8a80000,0x00000000f8a80000,0x00000000f9e00000)
 ParOldGen       total 349696K, used 349695K [0x00000000e0000000, 0x00000000f5580000, 0x00000000f5580000)
  object space 349696K, 99% used [0x00000000e0000000,0x00000000f557fe08,0x00000000f5580000)
 Metaspace       used 69519K, committed 70400K, reserved 1114112K
  class space    used 6537K, committed 6912K, reserved 1048576K
}
Event: 2080.231 GC heap before
{Heap before GC invocations=1400 (full 1171):
 PSYoungGen      total 52224K, used 30207K [0x00000000f5580000, 0x00000000f9f80000, 0x0000000100000000)
  eden space 30208K, 99% used [0x00000000f5580000,0x00000000f72fffd8,0x00000000f7300000)
  from space 22016K, 0% used [0x00000000f7500000,0x00000000f7500000,0x00000000f8a80000)
  to   space 19968K, 0% used [0x00000000f8a80000,0x00000000f8a80000,0x00000000f9e00000)
 ParOldGen       total 349696K, used 349695K [0x00000000e0000000, 0x00000000f5580000, 0x00000000f5580000)
  object space 349696K, 99% used [0x00000000e0000000,0x00000000f557fe08,0x00000000f5580000)
 Metaspace       used 69519K, committed 70400K, reserved 1114112K
  class space    used 6537K, committed 6912K, reserved 1048576K
}
Event: 2081.966 GC heap after
{Heap after GC invocations=1400 (full 1171):
 PSYoungGen      total 50176K, used 30207K [0x00000000f5580000, 0x00000000f9f80000, 0x0000000100000000)
  eden space 30208K, 99% used [0x00000000f5580000,0x00000000f72fffd8,0x00000000f7300000)
  from space 19968K, 0% used [0x00000000f8a80000,0x00000000f8a80000,0x00000000f9e00000)
  to   space 22016K, 0% used [0x00000000f7500000,0x00000000f7500000,0x00000000f8a80000)
 ParOldGen       total 349696K, used 349695K [0x00000000e0000000, 0x00000000f5580000, 0x00000000f5580000)
  object space 349696K, 99% used [0x00000000e0000000,0x00000000f557fde8,0x00000000f5580000)
 Metaspace       used 69519K, committed 70400K, reserved 1114112K
  class space    used 6537K, committed 6912K, reserved 1048576K
}
Event: 2081.966 GC heap before
{Heap before GC invocations=1401 (full 1172):
 PSYoungGen      total 50176K, used 30207K [0x00000000f5580000, 0x00000000f9f80000, 0x0000000100000000)
  eden space 30208K, 99% used [0x00000000f5580000,0x00000000f72ffff8,0x00000000f7300000)
  from space 19968K, 0% used [0x00000000f8a80000,0x00000000f8a80000,0x00000000f9e00000)
  to   space 22016K, 0% used [0x00000000f7500000,0x00000000f7500000,0x00000000f8a80000)
 ParOldGen       total 349696K, used 349695K [0x00000000e0000000, 0x00000000f5580000, 0x00000000f5580000)
  object space 349696K, 99% used [0x00000000e0000000,0x00000000f557fff8,0x00000000f5580000)
 Metaspace       used 69519K, committed 70400K, reserved 1114112K
  class space    used 6537K, committed 6912K, reserved 1048576K
}
Event: 2083.857 GC heap after
{Heap after GC invocations=1401 (full 1172):
 PSYoungGen      total 52224K, used 30207K [0x00000000f5580000, 0x00000000f9f80000, 0x0000000100000000)
  eden space 30208K, 99% used [0x00000000f5580000,0x00000000f72fffd8,0x00000000f7300000)
  from space 22016K, 0% used [0x00000000f7500000,0x00000000f7500000,0x00000000f8a80000)
  to   space 19968K, 0% used [0x00000000f8a80000,0x00000000f8a80000,0x00000000f9e00000)
 ParOldGen       total 349696K, used 349695K [0x00000000e0000000, 0x00000000f5580000, 0x00000000f5580000)
  object space 349696K, 99% used [0x00000000e0000000,0x00000000f557ff20,0x00000000f5580000)
 Metaspace       used 69519K, committed 70400K, reserved 1114112K
  class space    used 6537K, committed 6912K, reserved 1048576K
}
Event: 2083.857 GC heap before
{Heap before GC invocations=1402 (full 1173):
 PSYoungGen      total 52224K, used 30207K [0x00000000f5580000, 0x00000000f9f80000, 0x0000000100000000)
  eden space 30208K, 99% used [0x00000000f5580000,0x00000000f72ffff0,0x00000000f7300000)
  from space 22016K, 0% used [0x00000000f7500000,0x00000000f7500000,0x00000000f8a80000)
  to   space 19968K, 0% used [0x00000000f8a80000,0x00000000f8a80000,0x00000000f9e00000)
 ParOldGen       total 349696K, used 349695K [0x00000000e0000000, 0x00000000f5580000, 0x00000000f5580000)
  object space 349696K, 99% used [0x00000000e0000000,0x00000000f557ff20,0x00000000f5580000)
 Metaspace       used 69519K, committed 70400K, reserved 1114112K
  class space    used 6537K, committed 6912K, reserved 1048576K
}
Event: 2085.834 GC heap after
{Heap after GC invocations=1402 (full 1173):
 PSYoungGen      total 50176K, used 30207K [0x00000000f5580000, 0x00000000f9f80000, 0x0000000100000000)
  eden space 30208K, 99% used [0x00000000f5580000,0x00000000f72fffb8,0x00000000f7300000)
  from space 19968K, 0% used [0x00000000f8a80000,0x00000000f8a80000,0x00000000f9e00000)
  to   space 22016K, 0% used [0x00000000f7500000,0x00000000f7500000,0x00000000f8a80000)
 ParOldGen       total 349696K, used 349695K [0x00000000e0000000, 0x00000000f5580000, 0x00000000f5580000)
  object space 349696K, 99% used [0x00000000e0000000,0x00000000f557fe38,0x00000000f5580000)
 Metaspace       used 69519K, committed 70400K, reserved 1114112K
  class space    used 6537K, committed 6912K, reserved 1048576K
}
Event: 2085.835 GC heap before
{Heap before GC invocations=1403 (full 1174):
 PSYoungGen      total 50176K, used 30207K [0x00000000f5580000, 0x00000000f9f80000, 0x0000000100000000)
  eden space 30208K, 99% used [0x00000000f5580000,0x00000000f72ffff8,0x00000000f7300000)
  from space 19968K, 0% used [0x00000000f8a80000,0x00000000f8a80000,0x00000000f9e00000)
  to   space 22016K, 0% used [0x00000000f7500000,0x00000000f7500000,0x00000000f8a80000)
 ParOldGen       total 349696K, used 349695K [0x00000000e0000000, 0x00000000f5580000, 0x00000000f5580000)
  object space 349696K, 99% used [0x00000000e0000000,0x00000000f557fe38,0x00000000f5580000)
 Metaspace       used 69519K, committed 70400K, reserved 1114112K
  class space    used 6537K, committed 6912K, reserved 1048576K
}
Event: 2087.740 GC heap after
{Heap after GC invocations=1403 (full 1174):
 PSYoungGen      total 52224K, used 30207K [0x00000000f5580000, 0x00000000f9f80000, 0x0000000100000000)
  eden space 30208K, 99% used [0x00000000f5580000,0x00000000f72ffff8,0x00000000f7300000)
  from space 22016K, 0% used [0x00000000f7500000,0x00000000f7500000,0x00000000f8a80000)
  to   space 19968K, 0% used [0x00000000f8a80000,0x00000000f8a80000,0x00000000f9e00000)
 ParOldGen       total 349696K, used 349695K [0x00000000e0000000, 0x00000000f5580000, 0x00000000f5580000)
  object space 349696K, 99% used [0x00000000e0000000,0x00000000f557fde0,0x00000000f5580000)
 Metaspace       used 69519K, committed 70400K, reserved 1114112K
  class space    used 6537K, committed 6912K, reserved 1048576K
}
Event: 2087.740 GC heap before
{Heap before GC invocations=1404 (full 1175):
 PSYoungGen      total 52224K, used 30207K [0x00000000f5580000, 0x00000000f9f80000, 0x0000000100000000)
  eden space 30208K, 99% used [0x00000000f5580000,0x00000000f72ffff8,0x00000000f7300000)
  from space 22016K, 0% used [0x00000000f7500000,0x00000000f7500000,0x00000000f8a80000)
  to   space 19968K, 0% used [0x00000000f8a80000,0x00000000f8a80000,0x00000000f9e00000)
 ParOldGen       total 349696K, used 349695K [0x00000000e0000000, 0x00000000f5580000, 0x00000000f5580000)
  object space 349696K, 99% used [0x00000000e0000000,0x00000000f557ffe0,0x00000000f5580000)
 Metaspace       used 69519K, committed 70400K, reserved 1114112K
  class space    used 6537K, committed 6912K, reserved 1048576K
}
Event: 2089.339 GC heap after
{Heap after GC invocations=1404 (full 1175):
 PSYoungGen      total 50176K, used 30207K [0x00000000f5580000, 0x00000000f9f80000, 0x0000000100000000)
  eden space 30208K, 99% used [0x00000000f5580000,0x00000000f72fff80,0x00000000f7300000)
  from space 19968K, 0% used [0x00000000f8a80000,0x00000000f8a80000,0x00000000f9e00000)
  to   space 22016K, 0% used [0x00000000f7500000,0x00000000f7500000,0x00000000f8a80000)
 ParOldGen       total 349696K, used 349695K [0x00000000e0000000, 0x00000000f5580000, 0x00000000f5580000)
  object space 349696K, 99% used [0x00000000e0000000,0x00000000f557fda0,0x00000000f5580000)
 Metaspace       used 69519K, committed 70400K, reserved 1114112K
  class space    used 6537K, committed 6912K, reserved 1048576K
}
Event: 2089.339 GC heap before
{Heap before GC invocations=1405 (full 1176):
 PSYoungGen      total 50176K, used 30207K [0x00000000f5580000, 0x00000000f9f80000, 0x0000000100000000)
  eden space 30208K, 99% used [0x00000000f5580000,0x00000000f72ffff8,0x00000000f7300000)
  from space 19968K, 0% used [0x00000000f8a80000,0x00000000f8a80000,0x00000000f9e00000)
  to   space 22016K, 0% used [0x00000000f7500000,0x00000000f7500000,0x00000000f8a80000)
 ParOldGen       total 349696K, used 349695K [0x00000000e0000000, 0x00000000f5580000, 0x00000000f5580000)
  object space 349696K, 99% used [0x00000000e0000000,0x00000000f557fda0,0x00000000f5580000)
 Metaspace       used 69519K, committed 70400K, reserved 1114112K
  class space    used 6537K, committed 6912K, reserved 1048576K
}
Event: 2090.964 GC heap after
{Heap after GC invocations=1405 (full 1176):
 PSYoungGen      total 52224K, used 30207K [0x00000000f5580000, 0x00000000f9f80000, 0x0000000100000000)
  eden space 30208K, 99% used [0x00000000f5580000,0x00000000f72ffff8,0x00000000f7300000)
  from space 22016K, 0% used [0x00000000f7500000,0x00000000f7500000,0x00000000f8a80000)
  to   space 19968K, 0% used [0x00000000f8a80000,0x00000000f8a80000,0x00000000f9e00000)
 ParOldGen       total 349696K, used 349695K [0x00000000e0000000, 0x00000000f5580000, 0x00000000f5580000)
  object space 349696K, 99% used [0x00000000e0000000,0x00000000f557fd68,0x00000000f5580000)
 Metaspace       used 69519K, committed 70400K, reserved 1114112K
  class space    used 6537K, committed 6912K, reserved 1048576K
}
Event: 2090.964 GC heap before
{Heap before GC invocations=1406 (full 1177):
 PSYoungGen      total 52224K, used 30207K [0x00000000f5580000, 0x00000000f9f80000, 0x0000000100000000)
  eden space 30208K, 99% used [0x00000000f5580000,0x00000000f72ffff8,0x00000000f7300000)
  from space 22016K, 0% used [0x00000000f7500000,0x00000000f7500000,0x00000000f8a80000)
  to   space 19968K, 0% used [0x00000000f8a80000,0x00000000f8a80000,0x00000000f9e00000)
 ParOldGen       total 349696K, used 349695K [0x00000000e0000000, 0x00000000f5580000, 0x00000000f5580000)
  object space 349696K, 99% used [0x00000000e0000000,0x00000000f557ff70,0x00000000f5580000)
 Metaspace       used 69519K, committed 70400K, reserved 1114112K
  class space    used 6537K, committed 6912K, reserved 1048576K
}
Event: 2092.879 GC heap after
{Heap after GC invocations=1406 (full 1177):
 PSYoungGen      total 50176K, used 30207K [0x00000000f5580000, 0x00000000f9f80000, 0x0000000100000000)
  eden space 30208K, 99% used [0x00000000f5580000,0x00000000f72fffd8,0x00000000f7300000)
  from space 19968K, 0% used [0x00000000f8a80000,0x00000000f8a80000,0x00000000f9e00000)
  to   space 22016K, 0% used [0x00000000f7500000,0x00000000f7500000,0x00000000f8a80000)
 ParOldGen       total 349696K, used 349695K [0x00000000e0000000, 0x00000000f5580000, 0x00000000f5580000)
  object space 349696K, 99% used [0x00000000e0000000,0x00000000f557fd38,0x00000000f5580000)
 Metaspace       used 69519K, committed 70400K, reserved 1114112K
  class space    used 6537K, committed 6912K, reserved 1048576K
}
Event: 2092.879 GC heap before
{Heap before GC invocations=1407 (full 1178):
 PSYoungGen      total 50176K, used 30207K [0x00000000f5580000, 0x00000000f9f80000, 0x0000000100000000)
  eden space 30208K, 99% used [0x00000000f5580000,0x00000000f72fffd8,0x00000000f7300000)
  from space 19968K, 0% used [0x00000000f8a80000,0x00000000f8a80000,0x00000000f9e00000)
  to   space 22016K, 0% used [0x00000000f7500000,0x00000000f7500000,0x00000000f8a80000)
 ParOldGen       total 349696K, used 349695K [0x00000000e0000000, 0x00000000f5580000, 0x00000000f5580000)
  object space 349696K, 99% used [0x00000000e0000000,0x00000000f557fd38,0x00000000f5580000)
 Metaspace       used 69519K, committed 70400K, reserved 1114112K
  class space    used 6537K, committed 6912K, reserved 1048576K
}
Event: 2094.750 GC heap after
{Heap after GC invocations=1407 (full 1178):
 PSYoungGen      total 52224K, used 30207K [0x00000000f5580000, 0x00000000f9f80000, 0x0000000100000000)
  eden space 30208K, 99% used [0x00000000f5580000,0x00000000f72fffd8,0x00000000f7300000)
  from space 22016K, 0% used [0x00000000f7500000,0x00000000f7500000,0x00000000f8a80000)
  to   space 19968K, 0% used [0x00000000f8a80000,0x00000000f8a80000,0x00000000f9e00000)
 ParOldGen       total 349696K, used 349695K [0x00000000e0000000, 0x00000000f5580000, 0x00000000f5580000)
  object space 349696K, 99% used [0x00000000e0000000,0x00000000f557fd38,0x00000000f5580000)
 Metaspace       used 69519K, committed 70400K, reserved 1114112K
  class space    used 6537K, committed 6912K, reserved 1048576K
}

Dll operation events (9 events):
Event: 0.002 Loaded shared library /nix/store/gpxl5qgg8kicmcvivwmybwjlpf7wh20l-graalvm17-ce-22.3.0/lib/libjava.so
Event: 0.009 Loaded shared library /nix/store/gpxl5qgg8kicmcvivwmybwjlpf7wh20l-graalvm17-ce-22.3.0/lib/libjsvml.so
Event: 0.232 Loaded shared library /nix/store/gpxl5qgg8kicmcvivwmybwjlpf7wh20l-graalvm17-ce-22.3.0/lib/libnio.so
Event: 0.235 Loaded shared library /nix/store/gpxl5qgg8kicmcvivwmybwjlpf7wh20l-graalvm17-ce-22.3.0/lib/libzip.so
Event: 0.239 Loaded shared library /nix/store/gpxl5qgg8kicmcvivwmybwjlpf7wh20l-graalvm17-ce-22.3.0/lib/libjvmcicompiler.so
Event: 0.642 Loaded shared library /nix/store/gpxl5qgg8kicmcvivwmybwjlpf7wh20l-graalvm17-ce-22.3.0/lib/libjimage.so
Event: 1.140 Loaded shared library /nix/store/gpxl5qgg8kicmcvivwmybwjlpf7wh20l-graalvm17-ce-22.3.0/lib/libnet.so
Event: 3.951 Loaded shared library /home/runner/.cache/jdt-language-server/config/org.eclipse.equinox.launcher/org.eclipse.equinox.launcher.gtk.linux.x86_64_1.2.400.v20211117-0650/eclipse_11600.so
Event: 12.938 Loaded shared library /nix/store/gpxl5qgg8kicmcvivwmybwjlpf7wh20l-graalvm17-ce-22.3.0/lib/libextnet.so

Deoptimization events (20 events):
Event: 270.240 Thread 0x00007f73640010d0 Uncommon trap: trap_request=0xffffffcd fr.pc=0x00007f73cb227c04 relative=0x0000000000000184
Event: 270.240 Thread 0x00007f73640010d0 Uncommon trap: reason=intrinsic_or_type_checked_inlining action=reinterpret pc=0x00007f73cb227c04 method=java.util.stream.AbstractPipeline.<init>(Ljava/util/stream/AbstractPipeline;I)V @ 65 jvmci
Event: 270.240 Thread 0x00007f73640010d0 DEOPT PACKING pc=0x00007f73cb227c04 sp=0x00007f738bffd7a0
Event: 270.240 Thread 0x00007f73640010d0 DEOPT UNPACKING pc=0x00007f73c3505325 sp=0x00007f738bffcc48 mode 3
Event: 270.337 Thread 0x00007f73640010d0 Uncommon trap: trap_request=0xffffffcd fr.pc=0x00007f73cb200706 relative=0x0000000000000386
Event: 270.337 Thread 0x00007f73640010d0 Uncommon trap: reason=intrinsic_or_type_checked_inlining action=reinterpret pc=0x00007f73cb200706 method=org.eclipse.jdt.internal.compiler.parser.Parser.fetchNextToken()I @ 0 jvmci
Event: 270.337 Thread 0x00007f73640010d0 DEOPT PACKING pc=0x00007f73cb200706 sp=0x00007f738bffdb60
Event: 270.337 Thread 0x00007f73640010d0 DEOPT UNPACKING pc=0x00007f73c3505325 sp=0x00007f738bffd010 mode 3
Event: 273.362 Thread 0x00007f73640010d0 Uncommon trap: trap_request=0xffffffcd fr.pc=0x00007f73cb2cd786 relative=0x0000000000001526
Event: 273.362 Thread 0x00007f73640010d0 Uncommon trap: reason=intrinsic_or_type_checked_inlining action=reinterpret pc=0x00007f73cb2cd786 method=org.eclipse.jdt.internal.compiler.parser.Scanner.getNextToken0()I @ 2842 jvmci
Event: 273.362 Thread 0x00007f73640010d0 DEOPT PACKING pc=0x00007f73cb2cd786 sp=0x00007f738bffda30
Event: 273.362 Thread 0x00007f73640010d0 DEOPT UNPACKING pc=0x00007f73c3505325 sp=0x00007f738bffce88 mode 3
Event: 403.969 Thread 0x00007f736403ddb0 Uncommon trap: trap_request=0xffffffcd fr.pc=0x00007f73cb2bf239 relative=0x0000000000000239
Event: 403.969 Thread 0x00007f736403ddb0 Uncommon trap: reason=intrinsic_or_type_checked_inlining action=reinterpret pc=0x00007f73cb2bf239 method=org.eclipse.core.internal.resources.Resource.equals(Ljava/lang/Object;)Z @ 0 jvmci
Event: 405.240 Thread 0x00007f736403ddb0 DEOPT PACKING pc=0x00007f73cb2bf239 sp=0x00007f738b7fe2f0
Event: 405.240 Thread 0x00007f736403ddb0 DEOPT UNPACKING pc=0x00007f73c3505325 sp=0x00007f738b7fd790 mode 3
Event: 408.775 Thread 0x00007f736c004050 Uncommon trap: trap_request=0xffffffed fr.pc=0x00007f73cb093e01 relative=0x0000000000000161
Event: 408.775 Thread 0x00007f736c004050 Uncommon trap: reason=null_assert_or_unreached0 action=reinterpret pc=0x00007f73cb093e01 method=java.util.concurrent.locks.AbstractQueuedSynchronizer.signalNext(Ljava/util/concurrent/locks/AbstractQueuedSynchronizer$Node;)V @ 17 jvmci
Event: 408.775 Thread 0x00007f736c004050 DEOPT PACKING pc=0x00007f73cb093e01 sp=0x00007f738a4fe700
Event: 408.775 Thread 0x00007f736c004050 DEOPT UNPACKING pc=0x00007f73c3505325 sp=0x00007f738a4fdad0 mode 3

Classes unloaded (20 events):
Event: 177.343 Thread 0x00007f73dc0a1c10 Unloading class 0x00000008010ec000 'jdk/internal/reflect/GeneratedMethodAccessor7'
Event: 177.343 Thread 0x00007f73dc0a1c10 Unloading class 0x00000008010c8000 'jdk/internal/reflect/GeneratedSerializationConstructorAccessor3'
Event: 177.343 Thread 0x00007f73dc0a1c10 Unloading class 0x0000000801098400 'jdk/internal/reflect/GeneratedSerializationConstructorAccessor2'
Event: 177.343 Thread 0x00007f73dc0a1c10 Unloading class 0x0000000801098000 'jdk/internal/reflect/GeneratedSerializationConstructorAccessor1'
Event: 177.343 Thread 0x00007f73dc0a1c10 Unloading class 0x0000000801065400 'java/lang/invoke/LambdaForm$MH+0x0000000801065400'
Event: 177.343 Thread 0x00007f73dc0a1c10 Unloading class 0x0000000801065000 'java/lang/invoke/LambdaForm$MH+0x0000000801065000'
Event: 177.343 Thread 0x00007f73dc0a1c10 Unloading class 0x0000000801064c00 'java/lang/invoke/LambdaForm$MH+0x0000000801064c00'
Event: 177.343 Thread 0x00007f73dc0a1c10 Unloading class 0x0000000801064800 'java/lang/invoke/LambdaForm$MH+0x0000000801064800'
Event: 177.343 Thread 0x00007f73dc0a1c10 Unloading class 0x0000000801064400 'java/lang/invoke/LambdaForm$MH+0x0000000801064400'
Event: 177.343 Thread 0x00007f73dc0a1c10 Unloading class 0x0000000801064000 'java/lang/invoke/LambdaForm$MH+0x0000000801064000'
Event: 177.343 Thread 0x00007f73dc0a1c10 Unloading class 0x0000000800ef2000 'jdk/internal/reflect/GeneratedConstructorAccessor12'
Event: 177.343 Thread 0x00007f73dc0a1c10 Unloading class 0x0000000800ef0800 'jdk/internal/reflect/GeneratedConstructorAccessor10'
Event: 177.343 Thread 0x00007f73dc0a1c10 Unloading class 0x0000000800ef0400 'jdk/internal/reflect/GeneratedConstructorAccessor9'
Event: 177.343 Thread 0x00007f73dc0a1c10 Unloading class 0x0000000800ef0000 'jdk/internal/reflect/GeneratedConstructorAccessor8'
Event: 177.343 Thread 0x00007f73dc0a1c10 Unloading class 0x0000000800d98400 'java/lang/invoke/LambdaForm$MH+0x0000000800d98400'
Event: 223.341 Thread 0x00007f73dc0a1c10 Unloading class 0x0000000801139800 'jdk/internal/reflect/GeneratedConstructorAccessor47'
Event: 223.341 Thread 0x00007f73dc0a1c10 Unloading class 0x000000080122c400 'jdk/internal/reflect/GeneratedConstructorAccessor46'
Event: 384.674 Thread 0x00007f73dc0a1c10 Unloading class 0x00000008012bc400 'jdk/internal/reflect/GeneratedConstructorAccessor49'
Event: 385.971 Thread 0x00007f73dc0a1c10 Unloading class 0x00000008012bc000 'jdk/internal/reflect/GeneratedConstructorAccessor48'
Event: 403.481 Thread 0x00007f73dc0a1c10 Unloading class 0x00000008012bcc00 'jdk/internal/reflect/GeneratedConstructorAccessor51'

Classes redefined (0 events):
No events

Internal exceptions (20 events):
Event: 190.051 Thread 0x00007f734c16b3d0 Exception <a 'java/lang/ClassCastException'{0x00000000f64808c0}: class org.eclipse.jdt.internal.compiler.lookup.BinaryTypeBinding cannot be cast to class org.eclipse.jdt.internal.compiler.lookup.SourceTypeBinding (org.eclipse.jdt.internal.compiler.lookup.BinaryTypeBinding and org.eclipse.jdt.internal.compiler.lookup.SourceTypeBinding are in unnamed module of loader org.eclipse.osgi.internal.loader.EquinoxClassLoader @1ea2c424)> (0x00000000f64808c0) 
thrown [src/hotspot/share/interpreter/interpreterRuntime.
Event: 190.051 Thread 0x00007f734c16b3d0 Exception <a 'java/lang/ClassCastException'{0x00000000f6480d28}: class org.eclipse.jdt.internal.compiler.lookup.BinaryTypeBinding cannot be cast to class org.eclipse.jdt.internal.compiler.lookup.SourceTypeBinding (org.eclipse.jdt.internal.compiler.lookup.BinaryTypeBinding and org.eclipse.jdt.internal.compiler.lookup.SourceTypeBinding are in unnamed module of loader org.eclipse.osgi.internal.loader.EquinoxClassLoader @1ea2c424)> (0x00000000f6480d28) 
thrown [src/hotspot/share/interpreter/interpreterRuntime.
Event: 190.051 Thread 0x00007f734c16b3d0 Exception <a 'java/lang/ClassCastException'{0x00000000f6481190}: class org.eclipse.jdt.internal.compiler.lookup.BinaryTypeBinding cannot be cast to class org.eclipse.jdt.internal.compiler.lookup.SourceTypeBinding (org.eclipse.jdt.internal.compiler.lookup.BinaryTypeBinding and org.eclipse.jdt.internal.compiler.lookup.SourceTypeBinding are in unnamed module of loader org.eclipse.osgi.internal.loader.EquinoxClassLoader @1ea2c424)> (0x00000000f6481190) 
thrown [src/hotspot/share/interpreter/interpreterRuntime.
Event: 190.051 Thread 0x00007f734c16b3d0 Exception <a 'java/lang/ClassCastException'{0x00000000f64815f8}: class org.eclipse.jdt.internal.compiler.lookup.BinaryTypeBinding cannot be cast to class org.eclipse.jdt.internal.compiler.lookup.SourceTypeBinding (org.eclipse.jdt.internal.compiler.lookup.BinaryTypeBinding and org.eclipse.jdt.internal.compiler.lookup.SourceTypeBinding are in unnamed module of loader org.eclipse.osgi.internal.loader.EquinoxClassLoader @1ea2c424)> (0x00000000f64815f8) 
thrown [src/hotspot/share/interpreter/interpreterRuntime.
Event: 190.051 Thread 0x00007f734c16b3d0 Exception <a 'java/lang/ClassCastException'{0x00000000f6481a60}: class org.eclipse.jdt.internal.compiler.lookup.BinaryTypeBinding cannot be cast to class org.eclipse.jdt.internal.compiler.lookup.SourceTypeBinding (org.eclipse.jdt.internal.compiler.lookup.BinaryTypeBinding and org.eclipse.jdt.internal.compiler.lookup.SourceTypeBinding are in unnamed module of loader org.eclipse.osgi.internal.loader.EquinoxClassLoader @1ea2c424)> (0x00000000f6481a60) 
thrown [src/hotspot/share/interpreter/interpreterRuntime.
Event: 190.051 Thread 0x00007f734c16b3d0 Exception <a 'java/lang/ClassCastException'{0x00000000f6481ec8}: class org.eclipse.jdt.internal.compiler.lookup.BinaryTypeBinding cannot be cast to class org.eclipse.jdt.internal.compiler.lookup.SourceTypeBinding (org.eclipse.jdt.internal.compiler.lookup.BinaryTypeBinding and org.eclipse.jdt.internal.compiler.lookup.SourceTypeBinding are in unnamed module of loader org.eclipse.osgi.internal.loader.EquinoxClassLoader @1ea2c424)> (0x00000000f6481ec8) 
thrown [src/hotspot/share/interpreter/interpreterRuntime.
Event: 190.051 Thread 0x00007f734c16b3d0 Exception <a 'java/lang/ClassCastException'{0x00000000f6482330}: class org.eclipse.jdt.internal.compiler.lookup.BinaryTypeBinding cannot be cast to class org.eclipse.jdt.internal.compiler.lookup.SourceTypeBinding (org.eclipse.jdt.internal.compiler.lookup.BinaryTypeBinding and org.eclipse.jdt.internal.compiler.lookup.SourceTypeBinding are in unnamed module of loader org.eclipse.osgi.internal.loader.EquinoxClassLoader @1ea2c424)> (0x00000000f6482330) 
thrown [src/hotspot/share/interpreter/interpreterRuntime.
Event: 190.141 Thread 0x00007f735c04fc10 Implicit null exception at 0x00007f73cb183b3b to 0x00007f73c3504f68
Event: 195.241 Thread 0x00007f734c1abf80 Exception <a 'java/io/FileNotFoundException'{0x00000000f5e8e788}> (0x00000000f5e8e788) 
thrown [src/hotspot/share/prims/jni.cpp, line 516]
Event: 198.233 Thread 0x00007f734c1abf80 Exception <a 'java/lang/NoSuchMethodError'{0x00000000f6a05178}: 'int java.lang.invoke.DirectMethodHandle$Holder.invokeVirtual(java.lang.Object, java.lang.Object)'> (0x00000000f6a05178) 
thrown [src/hotspot/share/interpreter/linkResolver.cpp, line 758]
Event: 226.361 Thread 0x00007f735c04fc10 Exception <a 'java/lang/OutOfMemoryError'{0x00000000e00043f0}> (0x00000000e00043f0) 
thrown [src/hotspot/share/gc/shared/memAllocator.cpp, line 138]
Event: 226.361 Thread 0x00007f735c04fc10 Implicit null exception at 0x00007f73cb173ae6 to 0x00007f73cb173ce6
Event: 229.875 Thread 0x00007f735c04fc10 Exception <a 'java/lang/OutOfMemoryError'{0x00000000e00043f0}> (0x00000000e00043f0) 
thrown [src/hotspot/share/gc/shared/memAllocator.cpp, line 138]
Event: 229.875 Thread 0x00007f735c04fc10 Implicit null exception at 0x00007f73cb1f6067 to 0x00007f73cb1f611a
Event: 232.251 Thread 0x00007f735c04fc10 Exception <a 'java/lang/OutOfMemoryError'{0x00000000e0004710}> (0x00000000e0004710) 
thrown [src/hotspot/share/gc/shared/memAllocator.cpp, line 136]
Event: 232.636 Thread 0x00007f734c1abf80 Exception <a 'java/lang/NoSuchMethodError'{0x00000000ec444908}: 'void java.lang.invoke.DirectMethodHandle$Holder.invokeVirtual(java.lang.Object, java.lang.Object)'> (0x00000000ec444908) 
thrown [src/hotspot/share/interpreter/linkResolver.cpp, line 758]
Event: 236.837 Thread 0x00007f734c1a5b40 Exception <a 'java/io/FileNotFoundException'{0x00000000f6567b28}> (0x00000000f6567b28) 
thrown [src/hotspot/share/prims/jni.cpp, line 516]
Event: 253.646 Thread 0x00007f734c1acb00 Exception <a 'java/lang/ArrayIndexOutOfBoundsException'{0x00000000f64e6328}: Index 7017 out of bounds for length 7017> (0x00000000f64e6328) 
thrown [src/hotspot/share/interpreter/interpreterRuntime.cpp, line 428]
Event: 253.843 Thread 0x00007f734c1acb00 Exception <a 'java/lang/ArrayIndexOutOfBoundsException'{0x00000000f65e3970}: Index 7017 out of bounds for length 7017> (0x00000000f65e3970) 
thrown [src/hotspot/share/interpreter/interpreterRuntime.cpp, line 428]
Event: 2094.750 Thread 0x00007f73dc0b21e0 Exception <a 'java/lang/OutOfMemoryError'{0x00000000e0004710}> (0x00000000e0004710) 
thrown [src/hotspot/share/gc/shared/memAllocator.cpp, line 136]

VM Operations (20 events):
Event: 2074.634 Executing VM operation: ParallelGCFailedAllocation
Event: 2076.557 Executing VM operation: ParallelGCFailedAllocation done
Event: 2076.558 Executing VM operation: ParallelGCFailedAllocation
Event: 2078.438 Executing VM operation: ParallelGCFailedAllocation done
Event: 2078.438 Executing VM operation: ParallelGCFailedAllocation
Event: 2080.177 Executing VM operation: ParallelGCFailedAllocation done
Event: 2080.231 Executing VM operation: ParallelGCFailedAllocation
Event: 2081.966 Executing VM operation: ParallelGCFailedAllocation done
Event: 2081.966 Executing VM operation: ParallelGCFailedAllocation
Event: 2083.857 Executing VM operation: ParallelGCFailedAllocation done
Event: 2083.857 Executing VM operation: ParallelGCFailedAllocation
Event: 2085.834 Executing VM operation: ParallelGCFailedAllocation done
Event: 2085.834 Executing VM operation: ParallelGCFailedAllocation
Event: 2087.740 Executing VM operation: ParallelGCFailedAllocation done
Event: 2087.740 Executing VM operation: ParallelGCFailedAllocation
Event: 2089.339 Executing VM operation: ParallelGCFailedAllocation done
Event: 2089.339 Executing VM operation: ParallelGCFailedAllocation
Event: 2090.964 Executing VM operation: ParallelGCFailedAllocation done
Event: 2090.964 Executing VM operation: ParallelGCFailedAllocation
Event: 2094.750 Executing VM operation: ParallelGCFailedAllocation done

Events (20 events):
Event: 255.957 Thread 0x00007f7314050920 Thread exited: 0x00007f7314050920
Event: 260.357 Thread 0x00007f734c1acb00 Thread exited: 0x00007f734c1acb00
Event: 270.236 loading class java/util/Spliterators$IntArraySpliterator
Event: 270.236 loading class java/util/Spliterators$IntArraySpliterator done
Event: 270.240 loading class java/util/stream/Nodes$IntSpinedNodeBuilder
Event: 270.240 loading class java/util/stream/SpinedBuffer$OfInt
Event: 270.240 loading class java/util/stream/SpinedBuffer$OfPrimitive
Event: 270.241 loading class java/util/stream/SpinedBuffer$OfPrimitive done
Event: 270.336 loading class java/util/stream/SpinedBuffer$OfInt done
Event: 270.336 loading class java/util/stream/Nodes$IntSpinedNodeBuilder done
Event: 344.745 loading class java/io/InterruptedIOException
Event: 344.746 loading class java/io/InterruptedIOException done
Event: 344.746 loading class javax/net/ssl/SSLException
Event: 344.746 loading class javax/net/ssl/SSLException done
Event: 362.663 loading class java/lang/AssertionError
Event: 362.663 loading class java/lang/AssertionError done
Event: 411.057 Thread 0x00007f7340413cf0 Thread exited: 0x00007f7340413cf0
Event: 411.058 Thread 0x00007f736c004050 Thread exited: 0x00007f736c004050
Event: 412.086 Thread 0x00007f7340413560 Thread exited: 0x00007f7340413560
Event: 1897.068 Thread 0x00007f7340419150 Thread exited: 0x00007f7340419150


Dynamic libraries:
e0000000-f5580000 rw-p 00000000 00:00 0 
f5580000-f9f80000 rw-p 00000000 00:00 0 
f9f80000-100000000 ---p 00000000 00:00 0 
800000000-800449000 rw-p 00001000 00:1337 4611686019135357769            /nix/store/gpxl5qgg8kicmcvivwmybwjlpf7wh20l-graalvm17-ce-22.3.0/lib/server/classes.jsa
800449000-800bc8000 r--p 0044a000 00:1337 4611686019135357769            /nix/store/gpxl5qgg8kicmcvivwmybwjlpf7wh20l-graalvm17-ce-22.3.0/lib/server/classes.jsa
800bc8000-800c00000 ---p 00000000 00:00 0 
800c00000-800c20000 rw-p 00000000 00:00 0 
800c20000-800c40000 rw-p 00000000 00:00 0 
800c40000-800cc0000 rw-p 00000000 00:00 0 
800cc0000-800d00000 rw-p 00000000 00:00 0 
800d00000-800dc0000 rw-p 00000000 00:00 0 
800dc0000-800e00000 rw-p 00000000 00:00 0 
800e00000-800f40000 rw-p 00000000 00:00 0 
800f40000-800fc0000 rw-p 00000000 00:00 0 
800fc0000-801000000 rw-p 00000000 00:00 0 
801000000-8012c0000 rw-p 00000000 00:00 0 
8012c0000-840c00000 ---p 00000000 00:00 0 
55b58d7e7000-55b58d7e8000 r-xp 00000000 00:1337 4611686019099417844      /nix/store/gpxl5qgg8kicmcvivwmybwjlpf7wh20l-graalvm17-ce-22.3.0/bin/.java-wrapped
55b58d7e9000-55b58d7ea000 r--p 00001000 00:1337 4611686019099417844      /nix/store/gpxl5qgg8kicmcvivwmybwjlpf7wh20l-graalvm17-ce-22.3.0/bin/.java-wrapped
55b58d7ea000-55b58d7eb000 rw-p 00002000 00:1337 4611686019099417844      /nix/store/gpxl5qgg8kicmcvivwmybwjlpf7wh20l-graalvm17-ce-22.3.0/bin/.java-wrapped
55b58d7eb000-55b58d7ec000 rw-p 00004000 00:1337 4611686019099417844      /nix/store/gpxl5qgg8kicmcvivwmybwjlpf7wh20l-graalvm17-ce-22.3.0/bin/.java-wrapped
55b58d7ec000-55b58d7ed000 rw-p 00005000 00:1337 4611686019099417844      /nix/store/gpxl5qgg8kicmcvivwmybwjlpf7wh20l-graalvm17-ce-22.3.0/bin/.java-wrapped
55b58f463000-55b58f4ab000 rw-p 00000000 00:00 0                          [heap]
7f72f8000000-7f72f803f000 rw-p 00000000 00:00 0 
7f72f803f000-7f72fc000000 ---p 00000000 00:00 0 
7f72fc000000-7f72fc021000 rw-p 00000000 00:00 0 
7f72fc021000-7f7300000000 ---p 00000000 00:00 0 
7f7300000000-7f7300021000 rw-p 00000000 00:00 0 
7f7300021000-7f7304000000 ---p 00000000 00:00 0 
7f7304000000-7f7304044000 rw-p 00000000 00:00 0 
7f7304044000-7f7308000000 ---p 00000000 00:00 0 
7f7308000000-7f730809f000 rw-p 00000000 00:00 0 
7f730809f000-7f730c000000 ---p 00000000 00:00 0 
7f730c000000-7f730c021000 rw-p 00000000 00:00 0 
7f730c021000-7f7310000000 ---p 00000000 00:00 0 
7f7310000000-7f73100ca000 rw-p 00000000 00:00 0 
7f73100ca000-7f7314000000 ---p 00000000 00:00 0 
7f7314000000-7f73140d0000 rw-p 00000000 00:00 0 
7f73140d0000-7f7318000000 ---p 00000000 00:00 0 
7f7318000000-7f7318021000 rw-p 00000000 00:00 0 
7f7318021000-7f731c000000 ---p 00000000 00:00 0 
7f731c000000-7f731c0b6000 rw-p 00000000 00:00 0 
7f731c0b6000-7f7320000000 ---p 00000000 00:00 0 
7f7320000000-7f7320021000 rw-p 00000000 00:00 0 
7f7320021000-7f7324000000 ---p 00000000 00:00 0 
7f7324000000-7f7324021000 rw-p 00000000 00:00 0 
7f7324021000-7f7328000000 ---p 00000000 00:00 0 
7f7328000000-7f7328021000 rw-p 00000000 00:00 0 
7f7328021000-7f732c000000 ---p 00000000 00:00 0 
7f732e4b3000-7f7338000000 r--s 00000000 00:1337 4611686019135192581      /nix/store/gpxl5qgg8kicmcvivwmybwjlpf7wh20l-graalvm17-ce-22.3.0/lib/modules
7f7338000000-7f73380b1000 rw-p 00000000 00:00 0 
7f73380b1000-7f733c000000 ---p 00000000 00:00 0 
7f733c800000-7f733cd00000 rw-p 00000000 00:00 0 
7f733cd00000-7f733cea0000 rw-p 00000000 00:00 0 
7f733cea0000-7f733d000000 ---p 00000000 00:00 0 
7f733ec00000-7f733ed00000 rw-p 00000000 00:00 0 
7f733ed00000-7f733ed60000 rw-p 00000000 00:00 0 
7f733ed60000-7f733ee00000 ---p 00000000 00:00 0 
7f733ee00000-7f733f400000 rw-p 00000000 00:00 0 
7f733f800000-7f733fb80000 rw-p 00000000 00:00 0 
7f733fb80000-7f733fc00000 rw-p 00000000 00:00 0 
7f733fc00000-7f7340000000 rw-p 00000000 00:00 0 
7f7340000000-7f734053e000 rw-p 00000000 00:00 0 
7f734053e000-7f7344000000 ---p 00000000 00:00 0 
7f7344000000-7f7344029000 rw-p 00000000 00:00 0 
7f7344029000-7f7348000000 ---p 00000000 00:00 0 
7f7348000000-7f7348137000 rw-p 00000000 00:00 0 
7f7348137000-7f734c000000 ---p 00000000 00:00 0 
7f734c000000-7f734c1d0000 rw-p 00000000 00:00 0 
7f734c1d0000-7f7350000000 ---p 00000000 00:00 0 
7f7350000000-7f7350021000 rw-p 00000000 00:00 0 
7f7350021000-7f7354000000 ---p 00000000 00:00 0 
7f7354000000-7f7354021000 rw-p 00000000 00:00 0 
7f7354021000-7f7358000000 ---p 00000000 00:00 0 
7f7358000000-7f7358376000 rw-p 00000000 00:00 0 
7f7358376000-7f735c000000 ---p 00000000 00:00 0 
7f735c000000-7f735c064000 rw-p 00000000 00:00 0 
7f735c064000-7f7360000000 ---p 00000000 00:00 0 
7f7360000000-7f7360021000 rw-p 00000000 00:00 0 
7f7360021000-7f7364000000 ---p 00000000 00:00 0 
7f7364000000-7f736404c000 rw-p 00000000 00:00 0 
7f736404c000-7f7368000000 ---p 00000000 00:00 0 
7f7368000000-7f7368021000 rw-p 00000000 00:00 0 
7f7368021000-7f736c000000 ---p 00000000 00:00 0 
7f736c000000-7f736c021000 rw-p 00000000 00:00 0 
7f736c021000-7f7370000000 ---p 00000000 00:00 0 
7f7370000000-7f73708c3000 rw-p 00000000 00:00 0 
7f73708c3000-7f7374000000 ---p 00000000 00:00 0 
7f7374000000-7f7374026000 rw-p 00000000 00:00 0 
7f7374026000-7f7378000000 ---p 00000000 00:00 0 
7f7378000000-7f7378021000 rw-p 00000000 00:00 0 
7f7378021000-7f737c000000 ---p 00000000 00:00 0 
7f737c000000-7f737c021000 rw-p 00000000 00:00 0 
7f737c021000-7f7380000000 ---p 00000000 00:00 0 
7f7380000000-7f7380021000 rw-p 00000000 00:00 0 
7f7380021000-7f7384000000 ---p 00000000 00:00 0 
7f7384400000-7f73845c0000 rw-p 00000000 00:00 0 
7f73845c0000-7f7384600000 rw-p 00000000 00:00 0 
7f7384600000-7f7384900000 rw-p 00000000 00:00 0 
7f7384900000-7f7384a00000 rw-p 00000000 00:00 0 
7f7384a00000-7f7384c00000 rw-p 00000000 00:00 0 
7f7384c00000-7f7384d00000 rw-p 00000000 00:00 0 
7f7384d00000-7f7384f00000 rw-p 00000000 00:00 0 
7f7384f00000-7f7385000000 rw-p 00000000 00:00 0 
7f7385000000-7f7385100000 rw-p 00000000 00:00 0 
7f7385100000-7f7385200000 rw-p 00000000 00:00 0 
7f7385200000-7f7385400000 rw-p 00000000 00:00 0 
7f7385400000-7f7385500000 rw-p 00000000 00:00 0 
7f7385500000-7f7385600000 rw-p 00000000 00:00 0 
7f7385600000-7f7385b80000 rw-p 00000000 00:00 0 
7f7385b80000-7f7385c00000 rw-p 00000000 00:00 0 
7f7385c00000-7f7385d00000 rw-p 00000000 00:00 0 
7f7385d00000-7f7385e00000 rw-p 00000000 00:00 0 
7f7385e00000-7f7386100000 rw-p 00000000 00:00 0 
7f7386100000-7f7386200000 rw-p 00000000 00:00 0 
7f7386200000-7f7386400000 rw-p 00000000 00:00 0 
7f7386c00000-7f7386c10000 r-xp 00000000 00:12b1 356                      /home/runner/.cache/jdt-language-server/config/org.eclipse.equinox.launcher/org.eclipse.equinox.launcher.gtk.linux.x86_64_1.2.400.v20211117-0650/eclipse_11600.so
7f7386c10000-7f7386e0f000 ---p 00010000 00:12b1 356                      /home/runner/.cache/jdt-language-server/config/org.eclipse.equinox.launcher/org.eclipse.equinox.launcher.gtk.linux.x86_64_1.2.400.v20211117-0650/eclipse_11600.so
7f7386e0f000-7f7386e10000 r--p 0000f000 00:12b1 356                      /home/runner/.cache/jdt-language-server/config/org.eclipse.equinox.launcher/org.eclipse.equinox.launcher.gtk.linux.x86_64_1.2.400.v20211117-0650/eclipse_11600.so
7f7386e10000-7f7386e11000 rw-p 00010000 00:12b1 356                      /home/runner/.cache/jdt-language-server/config/org.eclipse.equinox.launcher/org.eclipse.equinox.launcher.gtk.linux.x86_64_1.2.400.v20211117-0650/eclipse_11600.so
7f7387700000-7f7387800000 ---p 00000000 00:00 0 
7f7387800000-7f7387daf000 r--p 01122000 00:1337 4611686019135190040      /nix/store/gpxl5qgg8kicmcvivwmybwjlpf7wh20l-graalvm17-ce-22.3.0/lib/libjvmcicompiler.so
7f7387daf000-7f7387f00000 r--p 00000000 00:00 0 
7f7387f00000-7f7387f3d000 rw-p 00000000 00:00 0 
7f7387f3d000-7f738845d000 rw-p 0185f000 00:1337 4611686019135190040      /nix/store/gpxl5qgg8kicmcvivwmybwjlpf7wh20l-graalvm17-ce-22.3.0/lib/libjvmcicompiler.so
7f738845d000-7f7388844000 r--p 01d7f000 00:1337 4611686019135190040      /nix/store/gpxl5qgg8kicmcvivwmybwjlpf7wh20l-graalvm17-ce-22.3.0/lib/libjvmcicompiler.so
7f7388900000-7f7388904000 ---p 00000000 00:00 0 
7f7388904000-7f7388a00000 rw-p 00000000 00:00 0 
7f7388b00000-7f7388b04000 ---p 00000000 00:00 0 
7f7388b04000-7f7388c00000 rw-p 00000000 00:00 0 
7f7388c00000-7f7388c04000 ---p 00000000 00:00 0 
7f7388c04000-7f7388d00000 rw-p 00000000 00:00 0 
7f7388d00000-7f7388d04000 ---p 00000000 00:00 0 
7f7388d04000-7f7388e00000 rw-p 00000000 00:00 0 
7f7388f00000-7f7388f04000 ---p 00000000 00:00 0 
7f7388f04000-7f7389000000 rw-p 00000000 00:00 0 
7f7389100000-7f7389104000 ---p 00000000 00:00 0 
7f7389104000-7f7389200000 rw-p 00000000 00:00 0 
7f7389300000-7f7389304000 ---p 00000000 00:00 0 
7f7389304000-7f7389400000 rw-p 00000000 00:00 0 
7f7389500000-7f7389504000 ---p 00000000 00:00 0 
7f7389504000-7f7389600000 rw-p 00000000 00:00 0 
7f7389700000-7f7389704000 ---p 00000000 00:00 0 
7f7389704000-7f7389800000 rw-p 00000000 00:00 0 
7f7389900000-7f7389904000 ---p 00000000 00:00 0 
7f7389904000-7f7389a00000 rw-p 00000000 00:00 0 
7f7389b00000-7f7389b04000 ---p 00000000 00:00 0 
7f7389b04000-7f7389c00000 rw-p 00000000 00:00 0 
7f7389d00000-7f7389d04000 ---p 00000000 00:00 0 
7f7389d04000-7f7389e00000 rw-p 00000000 00:00 0 
7f7389f00000-7f7389f04000 ---p 00000000 00:00 0 
7f7389f04000-7f738a000000 rw-p 00000000 00:00 0 
7f738a000000-7f738a004000 ---p 00000000 00:00 0 
7f738a004000-7f738a100000 rw-p 00000000 00:00 0 
7f738a100000-7f738a104000 ---p 00000000 00:00 0 
7f738a104000-7f738a200000 rw-p 00000000 00:00 0 
7f738a300000-7f738a304000 ---p 00000000 00:00 0 
7f738a304000-7f738a400000 rw-p 00000000 00:00 0 
7f738a400000-7f738a404000 ---p 00000000 00:00 0 
7f738a404000-7f738a500000 rw-p 00000000 00:00 0 
7f738a500000-7f738a504000 ---p 00000000 00:00 0 
7f738a504000-7f738a600000 rw-p 00000000 00:00 0 
7f738a700000-7f738a704000 ---p 00000000 00:00 0 
7f738a704000-7f738a800000 rw-p 00000000 00:00 0 
7f738a800000-7f738a804000 ---p 00000000 00:00 0 
7f738a804000-7f738a900000 rw-p 00000000 00:00 0 
7f738a900000-7f738a904000 ---p 00000000 00:00 0 
7f738a904000-7f738aa00000 rw-p 00000000 00:00 0 
7f738ab00000-7f738ab04000 ---p 00000000 00:00 0 
7f738ab04000-7f738ac00000 rw-p 00000000 00:00 0 
7f738ad00000-7f738ad04000 ---p 00000000 00:00 0 
7f738ad04000-7f738ae00000 rw-p 00000000 00:00 0 
7f738b168000-7f738b600000 rw-p 00000000 00:00 0 
7f738b700000-7f738b704000 ---p 00000000 00:00 0 
7f738b704000-7f738b800000 rw-p 00000000 00:00 0 
7f738b900000-7f738b904000 ---p 00000000 00:00 0 
7f738b904000-7f738ba00000 rw-p 00000000 00:00 0 
7f738bb00000-7f738bb04000 ---p 00000000 00:00 0 
7f738bb04000-7f738bc00000 rw-p 00000000 00:00 0 
7f738bd00000-7f738bd04000 ---p 00000000 00:00 0 
7f738bd04000-7f738be00000 rw-p 00000000 00:00 0 
7f738bf00000-7f738bf04000 ---p 00000000 00:00 0 
7f738bf04000-7f738c000000 rw-p 00000000 00:00 0 
7f738c000000-7f738c021000 rw-p 00000000 00:00 0 
7f738c021000-7f7390000000 ---p 00000000 00:00 0 
7f7390000000-7f7390021000 rw-p 00000000 00:00 0 
7f7390021000-7f7394000000 ---p 00000000 00:00 0 
7f7394000000-7f73940f9000 rw-p 00000000 00:00 0 
7f73940f9000-7f7398000000 ---p 00000000 00:00 0 
7f7398000000-7f7398021000 rw-p 00000000 00:00 0 
7f7398021000-7f739c000000 ---p 00000000 00:00 0 
7f739c000000-7f739c0f0000 rw-p 00000000 00:00 0 
7f739c0f0000-7f73a0000000 ---p 00000000 00:00 0 
7f73a0000000-7f73a0bae000 rw-p 00000000 00:00 0 
7f73a0bae000-7f73a4000000 ---p 00000000 00:00 0 
7f73a4000000-7f73a4021000 rw-p 00000000 00:00 0 
7f73a4021000-7f73a8000000 ---p 00000000 00:00 0 
7f73a8000000-7f73a8021000 rw-p 00000000 00:00 0 
7f73a8021000-7f73ac000000 ---p 00000000 00:00 0 
7f73ac000000-7f73ac021000 rw-p 00000000 00:00 0 
7f73ac021000-7f73b0000000 ---p 00000000 00:00 0 
7f73b0000000-7f73b0021000 rw-p 00000000 00:00 0 
7f73b0021000-7f73b4000000 ---p 00000000 00:00 0 
7f73b4000000-7f73b4021000 rw-p 00000000 00:00 0 
7f73b4021000-7f73b8000000 ---p 00000000 00:00 0 
7f73b8000000-7f73b8021000 rw-p 00000000 00:00 0 
7f73b8021000-7f73bc000000 ---p 00000000 00:00 0 
7f73bc000000-7f73bc144000 rw-p 00000000 00:00 0 
7f73bc144000-7f73c0000000 ---p 00000000 00:00 0 
7f73c0000000-7f73c0004000 ---p 00000000 00:00 0 
7f73c0004000-7f73c0100000 rw-p 00000000 00:00 0 
7f73c0100000-7f73c0104000 ---p 00000000 00:00 0 
7f73c0104000-7f73c0200000 rw-p 00000000 00:00 0 
7f73c0200000-7f73c236a000 r-xp 00000000 00:1337 4611686019135190040      /nix/store/gpxl5qgg8kicmcvivwmybwjlpf7wh20l-graalvm17-ce-22.3.0/lib/libjvmcicompiler.so
7f73c236a000-7f73c2569000 ---p 0216a000 00:1337 4611686019135190040      /nix/store/gpxl5qgg8kicmcvivwmybwjlpf7wh20l-graalvm17-ce-22.3.0/lib/libjvmcicompiler.so
7f73c2569000-7f73c256a000 r--p 02169000 00:1337 4611686019135190040      /nix/store/gpxl5qgg8kicmcvivwmybwjlpf7wh20l-graalvm17-ce-22.3.0/lib/libjvmcicompiler.so
7f73c256a000-7f73c256c000 rw-p 0216a000 00:1337 4611686019135190040      /nix/store/gpxl5qgg8kicmcvivwmybwjlpf7wh20l-graalvm17-ce-22.3.0/lib/libjvmcicompiler.so
7f73c256c000-7f73c256d000 rw-p 00000000 00:00 0 
7f73c256d000-7f73c2572000 rw-p 023c3000 00:1337 4611686019135190040      /nix/store/gpxl5qgg8kicmcvivwmybwjlpf7wh20l-graalvm17-ce-22.3.0/lib/libjvmcicompiler.so
7f73c25cb000-7f73c25cf000 ---p 00000000 00:00 0 
7f73c25cf000-7f73c26cb000 rw-p 00000000 00:00 0 
7f73c26cb000-7f73c26cc000 ---p 00000000 00:00 0 
7f73c26cc000-7f73c27cd000 rw-p 00000000 00:00 0 
7f73c27cd000-7f73c27d1000 ---p 00000000 00:00 0 
7f73c27d1000-7f73c28cd000 rw-p 00000000 00:00 0 
7f73c28cd000-7f73c28d1000 ---p 00000000 00:00 0 
7f73c28d1000-7f73c29cd000 rw-p 00000000 00:00 0 
7f73c29cd000-7f73c29d1000 ---p 00000000 00:00 0 
7f73c29d1000-7f73c2acd000 rw-p 00000000 00:00 0 
7f73c2acd000-7f73c2ad1000 ---p 00000000 00:00 0 
7f73c2ad1000-7f73c2ccd000 rw-p 00000000 00:00 0 
7f73c2ccd000-7f73c2cd1000 ---p 00000000 00:00 0 
7f73c2cd1000-7f73c2ecd000 rw-p 00000000 00:00 0 
7f73c2ecd000-7f73c2ed1000 ---p 00000000 00:00 0 
7f73c2ed1000-7f73c2fcd000 rw-p 00000000 00:00 0 
7f73c2fcd000-7f73c2fd1000 ---p 00000000 00:00 0 
7f73c2fd1000-7f73c30cd000 rw-p 00000000 00:00 0 
7f73c30cd000-7f73c30d1000 ---p 00000000 00:00 0 
7f73c30d1000-7f73c31cd000 rw-p 00000000 00:00 0 
7f73c31cd000-7f73c34b3000 r--p 00000000 00:126c 28444448                 /usr/lib/locale/locale-archive
7f73c34b3000-7f73c3723000 rwxp 00000000 00:00 0 
7f73c3723000-7f73c3a42000 ---p 00000000 00:00 0 
7f73c3a42000-7f73c5092000 rwxp 00000000 00:00 0 
7f73c5092000-7f73caf7a000 ---p 00000000 00:00 0 
7f73caf7a000-7f73cb31a000 rwxp 00000000 00:00 0 
7f73cb31a000-7f73d24b3000 ---p 00000000 00:00 0 
7f73d24b3000-7f73dc000000 r--s 00000000 00:1337 4611686019135192581      /nix/store/gpxl5qgg8kicmcvivwmybwjlpf7wh20l-graalvm17-ce-22.3.0/lib/modules
7f73dc000000-7f73dc652000 rw-p 00000000 00:00 0 
7f73dc652000-7f73e0000000 ---p 00000000 00:00 0 
7f73e00c1000-7f73e00c5000 ---p 00000000 00:00 0 
7f73e00c5000-7f73e00e3000 rw-p 00000000 00:00 0 
7f73e00e3000-7f73e00f8000 r-xp 00000000 00:1337 4611686019135192570      /nix/store/gpxl5qgg8kicmcvivwmybwjlpf7wh20l-graalvm17-ce-22.3.0/lib/libnet.so
7f73e00f8000-7f73e00f9000 ---p 00015000 00:1337 4611686019135192570      /nix/store/gpxl5qgg8kicmcvivwmybwjlpf7wh20l-graalvm17-ce-22.3.0/lib/libnet.so
7f73e00f9000-7f73e00fa000 r--p 00015000 00:1337 4611686019135192570      /nix/store/gpxl5qgg8kicmcvivwmybwjlpf7wh20l-graalvm17-ce-22.3.0/lib/libnet.so
7f73e00fa000-7f73e00fb000 rw-p 00016000 00:1337 4611686019135192570      /nix/store/gpxl5qgg8kicmcvivwmybwjlpf7wh20l-graalvm17-ce-22.3.0/lib/libnet.so
7f73e00fb000-7f73e00fe000 rw-p 0001b000 00:1337 4611686019135192570      /nix/store/gpxl5qgg8kicmcvivwmybwjlpf7wh20l-graalvm17-ce-22.3.0/lib/libnet.so
7f73e00fe000-7f73e0102000 ---p 00000000 00:00 0 
7f73e0102000-7f73e01fe000 rw-p 00000000 00:00 0 
7f73e01fe000-7f73e0202000 ---p 00000000 00:00 0 
7f73e0202000-7f73e02fe000 rw-p 00000000 00:00 0 
7f73e02fe000-7f73e02ff000 ---p 00000000 00:00 0 
7f73e02ff000-7f73e0800000 rw-p 00000000 00:00 0 
7f73e0800000-7f73e0b00000 rw-p 00000000 00:00 0 
7f73e0b00000-7f73e0c00000 rw-p 00000000 00:00 0 
7f73e0c09000-7f73e0c0b000 r-xp 00000000 00:1337 4611686019135190017      /nix/store/gpxl5qgg8kicmcvivwmybwjlpf7wh20l-graalvm17-ce-22.3.0/lib/libextnet.so
7f73e0c0b000-7f73e0c0c000 r--p 00001000 00:1337 4611686019135190017      /nix/store/gpxl5qgg8kicmcvivwmybwjlpf7wh20l-graalvm17-ce-22.3.0/lib/libextnet.so
7f73e0c0c000-7f73e0c0d000 rw-p 00002000 00:1337 4611686019135190017      /nix/store/gpxl5qgg8kicmcvivwmybwjlpf7wh20l-graalvm17-ce-22.3.0/lib/libextnet.so
7f73e0c0d000-7f73e0c0e000 rw-p 00004000 00:1337 4611686019135190017      /nix/store/gpxl5qgg8kicmcvivwmybwjlpf7wh20l-graalvm17-ce-22.3.0/lib/libextnet.so
7f73e0c0e000-7f73e0c15000 r-xp 00000000 00:1337 4611686019135192580      /nix/store/gpxl5qgg8kicmcvivwmybwjlpf7wh20l-graalvm17-ce-22.3.0/lib/libzip.so
7f73e0c15000-7f73e0c16000 ---p 00007000 00:1337 4611686019135192580      /nix/store/gpxl5qgg8kicmcvivwmybwjlpf7wh20l-graalvm17-ce-22.3.0/lib/libzip.so
7f73e0c16000-7f73e0c17000 r--p 00007000 00:1337 4611686019135192580      /nix/store/gpxl5qgg8kicmcvivwmybwjlpf7wh20l-graalvm17-ce-22.3.0/lib/libzip.so
7f73e0c17000-7f73e0c18000 rw-p 00008000 00:1337 4611686019135192580      /nix/store/gpxl5qgg8kicmcvivwmybwjlpf7wh20l-graalvm17-ce-22.3.0/lib/libzip.so
7f73e0c18000-7f73e0c1a000 rw-p 0000b000 00:1337 4611686019135192580      /nix/store/gpxl5qgg8kicmcvivwmybwjlpf7wh20l-graalvm17-ce-22.3.0/lib/libzip.so
7f73e0c1a000-7f73e0c2d000 r-xp 00000000 00:1337 4611686019135192571      /nix/store/gpxl5qgg8kicmcvivwmybwjlpf7wh20l-graalvm17-ce-22.3.0/lib/libnio.so
7f73e0c2d000-7f73e0c2e000 r--p 00012000 00:1337 4611686019135192571      /nix/store/gpxl5qgg8kicmcvivwmybwjlpf7wh20l-graalvm17-ce-22.3.0/lib/libnio.so
7f73e0c2e000-7f73e0c2f000 rw-p 00013000 00:1337 4611686019135192571      /nix/store/gpxl5qgg8kicmcvivwmybwjlpf7wh20l-graalvm17-ce-22.3.0/lib/libnio.so
7f73e0c2f000-7f73e0c34000 rw-p 00019000 00:1337 4611686019135192571      /nix/store/gpxl5qgg8kicmcvivwmybwjlpf7wh20l-graalvm17-ce-22.3.0/lib/libnio.so
7f73e0c34000-7f73e0d02000 r-xp 00000000 00:1337 4611686019135190036      /nix/store/gpxl5qgg8kicmcvivwmybwjlpf7wh20l-graalvm17-ce-22.3.0/lib/libjsvml.so
7f73e0d02000-7f73e0d03000 r--p 000cd000 00:1337 4611686019135190036      /nix/store/gpxl5qgg8kicmcvivwmybwjlpf7wh20l-graalvm17-ce-22.3.0/lib/libjsvml.so
7f73e0d03000-7f73e0d04000 rw-p 000ce000 00:1337 4611686019135190036      /nix/store/gpxl5qgg8kicmcvivwmybwjlpf7wh20l-graalvm17-ce-22.3.0/lib/libjsvml.so
7f73e0d04000-7f73e25dc000 rw-p 00000000 00:00 0 
7f73e25dc000-7f73e25dd000 ---p 00000000 00:00 0 
7f73e25dd000-7f73e2788000 rw-p 00000000 00:00 0 
7f73e2788000-7f73e27ae000 rw-p 00000000 00:00 0 
7f73e27ae000-7f73e27de000 ---p 00000000 00:00 0 
7f73e27de000-7f73e27e7000 rw-p 00000000 00:00 0 
7f73e27e7000-7f73e28ca000 ---p 00000000 00:00 0 
7f73e28ca000-7f73e28f7000 rw-p 00000000 00:00 0 
7f73e28f7000-7f73e29b5000 ---p 00000000 00:00 0 
7f73e29b5000-7f73e29ba000 rw-p 00000000 00:00 0 
7f73e29ba000-7f73e29c1000 ---p 00000000 00:00 0 
7f73e29c1000-7f73e29e5000 r-xp 00000000 00:1337 4611686019135190028      /nix/store/gpxl5qgg8kicmcvivwmybwjlpf7wh20l-graalvm17-ce-22.3.0/lib/libjava.so
7f73e29e5000-7f73e29e6000 ---p 00024000 00:1337 4611686019135190028      /nix/store/gpxl5qgg8kicmcvivwmybwjlpf7wh20l-graalvm17-ce-22.3.0/lib/libjava.so
7f73e29e6000-7f73e29e7000 r--p 00024000 00:1337 4611686019135190028      /nix/store/gpxl5qgg8kicmcvivwmybwjlpf7wh20l-graalvm17-ce-22.3.0/lib/libjava.so
7f73e29e7000-7f73e29e8000 rw-p 00025000 00:1337 4611686019135190028      /nix/store/gpxl5qgg8kicmcvivwmybwjlpf7wh20l-graalvm17-ce-22.3.0/lib/libjava.so
7f73e29e8000-7f73e29e9000 rw-p 00000000 00:00 0 
7f73e29e9000-7f73e29f0000 rw-p 0002f000 00:1337 4611686019135190028      /nix/store/gpxl5qgg8kicmcvivwmybwjlpf7wh20l-graalvm17-ce-22.3.0/lib/libjava.so
7f73e29f0000-7f73e29f8000 rw-s 00000000 00:1262 353                      /tmp/hsperfdata_runner/29
7f73e29f8000-7f73e29f9000 ---p 00000000 00:00 0 
7f73e29f9000-7f73e29fa000 r--p 00000000 00:00 0 
7f73e29fa000-7f73e29fb000 rwxp 00000000 00:00 0 
7f73e29fb000-7f73e2a16000 r-xp 00000000 00:1337 4611686019135190032      /nix/store/gpxl5qgg8kicmcvivwmybwjlpf7wh20l-graalvm17-ce-22.3.0/lib/libjimage.so
7f73e2a16000-7f73e2a17000 ---p 0001b000 00:1337 4611686019135190032      /nix/store/gpxl5qgg8kicmcvivwmybwjlpf7wh20l-graalvm17-ce-22.3.0/lib/libjimage.so
7f73e2a17000-7f73e2a19000 r--p 0001b000 00:1337 4611686019135190032      /nix/store/gpxl5qgg8kicmcvivwmybwjlpf7wh20l-graalvm17-ce-22.3.0/lib/libjimage.so
7f73e2a19000-7f73e2a1a000 rw-p 0001d000 00:1337 4611686019135190032      /nix/store/gpxl5qgg8kicmcvivwmybwjlpf7wh20l-graalvm17-ce-22.3.0/lib/libjimage.so
7f73e2a1a000-7f73e2a1b000 rw-p 00024000 00:1337 4611686019135190032      /nix/store/gpxl5qgg8kicmcvivwmybwjlpf7wh20l-graalvm17-ce-22.3.0/lib/libjimage.so
7f73e2a1b000-7f73e2a1f000 ---p 00000000 00:00 0 
7f73e2a1f000-7f73e2b1b000 rw-p 00000000 00:00 0 
7f73e2b1b000-7f73e2b29000 r--p 00000000 00:1337 4611686019027979927      /nix/store/4nlgxhb09sdr51nc9hdm8az5b08vzkgx-glibc-2.35-163/lib/libm.so.6
7f73e2b29000-7f73e2b9c000 r-xp 0000e000 00:1337 4611686019027979927      /nix/store/4nlgxhb09sdr51nc9hdm8az5b08vzkgx-glibc-2.35-163/lib/libm.so.6
7f73e2b9c000-7f73e2bf9000 r--p 00081000 00:1337 4611686019027979927      /nix/store/4nlgxhb09sdr51nc9hdm8az5b08vzkgx-glibc-2.35-163/lib/libm.so.6
7f73e2bf9000-7f73e2bfa000 r--p 000dd000 00:1337 4611686019027979927      /nix/store/4nlgxhb09sdr51nc9hdm8az5b08vzkgx-glibc-2.35-163/lib/libm.so.6
7f73e2bfa000-7f73e2bfb000 rw-p 000de000 00:1337 4611686019027979927      /nix/store/4nlgxhb09sdr51nc9hdm8az5b08vzkgx-glibc-2.35-163/lib/libm.so.6
7f73e2bfb000-7f73e2bfc000 r--p 00000000 00:1337 4611686019027979946      /nix/store/4nlgxhb09sdr51nc9hdm8az5b08vzkgx-glibc-2.35-163/lib/librt.so.1
7f73e2bfc000-7f73e2bfd000 r-xp 00001000 00:1337 4611686019027979946      /nix/store/4nlgxhb09sdr51nc9hdm8az5b08vzkgx-glibc-2.35-163/lib/librt.so.1
7f73e2bfd000-7f73e2bfe000 r--p 00002000 00:1337 4611686019027979946      /nix/store/4nlgxhb09sdr51nc9hdm8az5b08vzkgx-glibc-2.35-163/lib/librt.so.1
7f73e2bfe000-7f73e2bff000 r--p 00002000 00:1337 4611686019027979946      /nix/store/4nlgxhb09sdr51nc9hdm8az5b08vzkgx-glibc-2.35-163/lib/librt.so.1
7f73e2bff000-7f73e2c00000 rw-p 00003000 00:1337 4611686019027979946      /nix/store/4nlgxhb09sdr51nc9hdm8az5b08vzkgx-glibc-2.35-163/lib/librt.so.1
7f73e2c00000-7f73e3d13000 r-xp 00000000 00:1337 4611686019135360866      /nix/store/gpxl5qgg8kicmcvivwmybwjlpf7wh20l-graalvm17-ce-22.3.0/lib/server/libjvm.so
7f73e3d13000-7f73e3d14000 ---p 01113000 00:1337 4611686019135360866      /nix/store/gpxl5qgg8kicmcvivwmybwjlpf7wh20l-graalvm17-ce-22.3.0/lib/server/libjvm.so
7f73e3d14000-7f73e3dc9000 r--p 01113000 00:1337 4611686019135360866      /nix/store/gpxl5qgg8kicmcvivwmybwjlpf7wh20l-graalvm17-ce-22.3.0/lib/server/libjvm.so
7f73e3dc9000-7f73e3dfd000 rw-p 011c8000 00:1337 4611686019135360866      /nix/store/gpxl5qgg8kicmcvivwmybwjlpf7wh20l-graalvm17-ce-22.3.0/lib/server/libjvm.so
7f73e3dfd000-7f73e3e59000 rw-p 00000000 00:00 0 
7f73e3e59000-7f73e3e81000 r--p 00000000 00:1337 4611686019027979918      /nix/store/4nlgxhb09sdr51nc9hdm8az5b08vzkgx-glibc-2.35-163/lib/libc.so.6
7f73e3e81000-7f73e3ff7000 r-xp 00028000 00:1337 4611686019027979918      /nix/store/4nlgxhb09sdr51nc9hdm8az5b08vzkgx-glibc-2.35-163/lib/libc.so.6
7f73e3ff7000-7f73e404f000 r--p 0019e000 00:1337 4611686019027979918      /nix/store/4nlgxhb09sdr51nc9hdm8az5b08vzkgx-glibc-2.35-163/lib/libc.so.6
7f73e404f000-7f73e4053000 r--p 001f6000 00:1337 4611686019027979918      /nix/store/4nlgxhb09sdr51nc9hdm8az5b08vzkgx-glibc-2.35-163/lib/libc.so.6
7f73e4053000-7f73e4055000 rw-p 001fa000 00:1337 4611686019027979918      /nix/store/4nlgxhb09sdr51nc9hdm8az5b08vzkgx-glibc-2.35-163/lib/libc.so.6
7f73e4055000-7f73e4064000 rw-p 00000000 00:00 0 
7f73e4064000-7f73e4065000 r--p 00000000 00:1337 4611686019027979923      /nix/store/4nlgxhb09sdr51nc9hdm8az5b08vzkgx-glibc-2.35-163/lib/libdl.so.2
7f73e4065000-7f73e4066000 r-xp 00001000 00:1337 4611686019027979923      /nix/store/4nlgxhb09sdr51nc9hdm8az5b08vzkgx-glibc-2.35-163/lib/libdl.so.2
7f73e4066000-7f73e4067000 r--p 00002000 00:1337 4611686019027979923      /nix/store/4nlgxhb09sdr51nc9hdm8az5b08vzkgx-glibc-2.35-163/lib/libdl.so.2
7f73e4067000-7f73e4068000 r--p 00002000 00:1337 4611686019027979923      /nix/store/4nlgxhb09sdr51nc9hdm8az5b08vzkgx-glibc-2.35-163/lib/libdl.so.2
7f73e4068000-7f73e4069000 rw-p 00003000 00:1337 4611686019027979923      /nix/store/4nlgxhb09sdr51nc9hdm8az5b08vzkgx-glibc-2.35-163/lib/libdl.so.2
7f73e4069000-7f73e406a000 r--p 00000000 00:1337 4611686019027979942      /nix/store/4nlgxhb09sdr51nc9hdm8az5b08vzkgx-glibc-2.35-163/lib/libpthread.so.0
7f73e406a000-7f73e406b000 r-xp 00001000 00:1337 4611686019027979942      /nix/store/4nlgxhb09sdr51nc9hdm8az5b08vzkgx-glibc-2.35-163/lib/libpthread.so.0
7f73e406b000-7f73e406c000 r--p 00002000 00:1337 4611686019027979942      /nix/store/4nlgxhb09sdr51nc9hdm8az5b08vzkgx-glibc-2.35-163/lib/libpthread.so.0
7f73e406c000-7f73e406d000 r--p 00002000 00:1337 4611686019027979942      /nix/store/4nlgxhb09sdr51nc9hdm8az5b08vzkgx-glibc-2.35-163/lib/libpthread.so.0
7f73e406d000-7f73e406e000 rw-p 00003000 00:1337 4611686019027979942      /nix/store/4nlgxhb09sdr51nc9hdm8az5b08vzkgx-glibc-2.35-163/lib/libpthread.so.0
7f73e406e000-7f73e407c000 r-xp 00000000 00:1337 4611686019135190033      /nix/store/gpxl5qgg8kicmcvivwmybwjlpf7wh20l-graalvm17-ce-22.3.0/lib/libjli.so
7f73e407c000-7f73e407d000 ---p 0000e000 00:1337 4611686019135190033      /nix/store/gpxl5qgg8kicmcvivwmybwjlpf7wh20l-graalvm17-ce-22.3.0/lib/libjli.so
7f73e407d000-7f73e407e000 r--p 0000e000 00:1337 4611686019135190033      /nix/store/gpxl5qgg8kicmcvivwmybwjlpf7wh20l-graalvm17-ce-22.3.0/lib/libjli.so
7f73e407e000-7f73e407f000 rw-p 0000f000 00:1337 4611686019135190033      /nix/store/gpxl5qgg8kicmcvivwmybwjlpf7wh20l-graalvm17-ce-22.3.0/lib/libjli.so
7f73e407f000-7f73e4080000 rw-p 00012000 00:1337 4611686019135190033      /nix/store/gpxl5qgg8kicmcvivwmybwjlpf7wh20l-graalvm17-ce-22.3.0/lib/libjli.so
7f73e4080000-7f73e4083000 r--p 00000000 00:1337 4611686019106210071      /nix/store/026hln0aq1hyshaxsdvhg0kmcm6yf45r-zlib-1.2.13/lib/libz.so.1.2.13
7f73e4083000-7f73e4095000 r-xp 00003000 00:1337 4611686019106210071      /nix/store/026hln0aq1hyshaxsdvhg0kmcm6yf45r-zlib-1.2.13/lib/libz.so.1.2.13
7f73e4095000-7f73e409c000 r--p 00015000 00:1337 4611686019106210071      /nix/store/026hln0aq1hyshaxsdvhg0kmcm6yf45r-zlib-1.2.13/lib/libz.so.1.2.13
7f73e409c000-7f73e409d000 r--p 0001b000 00:1337 4611686019106210071      /nix/store/026hln0aq1hyshaxsdvhg0kmcm6yf45r-zlib-1.2.13/lib/libz.so.1.2.13
7f73e409d000-7f73e409e000 rw-p 0001c000 00:1337 4611686019106210071      /nix/store/026hln0aq1hyshaxsdvhg0kmcm6yf45r-zlib-1.2.13/lib/libz.so.1.2.13
7f73e409e000-7f73e40a0000 rw-p 00000000 00:00 0 
7f73e40a0000-7f73e40a2000 r--p 00000000 00:1337 4611686019027979912      /nix/store/4nlgxhb09sdr51nc9hdm8az5b08vzkgx-glibc-2.35-163/lib/ld-linux-x86-64.so.2
7f73e40a2000-7f73e40c9000 r-xp 00002000 00:1337 4611686019027979912      /nix/store/4nlgxhb09sdr51nc9hdm8az5b08vzkgx-glibc-2.35-163/lib/ld-linux-x86-64.so.2
7f73e40c9000-7f73e40d5000 r--p 00029000 00:1337 4611686019027979912      /nix/store/4nlgxhb09sdr51nc9hdm8az5b08vzkgx-glibc-2.35-163/lib/ld-linux-x86-64.so.2
7f73e40d5000-7f73e40d7000 r--p 00034000 00:1337 4611686019027979912      /nix/store/4nlgxhb09sdr51nc9hdm8az5b08vzkgx-glibc-2.35-163/lib/ld-linux-x86-64.so.2
7f73e40d7000-7f73e40d9000 rw-p 00036000 00:1337 4611686019027979912      /nix/store/4nlgxhb09sdr51nc9hdm8az5b08vzkgx-glibc-2.35-163/lib/ld-linux-x86-64.so.2
7fffd6c42000-7fffd6c67000 rw-p 00000000 00:00 0                          [stack]
7fffd6cd1000-7fffd6cd5000 r--p 00000000 00:00 0                          [vvar]
7fffd6cd5000-7fffd6cd7000 r-xp 00000000 00:00 0                          [vdso]
ffffffffff600000-ffffffffff601000 --xp 00000000 00:00 0                  [vsyscall]


VM Arguments:
jvm_args: -XX:ThreadPriorityPolicy=1 -XX:+UnlockExperimentalVMOptions -XX:+EnableJVMCIProduct -XX:JVMCIThreadsPerNativeLibraryRuntime=1 -XX:-UnlockExperimentalVMOptions -Declipse.application=org.eclipse.jdt.ls.core.id1 -Dosgi.bundles.defaultStartLevel=4 -Declipse.product=org.eclipse.jdt.ls.core.product -Dlog.level=ALL -Xverify:none -XX:+UseParallelGC -XX:GCTimeRatio=4 -XX:AdaptiveSizePolicyWeight=90 -Dsun.zip.disableMemoryMapping=true -Xmx512m -Xms100m 
java_command: /nix/store/m6gcpi1ii6rghy04cjwjddcavv7i90df-jdt-language-server-1.9.0/share/java/plugins/org.eclipse.equinox.launcher_1.6.400.v20210924-0641.jar --add-modules=ALL-SYSTEM --add-opens java.base/java.util=ALL-UNNAMED --add-opens java.base/java.lang=ALL-UNNAMED -configuration /home/runner/.cache/jdt-language-server/config -data /home/runner/.cache/jdt-language-server/data/home/runner/VirtualLibrary
java_class_path (initial): /nix/store/m6gcpi1ii6rghy04cjwjddcavv7i90df-jdt-language-server-1.9.0/share/java/plugins/org.eclipse.equinox.launcher_1.6.400.v20210924-0641.jar
Launcher Type: SUN_STANDARD

[Global flags]
    uintx AdaptiveSizePolicyWeight                 = 90                                        {product} {command line}
     intx CICompilerCount                          = 2                                         {product} {ergonomic}
     bool EnableJVMCIProduct                       = true                                {JVMCI product} {jimage}
    uintx GCTimeRatio                              = 4                                         {product} {command line}
   size_t InitialHeapSize                          = 104857600                                 {product} {command line}
     uint JVMCIThreadsPerNativeLibraryRuntime      = 1                                   {JVMCI product} {jimage}
   size_t MaxHeapSize                              = 536870912                                 {product} {command line}
   size_t MaxNewSize                               = 178782208                                 {product} {ergonomic}
   size_t MinHeapDeltaBytes                        = 524288                                    {product} {ergonomic}
   size_t MinHeapSize                              = 104857600                                 {product} {command line}
   size_t NewSize                                  = 34603008                                  {product} {ergonomic}
    uintx NonNMethodCodeHeapSize                   = 5826188                                {pd product} {ergonomic}
    uintx NonProfiledCodeHeapSize                  = 122916026                              {pd product} {ergonomic}
   size_t OldSize                                  = 70254592                                  {product} {ergonomic}
    uintx ProfiledCodeHeapSize                     = 122916026                              {pd product} {ergonomic}
    uintx ReservedCodeCacheSize                    = 251658240                              {pd product} {ergonomic}
     bool SegmentedCodeCache                       = true                                      {product} {ergonomic}
   size_t SoftMaxHeapSize                          = 536870912                              {manageable} {ergonomic}
     intx ThreadPriorityPolicy                     = 1                                         {product} {jimage}
     bool UseCompressedClassPointers               = true                           {product lp64_product} {ergonomic}
     bool UseCompressedOops                        = true                           {product lp64_product} {ergonomic}
     bool UseParallelGC                            = true                                      {product} {command line}

Logging:
Log output configuration:
 #0: stdout all=warning uptime,level,tags
 #1: stderr all=off uptime,level,tags

Environment Variables:
JAVA_HOME=/nix/store/gpxl5qgg8kicmcvivwmybwjlpf7wh20l-graalvm17-ce-22.3.0
PATH=/nix/store/1d6ian3r8kdzspw8hacjhl3xkp40g1lj-binutils-wrapper-2.39/bin:/nix/store/dq0xwmsk1g0i2ayg6pb7y87na2knzylh-gcc-wrapper-11.3.0/bin:/nix/store/bap4d0lpcrhpwmpb8ayjcgkmvfj62lnq-bash-interactive-5.1-p16/bin:/nix/store/pr5n59mb4jzmfx6kanwxly0l07p861fg-patchelf-0.15.0/bin:/nix/store/1gf2flfqnpqbr1b4p4qz2f72y42bs56r-gcc-11.3.0/bin:/nix/store/57xv61c5zi8pphjbcwxxjlgc34p61ic9-glibc-2.35-163-bin/bin:/nix/store/a7gvj343m05j2s32xcnwr35v31ynlypr-coreutils-9.1/bin:/nix/store/039g378vc3pc3dvi9dzdlrd0i4q93qwf-binutils-2.39/bin:/nix/store/gpxl5qgg8kicmcvivwmybwjlpf7wh20l-graalvm17-ce-22.3.0/bin:/nix/store/6z9ag3ihc8mq2hzsw48lhbznvzny65nz-apache-maven-3.8.6/bin:/nix/store/m6gcpi1ii6rghy04cjwjddcavv7i90df-jdt-language-server-1.9.0/bin:/nix/store/84xs5alhs01zrbr4ywm05kxbjbp5590l-java-debug/bin:/nix/store/mydc6f4k2z73xlcz7ilif3v2lcaiqvza-findutils-4.9.0/bin:/nix/store/j9p3g8472iijd50vhdprx0nmk2fqn5gv-diffutils-3.8/bin:/nix/store/89zs7rms6x00xfq4dq6m7mjnhkr8a6r4-gnused-4.8/bin:/nix/store/86bp03jkmsl6f92w0yzg4s59g5mhxwmy-gnugrep-3.7/bin:/nix/store/hwcdqw4jrjnd37wxqgsd47hd0j8bnj09-gawk-5.1.1/bin:/nix/store/cfbhw8r8ags41vwqaz47r583d0p4h4a1-gnutar-1.34/bin:/nix/store/p3m1ndl1lapwrlh698bnb5lvvxh67378-gzip-1.12/bin:/nix/store/a8mhcagrsly7c7mpjrpsnaahk4aax056-bzip2-1.0.8-bin/bin:/nix/store/mblgz65m3zv9x548a3d5m96fj2pbwr09-gnumake-4.3/bin:/nix/store/dsd5gz46hdbdk2rfdimqddhq6m8m8fqs-bash-5.1-p16/bin:/nix/store/v7ljksji50mg3w61dykaa3n3y79n6nil-patch-2.7.6/bin:/nix/store/zlcnmqq14jz5x9439jf937mvayyl63da-xz-5.2.7-bin/bin:/nix/store/y6aj732zm9m87c82fpvf103a1xb22blp-file-5.43/bin:/nix/store/i4kzir3m7mrisxmf5xvlnkw01x4qaqr4-prybar-elisp-0.0.0-e0d9a52/bin:/nix/store/lwwivxf6h7x3cvxp9zv8sj0mv7dak99r-prybar-lua-0.0.0-e0d9a52/bin:/nix/store/gxj28g1cg4hq3qanmjv07156h800qr58-prybar-python3-0.0.0-e0d9a52/bin:/nix/store/hshkjnxrgidigf8x75vg6lqng2xlx9i3-prybar-sqlite-0.0.0-e0d9a52/bin:/nix/store/c4w01bpjgyy5ixmwdk8m1pw87zq4sl26-prybar-tcl-0.0.0-e0d9a52/bin:/nix/store/hpbvrlwd5viqmvcaisb3x0118i913a9n-st
LD_LIBRARY_PATH=/nix/store/a4pff549sk2idnkpzk5nsfps3mdkdnvm-cups-2.4.2-lib/lib:/nix/store/72mqxxhh3cy5yifh92wh2yb8cl2hikyy-cairo-1.16.0/lib:/nix/store/2k366jrbsra97gjfxwvrhvixjfxdach5-glib-2.74.1/lib:/nix/store/2j2znigd8ak37rlwh9khz0ry3clqlw1l-gtk+3-3.24.34/lib:/nix/store/hisqvx32cd57apbpcsnkpx6k3549wql1-libglvnd-1.4.0/lib:/nix/store/p36pgcv991mq5srvg765b78yqpxvk3qs-mesa-21.3.3-drivers/lib:/nix/store/mav4251if1ahjq5vkpwycyyvnmy459c4-pulseaudio-14.2/lib
DISPLAY=:0
LANG=en_US.UTF-8

Signal Handlers:
   SIGSEGV: crash_handler in libjvm.so, mask=11100100010111111101111111111110, flags=SA_RESTART|SA_SIGINFO
    SIGBUS: crash_handler in libjvm.so, mask=11100100010111111101111111111110, flags=SA_RESTART|SA_SIGINFO
    SIGFPE: crash_handler in libjvm.so, mask=11100100010111111101111111111110, flags=SA_RESTART|SA_SIGINFO
   SIGPIPE: IsolateEnterStub_IgnoreSIGPIPEStartupHook_noopSignalHandler_8f19bff2f35b5f630d83b364d6b2339320d4ec70_216e8361c6bc87a8f89f58cc10d3b2fd4415bf87 in libjvmcicompiler.so, mask=00000000000000000000000000000000, flags=SA_RESTART
  *** Handler was modified!
  *** Expected: javaSignalHandler in libjvm.so, mask=11100100110111111111111111111110, flags=SA_RESTART|SA_SIGINFO
   SIGXFSZ: javaSignalHandler in libjvm.so, mask=11100100010111111101111111111110, flags=SA_RESTART|SA_SIGINFO
    SIGILL: crash_handler in libjvm.so, mask=11100100010111111101111111111110, flags=SA_RESTART|SA_SIGINFO
   SIGUSR2: SR_handler in libjvm.so, mask=00000000000000000000000000000000, flags=SA_RESTART|SA_SIGINFO
    SIGHUP: UserHandler in libjvm.so, mask=11100100010111111101111111111110, flags=SA_RESTART|SA_SIGINFO
    SIGINT: UserHandler in libjvm.so, mask=11100100010111111101111111111110, flags=SA_RESTART|SA_SIGINFO
   SIGTERM: UserHandler in libjvm.so, mask=11100100010111111101111111111110, flags=SA_RESTART|SA_SIGINFO
   SIGQUIT: UserHandler in libjvm.so, mask=11100100010111111101111111111110, flags=SA_RESTART|SA_SIGINFO
  *** Handler was modified!
  *** Expected: javaSignalHandler in libjvm.so, mask=11100100110111111111111111111110, flags=SA_RESTART|SA_SIGINFO
   SIGTRAP: crash_handler in libjvm.so, mask=11100100010111111101111111111110, flags=SA_RESTART|SA_SIGINFO


---------------  S Y S T E M  ---------------

OS:
DISTRIB_ID=Ubuntu
DISTRIB_RELEASE=20.04
DISTRIB_CODENAME=focal
DISTRIB_DESCRIPTION="Ubuntu 20.04.2 LTS"
uname: Linux 5.19.0-1022-gcp #24~22.04.1-Ubuntu SMP Sun Apr 23 09:51:08 UTC 2023 x86_64
OS uptime: 0 days 2:58 hours
libc: glibc 2.35 NPTL 2.35 
rlimit (soft/hard): STACK 8192k/infinity , CORE infinity/infinity , NPROC infinity/infinity , NOFILE 5242/5242 , AS infinity/infinity , CPU infinity/infinity , DATA infinity/infinity , FSIZE infinity/infinity , MEMLOCK 8192k/8192k
load average: 6.28 10.45 12.46

/proc/meminfo:
MemTotal:       65852256 kB
MemFree:        32920720 kB
MemAvailable:   52806440 kB
Buffers:         2079096 kB
Cached:         16937820 kB
SwapCached:            0 kB
Active:          8561956 kB
Inactive:       20926108 kB
Active(anon):      13968 kB
Inactive(anon): 10330312 kB
Active(file):    8547988 kB
Inactive(file): 10595796 kB
Unevictable:       55488 kB
Mlocked:           55488 kB
SwapTotal:             0 kB
SwapFree:              0 kB
Zswap:                 0 kB
Zswapped:              0 kB
Dirty:              1364 kB
Writeback:           424 kB
AnonPages:      10080440 kB
Mapped:          1607748 kB
Shmem:             27128 kB
KReclaimable:    1468536 kB
Slab:            2481496 kB
SReclaimable:    1468536 kB
SUnreclaim:      1012960 kB
KernelStack:      397504 kB
PageTables:       125284 kB
NFS_Unstable:          0 kB
Bounce:                0 kB
WritebackTmp:          0 kB
CommitLimit:    32926128 kB
Committed_AS:   48446668 kB
VmallocTotal:   34359738367 kB
VmallocUsed:      434892 kB
VmallocChunk:          0 kB
Percpu:            49088 kB
HardwareCorrupted:     0 kB
AnonHugePages:   2353152 kB
ShmemHugePages:        0 kB
ShmemPmdMapped:        0 kB
FileHugePages:         0 kB
FilePmdMapped:         0 kB
HugePages_Total:       0
HugePages_Free:        0
HugePages_Rsvd:        0
HugePages_Surp:        0
Hugepagesize:       2048 kB
Hugetlb:               0 kB
DirectMap4k:     3343160 kB
DirectMap2M:    41742336 kB
DirectMap1G:    24117248 kB

/sys/kernel/mm/transparent_hugepage/enabled: always [madvise] never
/sys/kernel/mm/transparent_hugepage/defrag (defrag/compaction efforts parameter): always defer defer+madvise [madvise] never

Process Memory:
Virtual Size: 5330012K (peak: 5377856K)
Resident Set Size: 797444K (peak: 831428K) (anon: 600188K, file: 197256K, shmem: 0K)
Swapped out: 0K
C-Heap outstanding allocations: 46254K, retained: 17945K
glibc malloc tunables: (default)

/proc/sys/kernel/threads-max (system-wide limit on the number of threads): 514406
/proc/sys/vm/max_map_count (maximum number of memory map areas a process may have): 65530
/proc/sys/kernel/pid_max (system-wide limit on number of process identifiers): 4194304

container (cgroup) information:
container_type: cgroupv1
cpu_cpuset_cpus: 2-7
cpu_memory_nodes: 0
active_processor_count: 1
cpu_quota: 50000
cpu_period: 100000
cpu_shares: 512
memory_limit_in_bytes: 1048576 k
memory_and_swap_limit_in_bytes: 1048576 k
memory_soft_limit_in_bytes: 524288 k
memory_usage_in_bytes: 661476 k
memory_max_usage_in_bytes: 761664 k
maximum number of tasks: 1000
current number of tasks: 47

KVM virtualization detected
Steal ticks since vm start: 0
Steal ticks percentage since vm start:  0.000

CPU: total 8 (initial active 1) (8 cores per cpu, 2 threads per core) family 23 model 49 stepping 0 microcode 0xffffffff, cx8, cmov, fxsr, ht, mmx, 3dnowpref, sse, sse2, sse3, ssse3, sse4a, sse4.1, sse4.2, popcnt, lzcnt, tsc, tscinvbit, avx, avx2, aes, clmul, bmi1, bmi2, adx, sha, fma, vzeroupper, clflush, clflushopt, hv
CPU Model and flags from /proc/cpuinfo:
model name	: AMD EPYC 7B12
flags		: fpu vme de pse tsc msr pae mce cx8 apic sep mtrr pge mca cmov pat pse36 clflush mmx fxsr sse sse2 ht syscall nx mmxext fxsr_opt pdpe1gb rdtscp lm constant_tsc rep_good nopl nonstop_tsc cpuid extd_apicid tsc_known_freq pni pclmulqdq ssse3 fma cx16 sse4_1 sse4_2 movbe popcnt aes xsave avx f16c rdrand hypervisor lahf_lm cmp_legacy cr8_legacy abm sse4a misalignsse 3dnowprefetch osvw topoext ssbd ibrs ibpb stibp vmmcall fsgsbase tsc_adjust bmi1 avx2 smep bmi2 rdseed adx smap clflushopt clwb sha_ni xsaveopt xsavec xgetbv1 clzero xsaveerptr arat npt nrip_save umip rdpid

Online cpus: 0-7
Offline cpus: 
BIOS frequency limitation: <Not Available>
Frequency switch latency (ns): <Not Available>
Available cpu frequencies: <Not Available>
Current governor: <Not Available>
Core performance/turbo boost: <Not Available>

Memory: 4k page, physical 1048576k(387092k free), swap 0k(0k free)
Page Sizes: 4k

vm_info: OpenJDK 64-Bit Server VM (17.0.5+8-jvmci-22.3-b08) for linux-amd64 JRE (17.0.5+8-jvmci-22.3-b08), built on Oct 19 2022 09:01:27 by "buildslave" with gcc 10.3.0

END.
